<?xml version="1.0" encoding="utf-8"?>
<TestRun id="dd51ab2f-4505-431d-9d5d-06b447a91109" name="Micha@MICH_S_YOGA 2026-08-13 06:29:57" runUser="MICH_S_YOGA\Micha" xmlns="http://microsoft.com/schemas/VisualStudio/TeamTest/2010">
  <Times creation="2026-08-13T06:29:57.4862825+09:00" queuing="2026-08-13T06:29:57.4862830+09:00" start="2026-08-13T06:29:54.5120779+09:00" finish="2026-08-13T06:29:57.5012677+09:00" />
  <TestSettings name="default" id="78ea1e6a-6f54-4c56-886b-9215c05a7562">
    <Deployment runDeploymentRoot="Micha_MICH_S_YOGA_2026-08-13_06_29_57" />
  </TestSettings>
  <Results>
    <UnitTestResult executionId="8bbb1b7f-7990-4c56-8c27-0651ecfb0dc3" testId="d61dfc2a-9c7f-bf22-3b37-0a1c66b476f8" testName="CcpClient.Tests.Sp062Cp2ReplicaPinTests.ReplicaPin_Checkpoint2_SkipReportsSkippedWithLeakReason" computerName="MICH_S_YOGA" duration="00:00:00.0010000" startTime="2026-08-13T06:29:57.2110184+09:00" endTime="2026-08-13T06:29:57.2846487+09:00" testType="13cdc9d9-ddb5-4fa4-a97d-d965ccfc6d4b" outcome="NotExecuted" testListId="8c84fa94-04c1-424b-9868-57a2d4851a1d" relativeResultsDirectory="8bbb1b7f-7990-4c56-8c27-0651ecfb0dc3">
      <Output>
        <ErrorInfo>
          <Message>CCP_DATA_ROOT became non-null between the guard and the read (leak class: cross-collection process-env leak, the SP-057 flake class) — the pin only binds with the override unset at BOTH checkpoints</Message>
        </ErrorInfo>
      </Output>
    </UnitTestResult>
    <UnitTestResult executionId="f555933d-7a79-41c6-b528-3a0d62e5e099" testId="6d271963-74a0-0e16-c380-57e0b04322e2" testName="CcpClient.Tests.Sp062Cp2ReplicaMutatorTests.ReplicaMutator_SetsOverrideInsideTheCheckpointWindow" computerName="MICH_S_YOGA" duration="00:00:00.0683660" startTime="2026-08-13T06:29:57.2110185+09:00" endTime="2026-08-13T06:29:57.2918818+09:00" testType="13cdc9d9-ddb5-4fa4-a97d-d965ccfc6d4b" outcome="Passed" testListId="8c84fa94-04c1-424b-9868-57a2d4851a1d" relativeResultsDirectory="f555933d-7a79-41c6-b528-3a0d62e5e099" />
  </Results>
  <TestDefinitions>
    <UnitTest name="CcpClient.Tests.Sp062Cp2ReplicaPinTests.ReplicaPin_Checkpoint2_SkipReportsSkippedWithLeakReason" storage="c:\code\conditioning-control-panel---csharp-wpf\.worktrees\spine-20260812t203752\lane-1\client\tests\ccpclient.tests\bin\debug\net10.0\ccpclient.tests.dll" id="d61dfc2a-9c7f-bf22-3b37-0a1c66b476f8">
      <Execution id="8bbb1b7f-7990-4c56-8c27-0651ecfb0dc3" />
      <TestMethod codeBase="C:\Code\Conditioning-Control-Panel---CSharp-WPF\.worktrees\spine-20260812T203752\lane-1\client\tests\CcpClient.Tests\bin\Debug\net10.0\CcpClient.Tests.dll" adapterTypeName="executor://xunit/VsTestRunner3/netcore/" className="CcpClient.Tests.Sp062Cp2ReplicaPinTests" name="ReplicaPin_Checkpoint2_SkipReportsSkippedWithLeakReason" />
    </UnitTest>
    <UnitTest name="CcpClient.Tests.Sp062Cp2ReplicaMutatorTests.ReplicaMutator_SetsOverrideInsideTheCheckpointWindow" storage="c:\code\conditioning-control-panel---csharp-wpf\.worktrees\spine-20260812t203752\lane-1\client\tests\ccpclient.tests\bin\debug\net10.0\ccpclient.tests.dll" id="6d271963-74a0-0e16-c380-57e0b04322e2">
      <Execution id="f555933d-7a79-41c6-b528-3a0d62e5e099" />
      <TestMethod codeBase="C:\Code\Conditioning-Control-Panel---CSharp-WPF\.worktrees\spine-20260812T203752\lane-1\client\tests\CcpClient.Tests\bin\Debug\net10.0\CcpClient.Tests.dll" adapterTypeName="executor://xunit/VsTestRunner3/netcore/" className="CcpClient.Tests.Sp062Cp2ReplicaMutatorTests" name="ReplicaMutator_SetsOverrideInsideTheCheckpointWindow" />
    </UnitTest>
  </TestDefinitions>
  <TestEntries>
    <TestEntry testId="d61dfc2a-9c7f-bf22-3b37-0a1c66b476f8" executionId="8bbb1b7f-7990-4c56-8c27-0651ecfb0dc3" testListId="8c84fa94-04c1-424b-9868-57a2d4851a1d" />
    <TestEntry testId="6d271963-74a0-0e16-c380-57e0b04322e2" executionId="f555933d-7a79-41c6-b528-3a0d62e5e099" testListId="8c84fa94-04c1-424b-9868-57a2d4851a1d" />
  </TestEntries>
  <TestLists>
    <TestList name="Results Not in a List" id="8c84fa94-04c1-424b-9868-57a2d4851a1d" />
    <TestList name="All Loaded Results" id="19431567-8539-422a-85d7-44ee4e166bda" />
  </TestLists>
  <ResultSummary outcome="Completed">
    <Counters total="2" executed="1" passed="1" failed="0" error="0" timeout="0" aborted="0" inconclusive="0" passedButRunAborted="0" notRunnable="0" notExecuted="0" disconnected="0" warning="0" completed="0" inProgress="0" pending="0" />
    <Output>
      <StdOut>[xUnit.net 00:00:00.00] xUnit.net VSTest Adapter v3.1.5+1b188a7b0a (64-bit .NET 10.0.11)&#xD;
[xUnit.net 00:00:00.60]   Discovering: CcpClient.Tests&#xD;
[xUnit.net 00:00:01.46]   Discovered:  CcpClient.Tests&#xD;
[xUnit.net 00:00:01.81]   Starting:    CcpClient.Tests&#xD;
[xUnit.net 00:00:02.01]       CCP_DATA_ROOT became non-null between the guard and the read (leak class: cross-collection process-env leak, the SP-057 flake class) — the pin only binds with the override unset at BOTH checkpoints&#xD;
[xUnit.net 00:00:02.05]   Finished:    CcpClient.Tests (ID = 'a74675fcfab33c390d211453f8e63a0ec6c7903f28c5f02079fb99007dba5d08')&#xD;
Test 'CcpClient.Tests.Sp062Cp2ReplicaPinTests.ReplicaPin_Checkpoint2_SkipReportsSkippedWithLeakReason' was skipped in the test run.&#xD;
</StdOut>
    </Output>
    <RunInfos>
      <RunInfo computerName="MICH_S_YOGA" outcome="Warning" timestamp="2026-08-13T06:29:57.2894887+09:00">
        <Text>[xUnit.net 00:00:02.01]     CcpClient.Tests.Sp062Cp2ReplicaPinTests.ReplicaPin_Checkpoint2_SkipReportsSkippedWithLeakReason [SKIP]</Text>
      </RunInfo>
    </RunInfos>
  </ResultSummary>
</TestRun>