<?xml version="1.0" encoding="utf-8"?>
<TestRun id="0464c795-bf07-4cc8-a6f1-803a7cfa2865" name="Micha@MICH_S_YOGA 2026-08-13 06:44:01" runUser="MICH_S_YOGA\Micha" xmlns="http://microsoft.com/schemas/VisualStudio/TeamTest/2010">
  <Times creation="2026-08-13T06:44:01.9249970+09:00" queuing="2026-08-13T06:44:01.9249976+09:00" start="2026-08-13T06:43:59.6634211+09:00" finish="2026-08-13T06:44:17.0856314+09:00" />
  <TestSettings name="default" id="62e553c1-b603-472d-a7ae-7732d583ae45">
    <Deployment runDeploymentRoot="Micha_MICH_S_YOGA_2026-08-13_06_44_01" />
  </TestSettings>
  <Results>
    <UnitTestResult executionId="0dfb88cb-2158-4d34-955e-1bf00424ea8e" testId="2d6e7587-f44a-049d-d426-d41d493f6200" testName="CcpClient.HeadlessTests.FeaturePopupHeadlessTests.OneAtATime_CloseExistingBeforeNew" computerName="MICH_S_YOGA" duration="00:00:00.1500651" startTime="2026-08-13T06:44:16.7774657+09:00" endTime="2026-08-13T06:44:16.9276209+09:00" testType="13cdc9d9-ddb5-4fa4-a97d-d965ccfc6d4b" outcome="Passed" testListId="8c84fa94-04c1-424b-9868-57a2d4851a1d" relativeResultsDirectory="0dfb88cb-2158-4d34-955e-1bf00424ea8e" />
    <UnitTestResult executionId="010137d0-0bf0-462b-899a-ed86739baf18" testId="9bf72dd2-8b33-d859-97f9-1c908a0f599f" testName="CcpClient.HeadlessTests.DtrhVideoWindowHeadlessTests.Close_Unsubscribes_NoThrowOnLateFrame" computerName="MICH_S_YOGA" duration="00:00:00.0026779" startTime="2026-08-13T06:44:08.0951034+09:00" endTime="2026-08-13T06:44:08.0979120+09:00" testType="13cdc9d9-ddb5-4fa4-a97d-d965ccfc6d4b" outcome="Passed" testListId="8c84fa94-04c1-424b-9868-57a2d4851a1d" relativeResultsDirectory="010137d0-0bf0-462b-899a-ed86739baf18" />
    <UnitTestResult executionId="91c63e19-c294-44e9-894c-c5fd30d6a836" testId="308a579d-9375-db6f-1404-67c3a1968e33" testName="CcpClient.HeadlessTests.ChaosTunnelWindowHeadlessTests.DeclaredPolicy_MatchesTheLayeringContract" computerName="MICH_S_YOGA" duration="00:00:00.0272323" startTime="2026-08-13T06:44:05.2462066+09:00" endTime="2026-08-13T06:44:05.2735791+09:00" testType="13cdc9d9-ddb5-4fa4-a97d-d965ccfc6d4b" outcome="Passed" testListId="8c84fa94-04c1-424b-9868-57a2d4851a1d" relativeResultsDirectory="91c63e19-c294-44e9-894c-c5fd30d6a836" />
    <UnitTestResult executionId="1f1c8192-8fb8-404c-bd2c-47089674866e" testId="1214411f-fe42-50b5-c40b-103b87443a40" testName="CcpClient.HeadlessTests.DtrhSlotPickerHeadlessTests.RankName_MatchesWpfThresholds" computerName="MICH_S_YOGA" duration="00:00:00.0291019" startTime="2026-08-13T06:44:01.6050162+09:00" endTime="2026-08-13T06:44:01.6501377+09:00" testType="13cdc9d9-ddb5-4fa4-a97d-d965ccfc6d4b" outcome="Passed" testListId="8c84fa94-04c1-424b-9868-57a2d4851a1d" relativeResultsDirectory="1f1c8192-8fb8-404c-bd2c-47089674866e" />
    <UnitTestResult executionId="6eefd182-0c9d-4bca-b3b5-eed9dfb95a6d" testId="63c945a9-570d-23f3-3c83-12996fb1184b" testName="CcpClient.HeadlessTests.AvatarTubeHeadlessTests.PauseButton_FreezesPipeline_ResumeContinuesSuccessor" computerName="MICH_S_YOGA" duration="00:00:01.5950389" startTime="2026-08-13T06:44:06.4944434+09:00" endTime="2026-08-13T06:44:08.0894049+09:00" testType="13cdc9d9-ddb5-4fa4-a97d-d965ccfc6d4b" outcome="Passed" testListId="8c84fa94-04c1-424b-9868-57a2d4851a1d" relativeResultsDirectory="6eefd182-0c9d-4bca-b3b5-eed9dfb95a6d" />
    <UnitTestResult executionId="bff7c7a7-c1ca-477c-a414-d4836fc6e0fa" testId="6b096e8d-2d36-390c-763d-38ca75777864" testName="CcpClient.HeadlessTests.CompanionWindowHeadlessTests.ClearConfirm_ShowsOverlay_EscapeCancels_YesNeverDefaultPosition" computerName="MICH_S_YOGA" duration="00:00:00.1343306" startTime="2026-08-13T06:44:08.6045361+09:00" endTime="2026-08-13T06:44:08.7389664+09:00" testType="13cdc9d9-ddb5-4fa4-a97d-d965ccfc6d4b" outcome="Passed" testListId="8c84fa94-04c1-424b-9868-57a2d4851a1d" relativeResultsDirectory="bff7c7a7-c1ca-477c-a414-d4836fc6e0fa" />
    <UnitTestResult executionId="22e69e2a-1195-4707-aed6-44c5e2474bac" testId="c32dd0ae-490e-4c67-10b0-2c768c8c0d88" testName="CcpClient.HeadlessTests.CompanionWindowHeadlessTests.OpenFromDashboard_OwnedModeless_DashboardStays" computerName="MICH_S_YOGA" duration="00:00:00.1651728" startTime="2026-08-13T06:44:09.2758734+09:00" endTime="2026-08-13T06:44:09.4411356+09:00" testType="13cdc9d9-ddb5-4fa4-a97d-d965ccfc6d4b" outcome="Passed" testListId="8c84fa94-04c1-424b-9868-57a2d4851a1d" relativeResultsDirectory="22e69e2a-1195-4707-aed6-44c5e2474bac" />
    <UnitTestResult executionId="7f1b2c4f-2d49-4950-a96d-60c20af654d1" testId="56cb8fcc-3e7f-7ac2-f0d3-71fa73d020e0" testName="CcpClient.HeadlessTests.AvatarTubeHeadlessTests.AvatarClick_RoutesToClickEmote_DistinctFromSpeech" computerName="MICH_S_YOGA" duration="00:00:04.4883784" startTime="2026-08-13T06:44:12.1725415+09:00" endTime="2026-08-13T06:44:16.6604712+09:00" testType="13cdc9d9-ddb5-4fa4-a97d-d965ccfc6d4b" outcome="Passed" testListId="8c84fa94-04c1-424b-9868-57a2d4851a1d" relativeResultsDirectory="7f1b2c4f-2d49-4950-a96d-60c20af654d1" />
    <UnitTestResult executionId="55b8b11f-de91-4a75-a454-1cd43826e796" testId="b209f7cb-4560-11fa-64a1-95cb0cee5de3" testName="CcpClient.HeadlessTests.FeaturePopupHeadlessTests.Wheel_ReachesFinalControl_OffsetChangesMonotonically" computerName="MICH_S_YOGA" duration="00:00:00.2009678" startTime="2026-08-13T06:44:08.1935181+09:00" endTime="2026-08-13T06:44:08.3945753+09:00" testType="13cdc9d9-ddb5-4fa4-a97d-d965ccfc6d4b" outcome="Passed" testListId="8c84fa94-04c1-424b-9868-57a2d4851a1d" relativeResultsDirectory="55b8b11f-de91-4a75-a454-1cd43826e796" />
    <UnitTestResult executionId="e91b4090-cc97-4bde-9ae8-cb35318bd2c4" testId="cd9fe552-49ba-1d17-ec86-6f7b8c828d72" testName="CcpClient.HeadlessTests.FeaturePopupHeadlessTests.NestedList_ScrollsItself_ThenChainsToPopup" computerName="MICH_S_YOGA" duration="00:00:00.2881191" startTime="2026-08-13T06:44:10.1284282+09:00" endTime="2026-08-13T06:44:10.4166190+09:00" testType="13cdc9d9-ddb5-4fa4-a97d-d965ccfc6d4b" outcome="Passed" testListId="8c84fa94-04c1-424b-9868-57a2d4851a1d" relativeResultsDirectory="e91b4090-cc97-4bde-9ae8-cb35318bd2c4" />
    <UnitTestResult executionId="1116741b-ef2a-4a12-9802-862a993f95ea" testId="51b6198f-e3f0-881f-7d60-dfc8d0f6724c" testName="CcpClient.HeadlessTests.AvatarTubeHeadlessTests.Close_DisposesEngineAndSubscriptions" computerName="MICH_S_YOGA" duration="00:00:00.2311847" startTime="2026-08-13T06:44:09.4457378+09:00" endTime="2026-08-13T06:44:09.6770252+09:00" testType="13cdc9d9-ddb5-4fa4-a97d-d965ccfc6d4b" outcome="Passed" testListId="8c84fa94-04c1-424b-9868-57a2d4851a1d" relativeResultsDirectory="1116741b-ef2a-4a12-9802-862a993f95ea" />
    <UnitTestResult executionId="c9fa294c-6757-48e4-a9fa-479dfe9a327b" testId="7cc2bb4f-36fa-6a6f-7e5f-39784f19e5eb" testName="CcpClient.HeadlessTests.DtrhSlotPickerHeadlessTests.Commit_AndCancel_Outcomes" computerName="MICH_S_YOGA" duration="00:00:00.0679096" startTime="2026-08-13T06:44:06.2597962+09:00" endTime="2026-08-13T06:44:06.3278382+09:00" testType="13cdc9d9-ddb5-4fa4-a97d-d965ccfc6d4b" outcome="Passed" testListId="8c84fa94-04c1-424b-9868-57a2d4851a1d" relativeResultsDirectory="c9fa294c-6757-48e4-a9fa-479dfe9a327b" />
    <UnitTestResult executionId="900f0279-8f1e-4c61-bd13-e7f780168c18" testId="ceecf6fd-1fad-a1f2-d6ac-ca285f642eb1" testName="CcpClient.HeadlessTests.QuickToggleDispatchHeadlessTests.PlainRightClick_NoContextMenu_ExistsOrOpens" computerName="MICH_S_YOGA" duration="00:00:00.1318272" startTime="2026-08-13T06:44:06.1236722+09:00" endTime="2026-08-13T06:44:06.2556142+09:00" testType="13cdc9d9-ddb5-4fa4-a97d-d965ccfc6d4b" outcome="Passed" testListId="8c84fa94-04c1-424b-9868-57a2d4851a1d" relativeResultsDirectory="900f0279-8f1e-4c61-bd13-e7f780168c18" />
    <UnitTestResult executionId="ebc1fc5f-d935-4cff-833a-7a50c97b97d7" testId="b8bbae0c-1de7-87d7-a66d-9e0028ccdd4b" testName="CcpClient.HeadlessTests.CompanionWindowHeadlessTests.UnavailableReply_RendersSubduedBubble_WithoutBadge" computerName="MICH_S_YOGA" duration="00:00:01.6115302" startTime="2026-08-13T06:44:01.7879778+09:00" endTime="2026-08-13T06:44:03.4011165+09:00" testType="13cdc9d9-ddb5-4fa4-a97d-d965ccfc6d4b" outcome="Passed" testListId="8c84fa94-04c1-424b-9868-57a2d4851a1d" relativeResultsDirectory="ebc1fc5f-d935-4cff-833a-7a50c97b97d7" />
    <UnitTestResult executionId="fecc470c-bba4-4a75-8d2d-15e5c9ba29d8" testId="c761175a-69e3-2b53-e8e1-38363a5d7eb7" testName="CcpClient.HeadlessTests.DashboardCardHeadlessTests.Card_Toggle_AppliesLitClass_AndStyleResolvesBorderBrush" computerName="MICH_S_YOGA" duration="00:00:00.0815441" startTime="2026-08-13T06:44:08.9133685+09:00" endTime="2026-08-13T06:44:08.9950490+09:00" testType="13cdc9d9-ddb5-4fa4-a97d-d965ccfc6d4b" outcome="Passed" testListId="8c84fa94-04c1-424b-9868-57a2d4851a1d" relativeResultsDirectory="fecc470c-bba4-4a75-8d2d-15e5c9ba29d8" />
    <UnitTestResult executionId="175c64cb-1752-47df-9d5f-78cbe612bdf9" testId="5483dd7b-37f9-8bc7-6b4b-fbb130ff23a1" testName="CcpClient.HeadlessTests.AvatarTubeHeadlessTests.Tube_Opens_LayersPresent_FirstFrameAndCapabilityRendered" computerName="MICH_S_YOGA" duration="00:00:00.0936163" startTime="2026-08-13T06:44:10.0303025+09:00" endTime="2026-08-13T06:44:10.1240133+09:00" testType="13cdc9d9-ddb5-4fa4-a97d-d965ccfc6d4b" outcome="Passed" testListId="8c84fa94-04c1-424b-9868-57a2d4851a1d" relativeResultsDirectory="175c64cb-1752-47df-9d5f-78cbe612bdf9" />
    <UnitTestResult executionId="b6c27f0e-f588-4a2b-aba6-35ccb745fb0c" testId="ae0a6971-742a-f04f-82b4-17c46b8c2c64" testName="CcpClient.HeadlessTests.DtrhSlotPickerHeadlessTests.CardClick_ChangesSelection" computerName="MICH_S_YOGA" duration="00:00:00.0895831" startTime="2026-08-13T06:44:08.5086590+09:00" endTime="2026-08-13T06:44:08.5983530+09:00" testType="13cdc9d9-ddb5-4fa4-a97d-d965ccfc6d4b" outcome="Passed" testListId="8c84fa94-04c1-424b-9868-57a2d4851a1d" relativeResultsDirectory="b6c27f0e-f588-4a2b-aba6-35ccb745fb0c" />
    <UnitTestResult executionId="0d18eb63-007b-4597-8d4f-38be3fcf5485" testId="d1a7cf47-c060-67b2-0520-7751e2e67f2c" testName="CcpClient.HeadlessTests.QuickToggleDispatchHeadlessTests.EnterKey_WhenFocused_TogglesSameOperation_AsRightClick" computerName="MICH_S_YOGA" duration="00:00:00.1035273" startTime="2026-08-13T06:44:08.3996321+09:00" endTime="2026-08-13T06:44:08.5032745+09:00" testType="13cdc9d9-ddb5-4fa4-a97d-d965ccfc6d4b" outcome="Passed" testListId="8c84fa94-04c1-424b-9868-57a2d4851a1d" relativeResultsDirectory="0d18eb63-007b-4597-8d4f-38be3fcf5485" />
    <UnitTestResult executionId="fe48627f-b499-44ba-966d-5d956210f7f4" testId="2e779db8-3cdb-b849-bd10-e9de5ea76575" testName="CcpClient.HeadlessTests.DtrhSlotPickerHeadlessTests.PopulatedSlot_ShowsRankStatsLastPlayed_AndDeleteFlow" computerName="MICH_S_YOGA" duration="00:00:00.0600489" startTime="2026-08-13T06:44:09.2106268+09:00" endTime="2026-08-13T06:44:09.2707946+09:00" testType="13cdc9d9-ddb5-4fa4-a97d-d965ccfc6d4b" outcome="Passed" testListId="8c84fa94-04c1-424b-9868-57a2d4851a1d" relativeResultsDirectory="fe48627f-b499-44ba-966d-5d956210f7f4" />
    <UnitTestResult executionId="107265e1-3a4e-4140-b25b-19a07670173a" testId="2c3eb85d-eda8-2be3-955e-839773a60b44" testName="CcpClient.HeadlessTests.QuickToggleDispatchHeadlessTests.RightClickPress_OnCardBody_TogglesThroughStableIdPath" computerName="MICH_S_YOGA" duration="00:00:00.0903047" startTime="2026-08-13T06:44:09.9023193+09:00" endTime="2026-08-13T06:44:09.9927195+09:00" testType="13cdc9d9-ddb5-4fa4-a97d-d965ccfc6d4b" outcome="Passed" testListId="8c84fa94-04c1-424b-9868-57a2d4851a1d" relativeResultsDirectory="107265e1-3a4e-4140-b25b-19a07670173a" />
    <UnitTestResult executionId="0686cc0c-5bf5-41c5-9cff-4385eebfb39c" testId="98e2b4ff-7470-80d5-0843-f0427ba25a33" testName="CcpClient.HeadlessTests.AvatarTubeHeadlessTests.AttachDetach_ViewOnlySwitch_PreservesPipeline" computerName="MICH_S_YOGA" duration="00:00:01.5770773" startTime="2026-08-13T06:44:10.4214151+09:00" endTime="2026-08-13T06:44:11.9984014+09:00" testType="13cdc9d9-ddb5-4fa4-a97d-d965ccfc6d4b" outcome="Passed" testListId="8c84fa94-04c1-424b-9868-57a2d4851a1d" relativeResultsDirectory="0686cc0c-5bf5-41c5-9cff-4385eebfb39c" />
    <UnitTestResult executionId="581afceb-58e8-444f-8357-bc466b74e77e" testId="b5385d02-785b-1c22-efc3-1489d2386240" testName="CcpClient.HeadlessTests.AvatarTubeHeadlessTests.FrameAdvance_UpdatesLayerSource_FloatTransform_AndProbe" computerName="MICH_S_YOGA" duration="00:00:01.6828397" startTime="2026-08-13T06:44:03.5287110+09:00" endTime="2026-08-13T06:44:05.2114505+09:00" testType="13cdc9d9-ddb5-4fa4-a97d-d965ccfc6d4b" outcome="Passed" testListId="8c84fa94-04c1-424b-9868-57a2d4851a1d" relativeResultsDirectory="581afceb-58e8-444f-8357-bc466b74e77e" />
    <UnitTestResult executionId="ab394a00-eba7-482a-8427-0ec71b9950dc" testId="77e1ec1a-66e2-9903-c1d2-98aaa8401696" testName="CcpClient.HeadlessTests.CompanionWindowHeadlessTests.Surface_Renders_ChatInput_Settings_ConfirmHidden_StatusHonest" computerName="MICH_S_YOGA" duration="00:00:00.1553472" startTime="2026-08-13T06:44:06.3320078+09:00" endTime="2026-08-13T06:44:06.4874613+09:00" testType="13cdc9d9-ddb5-4fa4-a97d-d965ccfc6d4b" outcome="Passed" testListId="8c84fa94-04c1-424b-9868-57a2d4851a1d" relativeResultsDirectory="ab394a00-eba7-482a-8427-0ec71b9950dc" />
    <UnitTestResult executionId="285cfb12-1327-42df-b4f0-b6b6ac40bc5c" testId="b550f0f2-0986-f423-452b-f8ce0668ea97" testName="CcpClient.HeadlessTests.QuickToggleDispatchHeadlessTests.TitleMutation_RendersMutatedTitle_AndRightClickStillToggles" computerName="MICH_S_YOGA" duration="00:00:00.0784008" startTime="2026-08-13T06:44:09.1271681+09:00" endTime="2026-08-13T06:44:09.2056828+09:00" testType="13cdc9d9-ddb5-4fa4-a97d-d965ccfc6d4b" outcome="Passed" testListId="8c84fa94-04c1-424b-9868-57a2d4851a1d" relativeResultsDirectory="285cfb12-1327-42df-b4f0-b6b6ac40bc5c" />
    <UnitTestResult executionId="7472bff6-c45f-4195-8642-50b4fe40df02" testId="dc79649f-64d6-0e09-3e17-509466a42e10" testName="CcpClient.HeadlessTests.FeaturePopupHeadlessTests.LeftClick_OpensOwnedModelessPopup_WithContractChrome" computerName="MICH_S_YOGA" duration="00:00:00.1115395" startTime="2026-08-13T06:44:16.6625864+09:00" endTime="2026-08-13T06:44:16.7742092+09:00" testType="13cdc9d9-ddb5-4fa4-a97d-d965ccfc6d4b" outcome="Passed" testListId="8c84fa94-04c1-424b-9868-57a2d4851a1d" relativeResultsDirectory="7472bff6-c45f-4195-8642-50b4fe40df02" />
    <UnitTestResult executionId="ae615912-9ff7-4645-a6a8-2b3b1382612d" testId="3a8fe4cb-6b90-ad18-7e14-0c51c9462a40" testName="CcpClient.HeadlessTests.AvatarTubeHeadlessTests.CorruptPackSwitch_TypedDegraded_AndStaticFallbackVisible" computerName="MICH_S_YOGA" duration="00:00:00.1173891" startTime="2026-08-13T06:44:08.7654957+09:00" endTime="2026-08-13T06:44:08.8829790+09:00" testType="13cdc9d9-ddb5-4fa4-a97d-d965ccfc6d4b" outcome="Passed" testListId="8c84fa94-04c1-424b-9868-57a2d4851a1d" relativeResultsDirectory="ae615912-9ff7-4645-a6a8-2b3b1382612d" />
    <UnitTestResult executionId="cf89b48e-5e39-48f0-a26e-30ef5bd8b16a" testId="7136725b-d091-3452-d5bd-a5944e366e31" testName="CcpClient.HeadlessTests.FeaturePopupHeadlessTests.TallContent_CapsHeight_AndFinalControlStartsBelowFold" computerName="MICH_S_YOGA" duration="00:00:00.1113487" startTime="2026-08-13T06:44:09.0000938+09:00" endTime="2026-08-13T06:44:09.1115289+09:00" testType="13cdc9d9-ddb5-4fa4-a97d-d965ccfc6d4b" outcome="Passed" testListId="8c84fa94-04c1-424b-9868-57a2d4851a1d" relativeResultsDirectory="cf89b48e-5e39-48f0-a26e-30ef5bd8b16a" />
    <UnitTestResult executionId="de49d172-867b-4731-9ae5-caa6a60e19f8" testId="29da4c67-619d-a475-9dbf-b69128795166" testName="CcpClient.HeadlessTests.DtrhSlotPickerHeadlessTests.FreshProfile_ThreeCards_Slots23Locked_NewJourney" computerName="MICH_S_YOGA" duration="00:00:00.0261430" startTime="2026-08-13T06:44:09.9984272+09:00" endTime="2026-08-13T06:44:10.0248293+09:00" testType="13cdc9d9-ddb5-4fa4-a97d-d965ccfc6d4b" outcome="Passed" testListId="8c84fa94-04c1-424b-9868-57a2d4851a1d" relativeResultsDirectory="de49d172-867b-4731-9ae5-caa6a60e19f8" />
    <UnitTestResult executionId="428776e8-4a6f-43ad-bf43-a19718fb6e44" testId="299a18b5-088d-7378-2b22-4153595ae375" testName="CcpClient.HeadlessTests.DashboardCardHeadlessTests.Card_ArrangedBounds_GrowWithLoadBearingIsVisible" computerName="MICH_S_YOGA" duration="00:00:00.0752124" startTime="2026-08-13T06:44:08.1128852+09:00" endTime="2026-08-13T06:44:08.1882035+09:00" testType="13cdc9d9-ddb5-4fa4-a97d-d965ccfc6d4b" outcome="Passed" testListId="8c84fa94-04c1-424b-9868-57a2d4851a1d" relativeResultsDirectory="428776e8-4a6f-43ad-bf43-a19718fb6e44" />
    <UnitTestResult executionId="030553a1-64ee-49c1-bec2-9a4028321aa3" testId="16be08e5-790a-3391-5c3c-4666308eca90" testName="CcpClient.HeadlessTests.FeaturePopupHeadlessTests.ShortContent_Compact_NoScrollbarMetrics" computerName="MICH_S_YOGA" duration="00:00:00.1568893" startTime="2026-08-13T06:44:12.0040336+09:00" endTime="2026-08-13T06:44:12.1610294+09:00" testType="13cdc9d9-ddb5-4fa4-a97d-d965ccfc6d4b" outcome="Passed" testListId="8c84fa94-04c1-424b-9868-57a2d4851a1d" relativeResultsDirectory="030553a1-64ee-49c1-bec2-9a4028321aa3" />
    <UnitTestResult executionId="4ddfaf8f-3919-4068-89e0-f470ababb8e6" testId="035e6bde-e96c-f9bc-c00a-a00fbbef97ad" testName="CcpClient.HeadlessTests.FeaturePopupHeadlessTests.Escape_And_CloseButton_BothClose_ThroughTheOnePath" computerName="MICH_S_YOGA" duration="00:00:00.2155131" startTime="2026-08-13T06:44:09.6821660+09:00" endTime="2026-08-13T06:44:09.8977550+09:00" testType="13cdc9d9-ddb5-4fa4-a97d-d965ccfc6d4b" outcome="Passed" testListId="8c84fa94-04c1-424b-9868-57a2d4851a1d" relativeResultsDirectory="4ddfaf8f-3919-4068-89e0-f470ababb8e6" />
    <UnitTestResult executionId="130e84b9-fc71-463c-9d02-72eafbc8a4a9" testId="f38f9e94-deb8-2bb6-3a21-8df4bca0693c" testName="CcpClient.HeadlessTests.ChaosTunnelWindowHeadlessTests.ShowAndSink_AreSafeWithoutAnAttachedSurface" computerName="MICH_S_YOGA" duration="00:00:00.0049213" startTime="2026-08-13T06:44:08.1032941+09:00" endTime="2026-08-13T06:44:08.1083671+09:00" testType="13cdc9d9-ddb5-4fa4-a97d-d965ccfc6d4b" outcome="Passed" testListId="8c84fa94-04c1-424b-9868-57a2d4851a1d" relativeResultsDirectory="130e84b9-fc71-463c-9d02-72eafbc8a4a9" />
    <UnitTestResult executionId="659bd437-5459-48e6-a381-d917ffbb3a75" testId="99e9d677-0d86-4b85-468c-c4b80d0a53c8" testName="CcpClient.HeadlessTests.DtrhVideoWindowHeadlessTests.PresentedFrame_LandsOnTheImage" computerName="MICH_S_YOGA" duration="00:00:00.0251715" startTime="2026-08-13T06:44:05.2164068+09:00" endTime="2026-08-13T06:44:05.2417479+09:00" testType="13cdc9d9-ddb5-4fa4-a97d-d965ccfc6d4b" outcome="Passed" testListId="8c84fa94-04c1-424b-9868-57a2d4851a1d" relativeResultsDirectory="659bd437-5459-48e6-a381-d917ffbb3a75" />
    <UnitTestResult executionId="ba9c6b9b-3559-42e4-a6ee-94cadba11b69" testId="0683e385-8b9a-00bb-7bf8-8427ab596272" testName="CcpClient.HeadlessTests.FeaturePopupHeadlessTests.Popup_StaysInsideOwnerWorkingArea" computerName="MICH_S_YOGA" duration="00:00:00.1931165" startTime="2026-08-13T06:44:05.9245644+09:00" endTime="2026-08-13T06:44:06.1177833+09:00" testType="13cdc9d9-ddb5-4fa4-a97d-d965ccfc6d4b" outcome="Passed" testListId="8c84fa94-04c1-424b-9868-57a2d4851a1d" relativeResultsDirectory="ba9c6b9b-3559-42e4-a6ee-94cadba11b69" />
    <UnitTestResult executionId="80c76927-7618-4136-9bc9-4d274d087ab6" testId="a69b8935-a743-56ab-4621-cccd60a203e7" testName="CcpClient.HeadlessTests.DashboardCardHeadlessTests.ElementNameMirror_FollowsLiveTickText" computerName="MICH_S_YOGA" duration="00:00:00.6431438" startTime="2026-08-13T06:44:05.2772581+09:00" endTime="2026-08-13T06:44:05.9204436+09:00" testType="13cdc9d9-ddb5-4fa4-a97d-d965ccfc6d4b" outcome="Passed" testListId="8c84fa94-04c1-424b-9868-57a2d4851a1d" relativeResultsDirectory="80c76927-7618-4136-9bc9-4d274d087ab6" />
  </Results>
  <TestDefinitions>
    <UnitTest name="CcpClient.HeadlessTests.DtrhSlotPickerHeadlessTests.PopulatedSlot_ShowsRankStatsLastPlayed_AndDeleteFlow" storage="c:\code\conditioning-control-panel---csharp-wpf\.worktrees\spine-20260812t203752\lane-1\client\tests\ccpclient.headlesstests\bin\debug\net10.0\ccpclient.headlesstests.dll" id="2e779db8-3cdb-b849-bd10-e9de5ea76575">
      <Execution id="fe48627f-b499-44ba-966d-5d956210f7f4" />
      <TestMethod codeBase="C:\Code\Conditioning-Control-Panel---CSharp-WPF\.worktrees\spine-20260812T203752\lane-1\client\tests\CcpClient.HeadlessTests\bin\Debug\net10.0\CcpClient.HeadlessTests.dll" adapterTypeName="executor://xunit/VsTestRunner3/netcore/" className="CcpClient.HeadlessTests.DtrhSlotPickerHeadlessTests" name="PopulatedSlot_ShowsRankStatsLastPlayed_AndDeleteFlow" />
    </UnitTest>
    <UnitTest name="CcpClient.HeadlessTests.DtrhSlotPickerHeadlessTests.FreshProfile_ThreeCards_Slots23Locked_NewJourney" storage="c:\code\conditioning-control-panel---csharp-wpf\.worktrees\spine-20260812t203752\lane-1\client\tests\ccpclient.headlesstests\bin\debug\net10.0\ccpclient.headlesstests.dll" id="29da4c67-619d-a475-9dbf-b69128795166">
      <Execution id="de49d172-867b-4731-9ae5-caa6a60e19f8" />
      <TestMethod codeBase="C:\Code\Conditioning-Control-Panel---CSharp-WPF\.worktrees\spine-20260812T203752\lane-1\client\tests\CcpClient.HeadlessTests\bin\Debug\net10.0\CcpClient.HeadlessTests.dll" adapterTypeName="executor://xunit/VsTestRunner3/netcore/" className="CcpClient.HeadlessTests.DtrhSlotPickerHeadlessTests" name="FreshProfile_ThreeCards_Slots23Locked_NewJourney" />
    </UnitTest>
    <UnitTest name="CcpClient.HeadlessTests.DtrhSlotPickerHeadlessTests.Commit_AndCancel_Outcomes" storage="c:\code\conditioning-control-panel---csharp-wpf\.worktrees\spine-20260812t203752\lane-1\client\tests\ccpclient.headlesstests\bin\debug\net10.0\ccpclient.headlesstests.dll" id="7cc2bb4f-36fa-6a6f-7e5f-39784f19e5eb">
      <Execution id="c9fa294c-6757-48e4-a9fa-479dfe9a327b" />
      <TestMethod codeBase="C:\Code\Conditioning-Control-Panel---CSharp-WPF\.worktrees\spine-20260812T203752\lane-1\client\tests\CcpClient.HeadlessTests\bin\Debug\net10.0\CcpClient.HeadlessTests.dll" adapterTypeName="executor://xunit/VsTestRunner3/netcore/" className="CcpClient.HeadlessTests.DtrhSlotPickerHeadlessTests" name="Commit_AndCancel_Outcomes" />
    </UnitTest>
    <UnitTest name="CcpClient.HeadlessTests.AvatarTubeHeadlessTests.Tube_Opens_LayersPresent_FirstFrameAndCapabilityRendered" storage="c:\code\conditioning-control-panel---csharp-wpf\.worktrees\spine-20260812t203752\lane-1\client\tests\ccpclient.headlesstests\bin\debug\net10.0\ccpclient.headlesstests.dll" id="5483dd7b-37f9-8bc7-6b4b-fbb130ff23a1">
      <Execution id="175c64cb-1752-47df-9d5f-78cbe612bdf9" />
      <TestMethod codeBase="C:\Code\Conditioning-Control-Panel---CSharp-WPF\.worktrees\spine-20260812T203752\lane-1\client\tests\CcpClient.HeadlessTests\bin\Debug\net10.0\CcpClient.HeadlessTests.dll" adapterTypeName="executor://xunit/VsTestRunner3/netcore/" className="CcpClient.HeadlessTests.AvatarTubeHeadlessTests" name="Tube_Opens_LayersPresent_FirstFrameAndCapabilityRendered" />
    </UnitTest>
    <UnitTest name="CcpClient.HeadlessTests.CompanionWindowHeadlessTests.ClearConfirm_ShowsOverlay_EscapeCancels_YesNeverDefaultPosition" storage="c:\code\conditioning-control-panel---csharp-wpf\.worktrees\spine-20260812t203752\lane-1\client\tests\ccpclient.headlesstests\bin\debug\net10.0\ccpclient.headlesstests.dll" id="6b096e8d-2d36-390c-763d-38ca75777864">
      <Execution id="bff7c7a7-c1ca-477c-a414-d4836fc6e0fa" />
      <TestMethod codeBase="C:\Code\Conditioning-Control-Panel---CSharp-WPF\.worktrees\spine-20260812T203752\lane-1\client\tests\CcpClient.HeadlessTests\bin\Debug\net10.0\CcpClient.HeadlessTests.dll" adapterTypeName="executor://xunit/VsTestRunner3/netcore/" className="CcpClient.HeadlessTests.CompanionWindowHeadlessTests" name="ClearConfirm_ShowsOverlay_EscapeCancels_YesNeverDefaultPosition" />
    </UnitTest>
    <UnitTest name="CcpClient.HeadlessTests.DtrhVideoWindowHeadlessTests.Close_Unsubscribes_NoThrowOnLateFrame" storage="c:\code\conditioning-control-panel---csharp-wpf\.worktrees\spine-20260812t203752\lane-1\client\tests\ccpclient.headlesstests\bin\debug\net10.0\ccpclient.headlesstests.dll" id="9bf72dd2-8b33-d859-97f9-1c908a0f599f">
      <Execution id="010137d0-0bf0-462b-899a-ed86739baf18" />
      <TestMethod codeBase="C:\Code\Conditioning-Control-Panel---CSharp-WPF\.worktrees\spine-20260812T203752\lane-1\client\tests\CcpClient.HeadlessTests\bin\Debug\net10.0\CcpClient.HeadlessTests.dll" adapterTypeName="executor://xunit/VsTestRunner3/netcore/" className="CcpClient.HeadlessTests.DtrhVideoWindowHeadlessTests" name="Close_Unsubscribes_NoThrowOnLateFrame" />
    </UnitTest>
    <UnitTest name="CcpClient.HeadlessTests.CompanionWindowHeadlessTests.Surface_Renders_ChatInput_Settings_ConfirmHidden_StatusHonest" storage="c:\code\conditioning-control-panel---csharp-wpf\.worktrees\spine-20260812t203752\lane-1\client\tests\ccpclient.headlesstests\bin\debug\net10.0\ccpclient.headlesstests.dll" id="77e1ec1a-66e2-9903-c1d2-98aaa8401696">
      <Execution id="ab394a00-eba7-482a-8427-0ec71b9950dc" />
      <TestMethod codeBase="C:\Code\Conditioning-Control-Panel---CSharp-WPF\.worktrees\spine-20260812T203752\lane-1\client\tests\CcpClient.HeadlessTests\bin\Debug\net10.0\CcpClient.HeadlessTests.dll" adapterTypeName="executor://xunit/VsTestRunner3/netcore/" className="CcpClient.HeadlessTests.CompanionWindowHeadlessTests" name="Surface_Renders_ChatInput_Settings_ConfirmHidden_StatusHonest" />
    </UnitTest>
    <UnitTest name="CcpClient.HeadlessTests.CompanionWindowHeadlessTests.UnavailableReply_RendersSubduedBubble_WithoutBadge" storage="c:\code\conditioning-control-panel---csharp-wpf\.worktrees\spine-20260812t203752\lane-1\client\tests\ccpclient.headlesstests\bin\debug\net10.0\ccpclient.headlesstests.dll" id="b8bbae0c-1de7-87d7-a66d-9e0028ccdd4b">
      <Execution id="ebc1fc5f-d935-4cff-833a-7a50c97b97d7" />
      <TestMethod codeBase="C:\Code\Conditioning-Control-Panel---CSharp-WPF\.worktrees\spine-20260812T203752\lane-1\client\tests\CcpClient.HeadlessTests\bin\Debug\net10.0\CcpClient.HeadlessTests.dll" adapterTypeName="executor://xunit/VsTestRunner3/netcore/" className="CcpClient.HeadlessTests.CompanionWindowHeadlessTests" name="UnavailableReply_RendersSubduedBubble_WithoutBadge" />
    </UnitTest>
    <UnitTest name="CcpClient.HeadlessTests.FeaturePopupHeadlessTests.Popup_StaysInsideOwnerWorkingArea" storage="c:\code\conditioning-control-panel---csharp-wpf\.worktrees\spine-20260812t203752\lane-1\client\tests\ccpclient.headlesstests\bin\debug\net10.0\ccpclient.headlesstests.dll" id="0683e385-8b9a-00bb-7bf8-8427ab596272">
      <Execution id="ba9c6b9b-3559-42e4-a6ee-94cadba11b69" />
      <TestMethod codeBase="C:\Code\Conditioning-Control-Panel---CSharp-WPF\.worktrees\spine-20260812T203752\lane-1\client\tests\CcpClient.HeadlessTests\bin\Debug\net10.0\CcpClient.HeadlessTests.dll" adapterTypeName="executor://xunit/VsTestRunner3/netcore/" className="CcpClient.HeadlessTests.FeaturePopupHeadlessTests" name="Popup_StaysInsideOwnerWorkingArea" />
    </UnitTest>
    <UnitTest name="CcpClient.HeadlessTests.ChaosTunnelWindowHeadlessTests.ShowAndSink_AreSafeWithoutAnAttachedSurface" storage="c:\code\conditioning-control-panel---csharp-wpf\.worktrees\spine-20260812t203752\lane-1\client\tests\ccpclient.headlesstests\bin\debug\net10.0\ccpclient.headlesstests.dll" id="f38f9e94-deb8-2bb6-3a21-8df4bca0693c">
      <Execution id="130e84b9-fc71-463c-9d02-72eafbc8a4a9" />
      <TestMethod codeBase="C:\Code\Conditioning-Control-Panel---CSharp-WPF\.worktrees\spine-20260812T203752\lane-1\client\tests\CcpClient.HeadlessTests\bin\Debug\net10.0\CcpClient.HeadlessTests.dll" adapterTypeName="executor://xunit/VsTestRunner3/netcore/" className="CcpClient.HeadlessTests.ChaosTunnelWindowHeadlessTests" name="ShowAndSink_AreSafeWithoutAnAttachedSurface" />
    </UnitTest>
    <UnitTest name="CcpClient.HeadlessTests.DashboardCardHeadlessTests.ElementNameMirror_FollowsLiveTickText" storage="c:\code\conditioning-control-panel---csharp-wpf\.worktrees\spine-20260812t203752\lane-1\client\tests\ccpclient.headlesstests\bin\debug\net10.0\ccpclient.headlesstests.dll" id="a69b8935-a743-56ab-4621-cccd60a203e7">
      <Execution id="80c76927-7618-4136-9bc9-4d274d087ab6" />
      <TestMethod codeBase="C:\Code\Conditioning-Control-Panel---CSharp-WPF\.worktrees\spine-20260812T203752\lane-1\client\tests\CcpClient.HeadlessTests\bin\Debug\net10.0\CcpClient.HeadlessTests.dll" adapterTypeName="executor://xunit/VsTestRunner3/netcore/" className="CcpClient.HeadlessTests.DashboardCardHeadlessTests" name="ElementNameMirror_FollowsLiveTickText" />
    </UnitTest>
    <UnitTest name="CcpClient.HeadlessTests.AvatarTubeHeadlessTests.AvatarClick_RoutesToClickEmote_DistinctFromSpeech" storage="c:\code\conditioning-control-panel---csharp-wpf\.worktrees\spine-20260812t203752\lane-1\client\tests\ccpclient.headlesstests\bin\debug\net10.0\ccpclient.headlesstests.dll" id="56cb8fcc-3e7f-7ac2-f0d3-71fa73d020e0">
      <Execution id="7f1b2c4f-2d49-4950-a96d-60c20af654d1" />
      <TestMethod codeBase="C:\Code\Conditioning-Control-Panel---CSharp-WPF\.worktrees\spine-20260812T203752\lane-1\client\tests\CcpClient.HeadlessTests\bin\Debug\net10.0\CcpClient.HeadlessTests.dll" adapterTypeName="executor://xunit/VsTestRunner3/netcore/" className="CcpClient.HeadlessTests.AvatarTubeHeadlessTests" name="AvatarClick_RoutesToClickEmote_DistinctFromSpeech" />
    </UnitTest>
    <UnitTest name="CcpClient.HeadlessTests.AvatarTubeHeadlessTests.AttachDetach_ViewOnlySwitch_PreservesPipeline" storage="c:\code\conditioning-control-panel---csharp-wpf\.worktrees\spine-20260812t203752\lane-1\client\tests\ccpclient.headlesstests\bin\debug\net10.0\ccpclient.headlesstests.dll" id="98e2b4ff-7470-80d5-0843-f0427ba25a33">
      <Execution id="0686cc0c-5bf5-41c5-9cff-4385eebfb39c" />
      <TestMethod codeBase="C:\Code\Conditioning-Control-Panel---CSharp-WPF\.worktrees\spine-20260812T203752\lane-1\client\tests\CcpClient.HeadlessTests\bin\Debug\net10.0\CcpClient.HeadlessTests.dll" adapterTypeName="executor://xunit/VsTestRunner3/netcore/" className="CcpClient.HeadlessTests.AvatarTubeHeadlessTests" name="AttachDetach_ViewOnlySwitch_PreservesPipeline" />
    </UnitTest>
    <UnitTest name="CcpClient.HeadlessTests.DtrhVideoWindowHeadlessTests.PresentedFrame_LandsOnTheImage" storage="c:\code\conditioning-control-panel---csharp-wpf\.worktrees\spine-20260812t203752\lane-1\client\tests\ccpclient.headlesstests\bin\debug\net10.0\ccpclient.headlesstests.dll" id="99e9d677-0d86-4b85-468c-c4b80d0a53c8">
      <Execution id="659bd437-5459-48e6-a381-d917ffbb3a75" />
      <TestMethod codeBase="C:\Code\Conditioning-Control-Panel---CSharp-WPF\.worktrees\spine-20260812T203752\lane-1\client\tests\CcpClient.HeadlessTests\bin\Debug\net10.0\CcpClient.HeadlessTests.dll" adapterTypeName="executor://xunit/VsTestRunner3/netcore/" className="CcpClient.HeadlessTests.DtrhVideoWindowHeadlessTests" name="PresentedFrame_LandsOnTheImage" />
    </UnitTest>
    <UnitTest name="CcpClient.HeadlessTests.FeaturePopupHeadlessTests.TallContent_CapsHeight_AndFinalControlStartsBelowFold" storage="c:\code\conditioning-control-panel---csharp-wpf\.worktrees\spine-20260812t203752\lane-1\client\tests\ccpclient.headlesstests\bin\debug\net10.0\ccpclient.headlesstests.dll" id="7136725b-d091-3452-d5bd-a5944e366e31">
      <Execution id="cf89b48e-5e39-48f0-a26e-30ef5bd8b16a" />
      <TestMethod codeBase="C:\Code\Conditioning-Control-Panel---CSharp-WPF\.worktrees\spine-20260812T203752\lane-1\client\tests\CcpClient.HeadlessTests\bin\Debug\net10.0\CcpClient.HeadlessTests.dll" adapterTypeName="executor://xunit/VsTestRunner3/netcore/" className="CcpClient.HeadlessTests.FeaturePopupHeadlessTests" name="TallContent_CapsHeight_AndFinalControlStartsBelowFold" />
    </UnitTest>
    <UnitTest name="CcpClient.HeadlessTests.FeaturePopupHeadlessTests.Wheel_ReachesFinalControl_OffsetChangesMonotonically" storage="c:\code\conditioning-control-panel---csharp-wpf\.worktrees\spine-20260812t203752\lane-1\client\tests\ccpclient.headlesstests\bin\debug\net10.0\ccpclient.headlesstests.dll" id="b209f7cb-4560-11fa-64a1-95cb0cee5de3">
      <Execution id="55b8b11f-de91-4a75-a454-1cd43826e796" />
      <TestMethod codeBase="C:\Code\Conditioning-Control-Panel---CSharp-WPF\.worktrees\spine-20260812T203752\lane-1\client\tests\CcpClient.HeadlessTests\bin\Debug\net10.0\CcpClient.HeadlessTests.dll" adapterTypeName="executor://xunit/VsTestRunner3/netcore/" className="CcpClient.HeadlessTests.FeaturePopupHeadlessTests" name="Wheel_ReachesFinalControl_OffsetChangesMonotonically" />
    </UnitTest>
    <UnitTest name="CcpClient.HeadlessTests.AvatarTubeHeadlessTests.CorruptPackSwitch_TypedDegraded_AndStaticFallbackVisible" storage="c:\code\conditioning-control-panel---csharp-wpf\.worktrees\spine-20260812t203752\lane-1\client\tests\ccpclient.headlesstests\bin\debug\net10.0\ccpclient.headlesstests.dll" id="3a8fe4cb-6b90-ad18-7e14-0c51c9462a40">
      <Execution id="ae615912-9ff7-4645-a6a8-2b3b1382612d" />
      <TestMethod codeBase="C:\Code\Conditioning-Control-Panel---CSharp-WPF\.worktrees\spine-20260812T203752\lane-1\client\tests\CcpClient.HeadlessTests\bin\Debug\net10.0\CcpClient.HeadlessTests.dll" adapterTypeName="executor://xunit/VsTestRunner3/netcore/" className="CcpClient.HeadlessTests.AvatarTubeHeadlessTests" name="CorruptPackSwitch_TypedDegraded_AndStaticFallbackVisible" />
    </UnitTest>
    <UnitTest name="CcpClient.HeadlessTests.DashboardCardHeadlessTests.Card_Toggle_AppliesLitClass_AndStyleResolvesBorderBrush" storage="c:\code\conditioning-control-panel---csharp-wpf\.worktrees\spine-20260812t203752\lane-1\client\tests\ccpclient.headlesstests\bin\debug\net10.0\ccpclient.headlesstests.dll" id="c761175a-69e3-2b53-e8e1-38363a5d7eb7">
      <Execution id="fecc470c-bba4-4a75-8d2d-15e5c9ba29d8" />
      <TestMethod codeBase="C:\Code\Conditioning-Control-Panel---CSharp-WPF\.worktrees\spine-20260812T203752\lane-1\client\tests\CcpClient.HeadlessTests\bin\Debug\net10.0\CcpClient.HeadlessTests.dll" adapterTypeName="executor://xunit/VsTestRunner3/netcore/" className="CcpClient.HeadlessTests.DashboardCardHeadlessTests" name="Card_Toggle_AppliesLitClass_AndStyleResolvesBorderBrush" />
    </UnitTest>
    <UnitTest name="CcpClient.HeadlessTests.FeaturePopupHeadlessTests.Escape_And_CloseButton_BothClose_ThroughTheOnePath" storage="c:\code\conditioning-control-panel---csharp-wpf\.worktrees\spine-20260812t203752\lane-1\client\tests\ccpclient.headlesstests\bin\debug\net10.0\ccpclient.headlesstests.dll" id="035e6bde-e96c-f9bc-c00a-a00fbbef97ad">
      <Execution id="4ddfaf8f-3919-4068-89e0-f470ababb8e6" />
      <TestMethod codeBase="C:\Code\Conditioning-Control-Panel---CSharp-WPF\.worktrees\spine-20260812T203752\lane-1\client\tests\CcpClient.HeadlessTests\bin\Debug\net10.0\CcpClient.HeadlessTests.dll" adapterTypeName="executor://xunit/VsTestRunner3/netcore/" className="CcpClient.HeadlessTests.FeaturePopupHeadlessTests" name="Escape_And_CloseButton_BothClose_ThroughTheOnePath" />
    </UnitTest>
    <UnitTest name="CcpClient.HeadlessTests.DashboardCardHeadlessTests.Card_ArrangedBounds_GrowWithLoadBearingIsVisible" storage="c:\code\conditioning-control-panel---csharp-wpf\.worktrees\spine-20260812t203752\lane-1\client\tests\ccpclient.headlesstests\bin\debug\net10.0\ccpclient.headlesstests.dll" id="299a18b5-088d-7378-2b22-4153595ae375">
      <Execution id="428776e8-4a6f-43ad-bf43-a19718fb6e44" />
      <TestMethod codeBase="C:\Code\Conditioning-Control-Panel---CSharp-WPF\.worktrees\spine-20260812T203752\lane-1\client\tests\CcpClient.HeadlessTests\bin\Debug\net10.0\CcpClient.HeadlessTests.dll" adapterTypeName="executor://xunit/VsTestRunner3/netcore/" className="CcpClient.HeadlessTests.DashboardCardHeadlessTests" name="Card_ArrangedBounds_GrowWithLoadBearingIsVisible" />
    </UnitTest>
    <UnitTest name="CcpClient.HeadlessTests.AvatarTubeHeadlessTests.FrameAdvance_UpdatesLayerSource_FloatTransform_AndProbe" storage="c:\code\conditioning-control-panel---csharp-wpf\.worktrees\spine-20260812t203752\lane-1\client\tests\ccpclient.headlesstests\bin\debug\net10.0\ccpclient.headlesstests.dll" id="b5385d02-785b-1c22-efc3-1489d2386240">
      <Execution id="581afceb-58e8-444f-8357-bc466b74e77e" />
      <TestMethod codeBase="C:\Code\Conditioning-Control-Panel---CSharp-WPF\.worktrees\spine-20260812T203752\lane-1\client\tests\CcpClient.HeadlessTests\bin\Debug\net10.0\CcpClient.HeadlessTests.dll" adapterTypeName="executor://xunit/VsTestRunner3/netcore/" className="CcpClient.HeadlessTests.AvatarTubeHeadlessTests" name="FrameAdvance_UpdatesLayerSource_FloatTransform_AndProbe" />
    </UnitTest>
    <UnitTest name="CcpClient.HeadlessTests.DtrhSlotPickerHeadlessTests.RankName_MatchesWpfThresholds" storage="c:\code\conditioning-control-panel---csharp-wpf\.worktrees\spine-20260812t203752\lane-1\client\tests\ccpclient.headlesstests\bin\debug\net10.0\ccpclient.headlesstests.dll" id="1214411f-fe42-50b5-c40b-103b87443a40">
      <Execution id="1f1c8192-8fb8-404c-bd2c-47089674866e" />
      <TestMethod codeBase="C:\Code\Conditioning-Control-Panel---CSharp-WPF\.worktrees\spine-20260812T203752\lane-1\client\tests\CcpClient.HeadlessTests\bin\Debug\net10.0\CcpClient.HeadlessTests.dll" adapterTypeName="executor://xunit/VsTestRunner3/netcore/" className="CcpClient.HeadlessTests.DtrhSlotPickerHeadlessTests" name="RankName_MatchesWpfThresholds" />
    </UnitTest>
    <UnitTest name="CcpClient.HeadlessTests.QuickToggleDispatchHeadlessTests.PlainRightClick_NoContextMenu_ExistsOrOpens" storage="c:\code\conditioning-control-panel---csharp-wpf\.worktrees\spine-20260812t203752\lane-1\client\tests\ccpclient.headlesstests\bin\debug\net10.0\ccpclient.headlesstests.dll" id="ceecf6fd-1fad-a1f2-d6ac-ca285f642eb1">
      <Execution id="900f0279-8f1e-4c61-bd13-e7f780168c18" />
      <TestMethod codeBase="C:\Code\Conditioning-Control-Panel---CSharp-WPF\.worktrees\spine-20260812T203752\lane-1\client\tests\CcpClient.HeadlessTests\bin\Debug\net10.0\CcpClient.HeadlessTests.dll" adapterTypeName="executor://xunit/VsTestRunner3/netcore/" className="CcpClient.HeadlessTests.QuickToggleDispatchHeadlessTests" name="PlainRightClick_NoContextMenu_ExistsOrOpens" />
    </UnitTest>
    <UnitTest name="CcpClient.HeadlessTests.CompanionWindowHeadlessTests.OpenFromDashboard_OwnedModeless_DashboardStays" storage="c:\code\conditioning-control-panel---csharp-wpf\.worktrees\spine-20260812t203752\lane-1\client\tests\ccpclient.headlesstests\bin\debug\net10.0\ccpclient.headlesstests.dll" id="c32dd0ae-490e-4c67-10b0-2c768c8c0d88">
      <Execution id="22e69e2a-1195-4707-aed6-44c5e2474bac" />
      <TestMethod codeBase="C:\Code\Conditioning-Control-Panel---CSharp-WPF\.worktrees\spine-20260812T203752\lane-1\client\tests\CcpClient.HeadlessTests\bin\Debug\net10.0\CcpClient.HeadlessTests.dll" adapterTypeName="executor://xunit/VsTestRunner3/netcore/" className="CcpClient.HeadlessTests.CompanionWindowHeadlessTests" name="OpenFromDashboard_OwnedModeless_DashboardStays" />
    </UnitTest>
    <UnitTest name="CcpClient.HeadlessTests.ChaosTunnelWindowHeadlessTests.DeclaredPolicy_MatchesTheLayeringContract" storage="c:\code\conditioning-control-panel---csharp-wpf\.worktrees\spine-20260812t203752\lane-1\client\tests\ccpclient.headlesstests\bin\debug\net10.0\ccpclient.headlesstests.dll" id="308a579d-9375-db6f-1404-67c3a1968e33">
      <Execution id="91c63e19-c294-44e9-894c-c5fd30d6a836" />
      <TestMethod codeBase="C:\Code\Conditioning-Control-Panel---CSharp-WPF\.worktrees\spine-20260812T203752\lane-1\client\tests\CcpClient.HeadlessTests\bin\Debug\net10.0\CcpClient.HeadlessTests.dll" adapterTypeName="executor://xunit/VsTestRunner3/netcore/" className="CcpClient.HeadlessTests.ChaosTunnelWindowHeadlessTests" name="DeclaredPolicy_MatchesTheLayeringContract" />
    </UnitTest>
    <UnitTest name="CcpClient.HeadlessTests.AvatarTubeHeadlessTests.Close_DisposesEngineAndSubscriptions" storage="c:\code\conditioning-control-panel---csharp-wpf\.worktrees\spine-20260812t203752\lane-1\client\tests\ccpclient.headlesstests\bin\debug\net10.0\ccpclient.headlesstests.dll" id="51b6198f-e3f0-881f-7d60-dfc8d0f6724c">
      <Execution id="1116741b-ef2a-4a12-9802-862a993f95ea" />
      <TestMethod codeBase="C:\Code\Conditioning-Control-Panel---CSharp-WPF\.worktrees\spine-20260812T203752\lane-1\client\tests\CcpClient.HeadlessTests\bin\Debug\net10.0\CcpClient.HeadlessTests.dll" adapterTypeName="executor://xunit/VsTestRunner3/netcore/" className="CcpClient.HeadlessTests.AvatarTubeHeadlessTests" name="Close_DisposesEngineAndSubscriptions" />
    </UnitTest>
    <UnitTest name="CcpClient.HeadlessTests.FeaturePopupHeadlessTests.NestedList_ScrollsItself_ThenChainsToPopup" storage="c:\code\conditioning-control-panel---csharp-wpf\.worktrees\spine-20260812t203752\lane-1\client\tests\ccpclient.headlesstests\bin\debug\net10.0\ccpclient.headlesstests.dll" id="cd9fe552-49ba-1d17-ec86-6f7b8c828d72">
      <Execution id="e91b4090-cc97-4bde-9ae8-cb35318bd2c4" />
      <TestMethod codeBase="C:\Code\Conditioning-Control-Panel---CSharp-WPF\.worktrees\spine-20260812T203752\lane-1\client\tests\CcpClient.HeadlessTests\bin\Debug\net10.0\CcpClient.HeadlessTests.dll" adapterTypeName="executor://xunit/VsTestRunner3/netcore/" className="CcpClient.HeadlessTests.FeaturePopupHeadlessTests" name="NestedList_ScrollsItself_ThenChainsToPopup" />
    </UnitTest>
    <UnitTest name="CcpClient.HeadlessTests.FeaturePopupHeadlessTests.ShortContent_Compact_NoScrollbarMetrics" storage="c:\code\conditioning-control-panel---csharp-wpf\.worktrees\spine-20260812t203752\lane-1\client\tests\ccpclient.headlesstests\bin\debug\net10.0\ccpclient.headlesstests.dll" id="16be08e5-790a-3391-5c3c-4666308eca90">
      <Execution id="030553a1-64ee-49c1-bec2-9a4028321aa3" />
      <TestMethod codeBase="C:\Code\Conditioning-Control-Panel---CSharp-WPF\.worktrees\spine-20260812T203752\lane-1\client\tests\CcpClient.HeadlessTests\bin\Debug\net10.0\CcpClient.HeadlessTests.dll" adapterTypeName="executor://xunit/VsTestRunner3/netcore/" className="CcpClient.HeadlessTests.FeaturePopupHeadlessTests" name="ShortContent_Compact_NoScrollbarMetrics" />
    </UnitTest>
    <UnitTest name="CcpClient.HeadlessTests.QuickToggleDispatchHeadlessTests.TitleMutation_RendersMutatedTitle_AndRightClickStillToggles" storage="c:\code\conditioning-control-panel---csharp-wpf\.worktrees\spine-20260812t203752\lane-1\client\tests\ccpclient.headlesstests\bin\debug\net10.0\ccpclient.headlesstests.dll" id="b550f0f2-0986-f423-452b-f8ce0668ea97">
      <Execution id="285cfb12-1327-42df-b4f0-b6b6ac40bc5c" />
      <TestMethod codeBase="C:\Code\Conditioning-Control-Panel---CSharp-WPF\.worktrees\spine-20260812T203752\lane-1\client\tests\CcpClient.HeadlessTests\bin\Debug\net10.0\CcpClient.HeadlessTests.dll" adapterTypeName="executor://xunit/VsTestRunner3/netcore/" className="CcpClient.HeadlessTests.QuickToggleDispatchHeadlessTests" name="TitleMutation_RendersMutatedTitle_AndRightClickStillToggles" />
    </UnitTest>
    <UnitTest name="CcpClient.HeadlessTests.DtrhSlotPickerHeadlessTests.CardClick_ChangesSelection" storage="c:\code\conditioning-control-panel---csharp-wpf\.worktrees\spine-20260812t203752\lane-1\client\tests\ccpclient.headlesstests\bin\debug\net10.0\ccpclient.headlesstests.dll" id="ae0a6971-742a-f04f-82b4-17c46b8c2c64">
      <Execution id="b6c27f0e-f588-4a2b-aba6-35ccb745fb0c" />
      <TestMethod codeBase="C:\Code\Conditioning-Control-Panel---CSharp-WPF\.worktrees\spine-20260812T203752\lane-1\client\tests\CcpClient.HeadlessTests\bin\Debug\net10.0\CcpClient.HeadlessTests.dll" adapterTypeName="executor://xunit/VsTestRunner3/netcore/" className="CcpClient.HeadlessTests.DtrhSlotPickerHeadlessTests" name="CardClick_ChangesSelection" />
    </UnitTest>
    <UnitTest name="CcpClient.HeadlessTests.QuickToggleDispatchHeadlessTests.EnterKey_WhenFocused_TogglesSameOperation_AsRightClick" storage="c:\code\conditioning-control-panel---csharp-wpf\.worktrees\spine-20260812t203752\lane-1\client\tests\ccpclient.headlesstests\bin\debug\net10.0\ccpclient.headlesstests.dll" id="d1a7cf47-c060-67b2-0520-7751e2e67f2c">
      <Execution id="0d18eb63-007b-4597-8d4f-38be3fcf5485" />
      <TestMethod codeBase="C:\Code\Conditioning-Control-Panel---CSharp-WPF\.worktrees\spine-20260812T203752\lane-1\client\tests\CcpClient.HeadlessTests\bin\Debug\net10.0\CcpClient.HeadlessTests.dll" adapterTypeName="executor://xunit/VsTestRunner3/netcore/" className="CcpClient.HeadlessTests.QuickToggleDispatchHeadlessTests" name="EnterKey_WhenFocused_TogglesSameOperation_AsRightClick" />
    </UnitTest>
    <UnitTest name="CcpClient.HeadlessTests.AvatarTubeHeadlessTests.PauseButton_FreezesPipeline_ResumeContinuesSuccessor" storage="c:\code\conditioning-control-panel---csharp-wpf\.worktrees\spine-20260812t203752\lane-1\client\tests\ccpclient.headlesstests\bin\debug\net10.0\ccpclient.headlesstests.dll" id="63c945a9-570d-23f3-3c83-12996fb1184b">
      <Execution id="6eefd182-0c9d-4bca-b3b5-eed9dfb95a6d" />
      <TestMethod codeBase="C:\Code\Conditioning-Control-Panel---CSharp-WPF\.worktrees\spine-20260812T203752\lane-1\client\tests\CcpClient.HeadlessTests\bin\Debug\net10.0\CcpClient.HeadlessTests.dll" adapterTypeName="executor://xunit/VsTestRunner3/netcore/" className="CcpClient.HeadlessTests.AvatarTubeHeadlessTests" name="PauseButton_FreezesPipeline_ResumeContinuesSuccessor" />
    </UnitTest>
    <UnitTest name="CcpClient.HeadlessTests.QuickToggleDispatchHeadlessTests.RightClickPress_OnCardBody_TogglesThroughStableIdPath" storage="c:\code\conditioning-control-panel---csharp-wpf\.worktrees\spine-20260812t203752\lane-1\client\tests\ccpclient.headlesstests\bin\debug\net10.0\ccpclient.headlesstests.dll" id="2c3eb85d-eda8-2be3-955e-839773a60b44">
      <Execution id="107265e1-3a4e-4140-b25b-19a07670173a" />
      <TestMethod codeBase="C:\Code\Conditioning-Control-Panel---CSharp-WPF\.worktrees\spine-20260812T203752\lane-1\client\tests\CcpClient.HeadlessTests\bin\Debug\net10.0\CcpClient.HeadlessTests.dll" adapterTypeName="executor://xunit/VsTestRunner3/netcore/" className="CcpClient.HeadlessTests.QuickToggleDispatchHeadlessTests" name="RightClickPress_OnCardBody_TogglesThroughStableIdPath" />
    </UnitTest>
    <UnitTest name="CcpClient.HeadlessTests.FeaturePopupHeadlessTests.OneAtATime_CloseExistingBeforeNew" storage="c:\code\conditioning-control-panel---csharp-wpf\.worktrees\spine-20260812t203752\lane-1\client\tests\ccpclient.headlesstests\bin\debug\net10.0\ccpclient.headlesstests.dll" id="2d6e7587-f44a-049d-d426-d41d493f6200">
      <Execution id="0dfb88cb-2158-4d34-955e-1bf00424ea8e" />
      <TestMethod codeBase="C:\Code\Conditioning-Control-Panel---CSharp-WPF\.worktrees\spine-20260812T203752\lane-1\client\tests\CcpClient.HeadlessTests\bin\Debug\net10.0\CcpClient.HeadlessTests.dll" adapterTypeName="executor://xunit/VsTestRunner3/netcore/" className="CcpClient.HeadlessTests.FeaturePopupHeadlessTests" name="OneAtATime_CloseExistingBeforeNew" />
    </UnitTest>
    <UnitTest name="CcpClient.HeadlessTests.FeaturePopupHeadlessTests.LeftClick_OpensOwnedModelessPopup_WithContractChrome" storage="c:\code\conditioning-control-panel---csharp-wpf\.worktrees\spine-20260812t203752\lane-1\client\tests\ccpclient.headlesstests\bin\debug\net10.0\ccpclient.headlesstests.dll" id="dc79649f-64d6-0e09-3e17-509466a42e10">
      <Execution id="7472bff6-c45f-4195-8642-50b4fe40df02" />
      <TestMethod codeBase="C:\Code\Conditioning-Control-Panel---CSharp-WPF\.worktrees\spine-20260812T203752\lane-1\client\tests\CcpClient.HeadlessTests\bin\Debug\net10.0\CcpClient.HeadlessTests.dll" adapterTypeName="executor://xunit/VsTestRunner3/netcore/" className="CcpClient.HeadlessTests.FeaturePopupHeadlessTests" name="LeftClick_OpensOwnedModelessPopup_WithContractChrome" />
    </UnitTest>
  </TestDefinitions>
  <TestEntries>
    <TestEntry testId="2d6e7587-f44a-049d-d426-d41d493f6200" executionId="0dfb88cb-2158-4d34-955e-1bf00424ea8e" testListId="8c84fa94-04c1-424b-9868-57a2d4851a1d" />
    <TestEntry testId="9bf72dd2-8b33-d859-97f9-1c908a0f599f" executionId="010137d0-0bf0-462b-899a-ed86739baf18" testListId="8c84fa94-04c1-424b-9868-57a2d4851a1d" />
    <TestEntry testId="308a579d-9375-db6f-1404-67c3a1968e33" executionId="91c63e19-c294-44e9-894c-c5fd30d6a836" testListId="8c84fa94-04c1-424b-9868-57a2d4851a1d" />
    <TestEntry testId="1214411f-fe42-50b5-c40b-103b87443a40" executionId="1f1c8192-8fb8-404c-bd2c-47089674866e" testListId="8c84fa94-04c1-424b-9868-57a2d4851a1d" />
    <TestEntry testId="63c945a9-570d-23f3-3c83-12996fb1184b" executionId="6eefd182-0c9d-4bca-b3b5-eed9dfb95a6d" testListId="8c84fa94-04c1-424b-9868-57a2d4851a1d" />
    <TestEntry testId="6b096e8d-2d36-390c-763d-38ca75777864" executionId="bff7c7a7-c1ca-477c-a414-d4836fc6e0fa" testListId="8c84fa94-04c1-424b-9868-57a2d4851a1d" />
    <TestEntry testId="c32dd0ae-490e-4c67-10b0-2c768c8c0d88" executionId="22e69e2a-1195-4707-aed6-44c5e2474bac" testListId="8c84fa94-04c1-424b-9868-57a2d4851a1d" />
    <TestEntry testId="56cb8fcc-3e7f-7ac2-f0d3-71fa73d020e0" executionId="7f1b2c4f-2d49-4950-a96d-60c20af654d1" testListId="8c84fa94-04c1-424b-9868-57a2d4851a1d" />
    <TestEntry testId="b209f7cb-4560-11fa-64a1-95cb0cee5de3" executionId="55b8b11f-de91-4a75-a454-1cd43826e796" testListId="8c84fa94-04c1-424b-9868-57a2d4851a1d" />
    <TestEntry testId="cd9fe552-49ba-1d17-ec86-6f7b8c828d72" executionId="e91b4090-cc97-4bde-9ae8-cb35318bd2c4" testListId="8c84fa94-04c1-424b-9868-57a2d4851a1d" />
    <TestEntry testId="51b6198f-e3f0-881f-7d60-dfc8d0f6724c" executionId="1116741b-ef2a-4a12-9802-862a993f95ea" testListId="8c84fa94-04c1-424b-9868-57a2d4851a1d" />
    <TestEntry testId="7cc2bb4f-36fa-6a6f-7e5f-39784f19e5eb" executionId="c9fa294c-6757-48e4-a9fa-479dfe9a327b" testListId="8c84fa94-04c1-424b-9868-57a2d4851a1d" />
    <TestEntry testId="ceecf6fd-1fad-a1f2-d6ac-ca285f642eb1" executionId="900f0279-8f1e-4c61-bd13-e7f780168c18" testListId="8c84fa94-04c1-424b-9868-57a2d4851a1d" />
    <TestEntry testId="b8bbae0c-1de7-87d7-a66d-9e0028ccdd4b" executionId="ebc1fc5f-d935-4cff-833a-7a50c97b97d7" testListId="8c84fa94-04c1-424b-9868-57a2d4851a1d" />
    <TestEntry testId="c761175a-69e3-2b53-e8e1-38363a5d7eb7" executionId="fecc470c-bba4-4a75-8d2d-15e5c9ba29d8" testListId="8c84fa94-04c1-424b-9868-57a2d4851a1d" />
    <TestEntry testId="5483dd7b-37f9-8bc7-6b4b-fbb130ff23a1" executionId="175c64cb-1752-47df-9d5f-78cbe612bdf9" testListId="8c84fa94-04c1-424b-9868-57a2d4851a1d" />
    <TestEntry testId="ae0a6971-742a-f04f-82b4-17c46b8c2c64" executionId="b6c27f0e-f588-4a2b-aba6-35ccb745fb0c" testListId="8c84fa94-04c1-424b-9868-57a2d4851a1d" />
    <TestEntry testId="d1a7cf47-c060-67b2-0520-7751e2e67f2c" executionId="0d18eb63-007b-4597-8d4f-38be3fcf5485" testListId="8c84fa94-04c1-424b-9868-57a2d4851a1d" />
    <TestEntry testId="2e779db8-3cdb-b849-bd10-e9de5ea76575" executionId="fe48627f-b499-44ba-966d-5d956210f7f4" testListId="8c84fa94-04c1-424b-9868-57a2d4851a1d" />
    <TestEntry testId="2c3eb85d-eda8-2be3-955e-839773a60b44" executionId="107265e1-3a4e-4140-b25b-19a07670173a" testListId="8c84fa94-04c1-424b-9868-57a2d4851a1d" />
    <TestEntry testId="98e2b4ff-7470-80d5-0843-f0427ba25a33" executionId="0686cc0c-5bf5-41c5-9cff-4385eebfb39c" testListId="8c84fa94-04c1-424b-9868-57a2d4851a1d" />
    <TestEntry testId="b5385d02-785b-1c22-efc3-1489d2386240" executionId="581afceb-58e8-444f-8357-bc466b74e77e" testListId="8c84fa94-04c1-424b-9868-57a2d4851a1d" />
    <TestEntry testId="77e1ec1a-66e2-9903-c1d2-98aaa8401696" executionId="ab394a00-eba7-482a-8427-0ec71b9950dc" testListId="8c84fa94-04c1-424b-9868-57a2d4851a1d" />
    <TestEntry testId="b550f0f2-0986-f423-452b-f8ce0668ea97" executionId="285cfb12-1327-42df-b4f0-b6b6ac40bc5c" testListId="8c84fa94-04c1-424b-9868-57a2d4851a1d" />
    <TestEntry testId="dc79649f-64d6-0e09-3e17-509466a42e10" executionId="7472bff6-c45f-4195-8642-50b4fe40df02" testListId="8c84fa94-04c1-424b-9868-57a2d4851a1d" />
    <TestEntry testId="3a8fe4cb-6b90-ad18-7e14-0c51c9462a40" executionId="ae615912-9ff7-4645-a6a8-2b3b1382612d" testListId="8c84fa94-04c1-424b-9868-57a2d4851a1d" />
    <TestEntry testId="7136725b-d091-3452-d5bd-a5944e366e31" executionId="cf89b48e-5e39-48f0-a26e-30ef5bd8b16a" testListId="8c84fa94-04c1-424b-9868-57a2d4851a1d" />
    <TestEntry testId="29da4c67-619d-a475-9dbf-b69128795166" executionId="de49d172-867b-4731-9ae5-caa6a60e19f8" testListId="8c84fa94-04c1-424b-9868-57a2d4851a1d" />
    <TestEntry testId="299a18b5-088d-7378-2b22-4153595ae375" executionId="428776e8-4a6f-43ad-bf43-a19718fb6e44" testListId="8c84fa94-04c1-424b-9868-57a2d4851a1d" />
    <TestEntry testId="16be08e5-790a-3391-5c3c-4666308eca90" executionId="030553a1-64ee-49c1-bec2-9a4028321aa3" testListId="8c84fa94-04c1-424b-9868-57a2d4851a1d" />
    <TestEntry testId="035e6bde-e96c-f9bc-c00a-a00fbbef97ad" executionId="4ddfaf8f-3919-4068-89e0-f470ababb8e6" testListId="8c84fa94-04c1-424b-9868-57a2d4851a1d" />
    <TestEntry testId="f38f9e94-deb8-2bb6-3a21-8df4bca0693c" executionId="130e84b9-fc71-463c-9d02-72eafbc8a4a9" testListId="8c84fa94-04c1-424b-9868-57a2d4851a1d" />
    <TestEntry testId="99e9d677-0d86-4b85-468c-c4b80d0a53c8" executionId="659bd437-5459-48e6-a381-d917ffbb3a75" testListId="8c84fa94-04c1-424b-9868-57a2d4851a1d" />
    <TestEntry testId="0683e385-8b9a-00bb-7bf8-8427ab596272" executionId="ba9c6b9b-3559-42e4-a6ee-94cadba11b69" testListId="8c84fa94-04c1-424b-9868-57a2d4851a1d" />
    <TestEntry testId="a69b8935-a743-56ab-4621-cccd60a203e7" executionId="80c76927-7618-4136-9bc9-4d274d087ab6" testListId="8c84fa94-04c1-424b-9868-57a2d4851a1d" />
  </TestEntries>
  <TestLists>
    <TestList name="Results Not in a List" id="8c84fa94-04c1-424b-9868-57a2d4851a1d" />
    <TestList name="All Loaded Results" id="19431567-8539-422a-85d7-44ee4e166bda" />
  </TestLists>
  <ResultSummary outcome="Completed">
    <Counters total="35" executed="35" passed="35" failed="0" error="0" timeout="0" aborted="0" inconclusive="0" passedButRunAborted="0" notRunnable="0" notExecuted="0" disconnected="0" warning="0" completed="0" inProgress="0" pending="0" />
    <Output>
      <StdOut>[xUnit.net 00:00:00.00] xUnit.net VSTest Adapter v3.1.5+1b188a7b0a (64-bit .NET 10.0.11)&#xD;
[xUnit.net 00:00:00.33]   Discovering: CcpClient.HeadlessTests&#xD;
[xUnit.net 00:00:00.74]   Discovered:  CcpClient.HeadlessTests&#xD;
[xUnit.net 00:00:01.10]   Starting:    CcpClient.HeadlessTests&#xD;
dtrh: payload root 'C:\Code\Conditioning-Control-Panel---CSharp-WPF\.worktrees\spine-20260812T203752\lane-1\client\tests\CcpClient.HeadlessTests\bin\Debug\net10.0\payload\dtrh' -&gt; Present (1542 files)&#xD;
dtrh-loopback: page+media origins bound on 127.0.0.1 (ephemeral)&#xD;
layout-probe: card 488.0x92.0 DIP @ scale 1 @ screen 16,44&#xD;
dtrh: participant stop begin&#xD;
dtrh: participant stop end&#xD;
dtrh: payload root 'C:\Code\Conditioning-Control-Panel---CSharp-WPF\.worktrees\spine-20260812T203752\lane-1\client\tests\CcpClient.HeadlessTests\bin\Debug\net10.0\payload\dtrh' -&gt; Present (1542 files)&#xD;
dtrh-loopback: page+media origins bound on 127.0.0.1 (ephemeral)&#xD;
layout-probe: card 488.0x92.0 DIP @ scale 1 @ screen 16,44&#xD;
avatar-capability: Available — pack 'circuit' decoded&#xD;
dtrh: participant stop begin&#xD;
dtrh: participant stop end&#xD;
dtrh: payload root 'C:\Code\Conditioning-Control-Panel---CSharp-WPF\.worktrees\spine-20260812T203752\lane-1\client\tests\CcpClient.HeadlessTests\bin\Debug\net10.0\payload\dtrh' -&gt; Present (1542 files)&#xD;
dtrh-loopback: page+media origins bound on 127.0.0.1 (ephemeral)&#xD;
layout-probe: card 488.0x92.0 DIP @ scale 1 @ screen 16,44&#xD;
dtrh: participant stop begin&#xD;
dtrh: participant stop end&#xD;
dtrh: payload root 'C:\Code\Conditioning-Control-Panel---CSharp-WPF\.worktrees\spine-20260812T203752\lane-1\client\tests\CcpClient.HeadlessTests\bin\Debug\net10.0\payload\dtrh' -&gt; Present (1542 files)&#xD;
dtrh-loopback: page+media origins bound on 127.0.0.1 (ephemeral)&#xD;
layout-probe: card 488.0x92.0 DIP @ scale 1 @ screen 16,44&#xD;
dtrh: participant stop begin&#xD;
dtrh: participant stop end&#xD;
dtrh: payload root 'C:\Code\Conditioning-Control-Panel---CSharp-WPF\.worktrees\spine-20260812T203752\lane-1\client\tests\CcpClient.HeadlessTests\bin\Debug\net10.0\payload\dtrh' -&gt; Present (1542 files)&#xD;
dtrh-loopback: page+media origins bound on 127.0.0.1 (ephemeral)&#xD;
layout-probe: card 488.0x92.0 DIP @ scale 1 @ screen 16,44&#xD;
dtrh: participant stop begin&#xD;
dtrh: participant stop end&#xD;
dtrh: payload root 'C:\Code\Conditioning-Control-Panel---CSharp-WPF\.worktrees\spine-20260812T203752\lane-1\client\tests\CcpClient.HeadlessTests\bin\Debug\net10.0\payload\dtrh' -&gt; Present (1542 files)&#xD;
dtrh-loopback: page+media origins bound on 127.0.0.1 (ephemeral)&#xD;
layout-probe: card 488.0x92.0 DIP @ scale 1 @ screen 16,44&#xD;
dtrh: participant stop begin&#xD;
dtrh: participant stop end&#xD;
dtrh: payload root 'C:\Code\Conditioning-Control-Panel---CSharp-WPF\.worktrees\spine-20260812T203752\lane-1\client\tests\CcpClient.HeadlessTests\bin\Debug\net10.0\payload\dtrh' -&gt; Present (1542 files)&#xD;
dtrh-loopback: page+media origins bound on 127.0.0.1 (ephemeral)&#xD;
layout-probe: card 488.0x92.0 DIP @ scale 1 @ screen 16,44&#xD;
avatar-capability: Available — pack 'circuit' decoded&#xD;
dtrh: participant stop begin&#xD;
dtrh: participant stop end&#xD;
dtrh: payload root 'C:\Code\Conditioning-Control-Panel---CSharp-WPF\.worktrees\spine-20260812T203752\lane-1\client\tests\CcpClient.HeadlessTests\bin\Debug\net10.0\payload\dtrh' -&gt; Present (1542 files)&#xD;
dtrh-loopback: page+media origins bound on 127.0.0.1 (ephemeral)&#xD;
layout-probe: card 488.0x92.0 DIP @ scale 1 @ screen 16,44&#xD;
dtrh: participant stop begin&#xD;
dtrh: participant stop end&#xD;
dtrh: payload root 'C:\Code\Conditioning-Control-Panel---CSharp-WPF\.worktrees\spine-20260812T203752\lane-1\client\tests\CcpClient.HeadlessTests\bin\Debug\net10.0\payload\dtrh' -&gt; Present (1542 files)&#xD;
dtrh-loopback: page+media origins bound on 127.0.0.1 (ephemeral)&#xD;
layout-probe: card 488.0x92.0 DIP @ scale 1 @ screen 16,44&#xD;
dtrh: participant stop begin&#xD;
dtrh: participant stop end&#xD;
dtrh: payload root 'C:\Code\Conditioning-Control-Panel---CSharp-WPF\.worktrees\spine-20260812T203752\lane-1\client\tests\CcpClient.HeadlessTests\bin\Debug\net10.0\payload\dtrh' -&gt; Present (1542 files)&#xD;
dtrh-loopback: page+media origins bound on 127.0.0.1 (ephemeral)&#xD;
layout-probe: card 488.0x92.0 DIP @ scale 1 @ screen 16,44&#xD;
dtrh: participant stop begin&#xD;
dtrh: participant stop end&#xD;
dtrh: payload root 'C:\Code\Conditioning-Control-Panel---CSharp-WPF\.worktrees\spine-20260812T203752\lane-1\client\tests\CcpClient.HeadlessTests\bin\Debug\net10.0\payload\dtrh' -&gt; Present (1542 files)&#xD;
dtrh-loopback: page+media origins bound on 127.0.0.1 (ephemeral)&#xD;
layout-probe: card 488.0x92.0 DIP @ scale 1 @ screen 16,44&#xD;
dtrh: participant stop begin&#xD;
dtrh: participant stop end&#xD;
dtrh: payload root 'C:\Code\Conditioning-Control-Panel---CSharp-WPF\.worktrees\spine-20260812T203752\lane-1\client\tests\CcpClient.HeadlessTests\bin\Debug\net10.0\payload\dtrh' -&gt; Present (1542 files)&#xD;
dtrh-loopback: page+media origins bound on 127.0.0.1 (ephemeral)&#xD;
layout-probe: card 488.0x92.0 DIP @ scale 1 @ screen 16,44&#xD;
avatar-capability: Available — pack 'circuit' decoded&#xD;
avatar-capability: Degraded (asset-undecodable) — pack 'pulse' sheet 'Assets/avatar/pack-pulse.bmp' is undecodable: bmp: missing BM signature&#xD;
dtrh: participant stop begin&#xD;
dtrh: participant stop end&#xD;
dtrh: payload root 'C:\Code\Conditioning-Control-Panel---CSharp-WPF\.worktrees\spine-20260812T203752\lane-1\client\tests\CcpClient.HeadlessTests\bin\Debug\net10.0\payload\dtrh' -&gt; Present (1542 files)&#xD;
dtrh-loopback: page+media origins bound on 127.0.0.1 (ephemeral)&#xD;
layout-probe: card 488.0x92.0 DIP @ scale 1 @ screen 16,44&#xD;
dtrh: participant stop begin&#xD;
dtrh: participant stop end&#xD;
dtrh: payload root 'C:\Code\Conditioning-Control-Panel---CSharp-WPF\.worktrees\spine-20260812T203752\lane-1\client\tests\CcpClient.HeadlessTests\bin\Debug\net10.0\payload\dtrh' -&gt; Present (1542 files)&#xD;
dtrh-loopback: page+media origins bound on 127.0.0.1 (ephemeral)&#xD;
layout-probe: card 488.0x92.0 DIP @ scale 1 @ screen 16,44&#xD;
dtrh: participant stop begin&#xD;
dtrh: participant stop end&#xD;
dtrh: payload root 'C:\Code\Conditioning-Control-Panel---CSharp-WPF\.worktrees\spine-20260812T203752\lane-1\client\tests\CcpClient.HeadlessTests\bin\Debug\net10.0\payload\dtrh' -&gt; Present (1542 files)&#xD;
dtrh-loopback: page+media origins bound on 127.0.0.1 (ephemeral)&#xD;
layout-probe: card 488.0x92.0 DIP @ scale 1 @ screen 16,44&#xD;
dtrh: participant stop begin&#xD;
dtrh: participant stop end&#xD;
dtrh: payload root 'C:\Code\Conditioning-Control-Panel---CSharp-WPF\.worktrees\spine-20260812T203752\lane-1\client\tests\CcpClient.HeadlessTests\bin\Debug\net10.0\payload\dtrh' -&gt; Present (1542 files)&#xD;
dtrh-loopback: page+media origins bound on 127.0.0.1 (ephemeral)&#xD;
layout-probe: card 488.0x92.0 DIP @ scale 1 @ screen 16,44&#xD;
dtrh: participant stop begin&#xD;
dtrh: participant stop end&#xD;
dtrh: payload root 'C:\Code\Conditioning-Control-Panel---CSharp-WPF\.worktrees\spine-20260812T203752\lane-1\client\tests\CcpClient.HeadlessTests\bin\Debug\net10.0\payload\dtrh' -&gt; Present (1542 files)&#xD;
dtrh-loopback: page+media origins bound on 127.0.0.1 (ephemeral)&#xD;
layout-probe: card 488.0x92.0 DIP @ scale 1 @ screen 16,44&#xD;
avatar-capability: Available — pack 'circuit' decoded&#xD;
dtrh: participant stop begin&#xD;
dtrh: participant stop end&#xD;
dtrh: payload root 'C:\Code\Conditioning-Control-Panel---CSharp-WPF\.worktrees\spine-20260812T203752\lane-1\client\tests\CcpClient.HeadlessTests\bin\Debug\net10.0\payload\dtrh' -&gt; Present (1542 files)&#xD;
dtrh-loopback: page+media origins bound on 127.0.0.1 (ephemeral)&#xD;
layout-probe: card 488.0x92.0 DIP @ scale 1 @ screen 16,44&#xD;
dtrh: participant stop begin&#xD;
dtrh: participant stop end&#xD;
dtrh: payload root 'C:\Code\Conditioning-Control-Panel---CSharp-WPF\.worktrees\spine-20260812T203752\lane-1\client\tests\CcpClient.HeadlessTests\bin\Debug\net10.0\payload\dtrh' -&gt; Present (1542 files)&#xD;
dtrh-loopback: page+media origins bound on 127.0.0.1 (ephemeral)&#xD;
layout-probe: card 488.0x92.0 DIP @ scale 1 @ screen 16,44&#xD;
dtrh: participant stop begin&#xD;
dtrh: participant stop end&#xD;
dtrh: payload root 'C:\Code\Conditioning-Control-Panel---CSharp-WPF\.worktrees\spine-20260812T203752\lane-1\client\tests\CcpClient.HeadlessTests\bin\Debug\net10.0\payload\dtrh' -&gt; Present (1542 files)&#xD;
dtrh-loopback: page+media origins bound on 127.0.0.1 (ephemeral)&#xD;
layout-probe: card 488.0x92.0 DIP @ scale 1 @ screen 16,44&#xD;
avatar-capability: Available — pack 'circuit' decoded&#xD;
dtrh: participant stop begin&#xD;
dtrh: participant stop end&#xD;
dtrh: payload root 'C:\Code\Conditioning-Control-Panel---CSharp-WPF\.worktrees\spine-20260812T203752\lane-1\client\tests\CcpClient.HeadlessTests\bin\Debug\net10.0\payload\dtrh' -&gt; Present (1542 files)&#xD;
dtrh-loopback: page+media origins bound on 127.0.0.1 (ephemeral)&#xD;
layout-probe: card 488.0x92.0 DIP @ scale 1 @ screen 16,44&#xD;
dtrh: participant stop begin&#xD;
dtrh: participant stop end&#xD;
dtrh: payload root 'C:\Code\Conditioning-Control-Panel---CSharp-WPF\.worktrees\spine-20260812T203752\lane-1\client\tests\CcpClient.HeadlessTests\bin\Debug\net10.0\payload\dtrh' -&gt; Present (1542 files)&#xD;
dtrh-loopback: page+media origins bound on 127.0.0.1 (ephemeral)&#xD;
layout-probe: card 488.0x92.0 DIP @ scale 1 @ screen 16,44&#xD;
avatar-capability: Available — pack 'circuit' decoded&#xD;
dtrh: participant stop begin&#xD;
dtrh: participant stop end&#xD;
dtrh: payload root 'C:\Code\Conditioning-Control-Panel---CSharp-WPF\.worktrees\spine-20260812T203752\lane-1\client\tests\CcpClient.HeadlessTests\bin\Debug\net10.0\payload\dtrh' -&gt; Present (1542 files)&#xD;
dtrh-loopback: page+media origins bound on 127.0.0.1 (ephemeral)&#xD;
layout-probe: card 488.0x92.0 DIP @ scale 1 @ screen 16,44&#xD;
dtrh: participant stop begin&#xD;
dtrh: participant stop end&#xD;
dtrh: payload root 'C:\Code\Conditioning-Control-Panel---CSharp-WPF\.worktrees\spine-20260812T203752\lane-1\client\tests\CcpClient.HeadlessTests\bin\Debug\net10.0\payload\dtrh' -&gt; Present (1542 files)&#xD;
dtrh-loopback: page+media origins bound on 127.0.0.1 (ephemeral)&#xD;
layout-probe: card 488.0x92.0 DIP @ scale 1 @ screen 16,44&#xD;
avatar-capability: Available — pack 'circuit' decoded&#xD;
dtrh: participant stop begin&#xD;
dtrh: participant stop end&#xD;
dtrh: payload root 'C:\Code\Conditioning-Control-Panel---CSharp-WPF\.worktrees\spine-20260812T203752\lane-1\client\tests\CcpClient.HeadlessTests\bin\Debug\net10.0\payload\dtrh' -&gt; Present (1542 files)&#xD;
dtrh-loopback: page+media origins bound on 127.0.0.1 (ephemeral)&#xD;
layout-probe: card 488.0x92.0 DIP @ scale 1 @ screen 16,44&#xD;
dtrh: participant stop begin&#xD;
dtrh: participant stop end&#xD;
dtrh: payload root 'C:\Code\Conditioning-Control-Panel---CSharp-WPF\.worktrees\spine-20260812T203752\lane-1\client\tests\CcpClient.HeadlessTests\bin\Debug\net10.0\payload\dtrh' -&gt; Present (1542 files)&#xD;
dtrh-loopback: page+media origins bound on 127.0.0.1 (ephemeral)&#xD;
layout-probe: card 488.0x92.0 DIP @ scale 1 @ screen 16,44&#xD;
dtrh: participant stop begin&#xD;
dtrh: participant stop end&#xD;
[xUnit.net 00:00:16.57]   Finished:    CcpClient.HeadlessTests (ID = 'ebf54b590c778d235d99f9e7ac1925e34ebd3d59aedb0bf7b720c3a8c5ce48d1')&#xD;
</StdOut>
    </Output>
  </ResultSummary>
</TestRun>