<?xml version="1.0" encoding="utf-8"?>
<TestRun id="0a92d285-6ebe-4e00-b1d6-3e3b57a1c1d7" name="Micha@MICH_S_YOGA 2026-08-13 06:48:14" runUser="MICH_S_YOGA\Micha" xmlns="http://microsoft.com/schemas/VisualStudio/TeamTest/2010">
  <Times creation="2026-08-13T06:48:14.9963520+09:00" queuing="2026-08-13T06:48:14.9963525+09:00" start="2026-08-13T06:48:12.7138185+09:00" finish="2026-08-13T06:48:30.9019104+09:00" />
  <TestSettings name="default" id="0ed487a3-7753-4077-a7fc-86a44a855d78">
    <Deployment runDeploymentRoot="Micha_MICH_S_YOGA_2026-08-13_06_48_14" />
  </TestSettings>
  <Results>
    <UnitTestResult executionId="633d63e7-fcbe-4246-8314-bb14798078d3" testId="5483dd7b-37f9-8bc7-6b4b-fbb130ff23a1" testName="CcpClient.HeadlessTests.AvatarTubeHeadlessTests.Tube_Opens_LayersPresent_FirstFrameAndCapabilityRendered" computerName="MICH_S_YOGA" duration="00:00:00.0954847" startTime="2026-08-13T06:48:24.1350684+09:00" endTime="2026-08-13T06:48:24.2306381+09:00" testType="13cdc9d9-ddb5-4fa4-a97d-d965ccfc6d4b" outcome="Passed" testListId="8c84fa94-04c1-424b-9868-57a2d4851a1d" relativeResultsDirectory="633d63e7-fcbe-4246-8314-bb14798078d3" />
    <UnitTestResult executionId="12418725-8cf7-4c59-b5b6-6d06af366b4f" testId="cd9fe552-49ba-1d17-ec86-6f7b8c828d72" testName="CcpClient.HeadlessTests.FeaturePopupHeadlessTests.NestedList_ScrollsItself_ThenChainsToPopup" computerName="MICH_S_YOGA" duration="00:00:00.3332994" startTime="2026-08-13T06:48:23.7971269+09:00" endTime="2026-08-13T06:48:24.1304821+09:00" testType="13cdc9d9-ddb5-4fa4-a97d-d965ccfc6d4b" outcome="Passed" testListId="8c84fa94-04c1-424b-9868-57a2d4851a1d" relativeResultsDirectory="12418725-8cf7-4c59-b5b6-6d06af366b4f" />
    <UnitTestResult executionId="9b05fc9b-a993-465a-a872-636bdc6a09c0" testId="9bf72dd2-8b33-d859-97f9-1c908a0f599f" testName="CcpClient.HeadlessTests.DtrhVideoWindowHeadlessTests.Close_Unsubscribes_NoThrowOnLateFrame" computerName="MICH_S_YOGA" duration="00:00:00.0021520" startTime="2026-08-13T06:48:22.1983998+09:00" endTime="2026-08-13T06:48:22.2006652+09:00" testType="13cdc9d9-ddb5-4fa4-a97d-d965ccfc6d4b" outcome="Passed" testListId="8c84fa94-04c1-424b-9868-57a2d4851a1d" relativeResultsDirectory="9b05fc9b-a993-465a-a872-636bdc6a09c0" />
    <UnitTestResult executionId="3655b584-1f09-48ea-832f-5a0f0d7adecd" testId="c32dd0ae-490e-4c67-10b0-2c768c8c0d88" testName="CcpClient.HeadlessTests.CompanionWindowHeadlessTests.OpenFromDashboard_OwnedModeless_DashboardStays" computerName="MICH_S_YOGA" duration="00:00:00.1576714" startTime="2026-08-13T06:48:23.0771134+09:00" endTime="2026-08-13T06:48:23.2348742+09:00" testType="13cdc9d9-ddb5-4fa4-a97d-d965ccfc6d4b" outcome="Passed" testListId="8c84fa94-04c1-424b-9868-57a2d4851a1d" relativeResultsDirectory="3655b584-1f09-48ea-832f-5a0f0d7adecd" />
    <UnitTestResult executionId="94da862d-ab11-4ca5-a2c9-bd4a159647b6" testId="c761175a-69e3-2b53-e8e1-38363a5d7eb7" testName="CcpClient.HeadlessTests.DashboardCardHeadlessTests.Card_Toggle_AppliesLitClass_AndStyleResolvesBorderBrush" computerName="MICH_S_YOGA" duration="00:00:00.0832132" startTime="2026-08-13T06:48:22.5038229+09:00" endTime="2026-08-13T06:48:22.5871392+09:00" testType="13cdc9d9-ddb5-4fa4-a97d-d965ccfc6d4b" outcome="Passed" testListId="8c84fa94-04c1-424b-9868-57a2d4851a1d" relativeResultsDirectory="94da862d-ab11-4ca5-a2c9-bd4a159647b6" />
    <UnitTestResult executionId="dafb29a1-eeaf-42ab-bd80-079ad6d1fd45" testId="98e2b4ff-7470-80d5-0843-f0427ba25a33" testName="CcpClient.HeadlessTests.AvatarTubeHeadlessTests.AttachDetach_ViewOnlySwitch_PreservesPipeline" computerName="MICH_S_YOGA" duration="00:00:01.5987104" startTime="2026-08-13T06:48:24.3831025+09:00" endTime="2026-08-13T06:48:25.9817311+09:00" testType="13cdc9d9-ddb5-4fa4-a97d-d965ccfc6d4b" outcome="Passed" testListId="8c84fa94-04c1-424b-9868-57a2d4851a1d" relativeResultsDirectory="dafb29a1-eeaf-42ab-bd80-079ad6d1fd45" />
    <UnitTestResult executionId="384cc5bf-7971-4a6a-86e3-20353ff236ed" testId="b5385d02-785b-1c22-efc3-1489d2386240" testName="CcpClient.HeadlessTests.AvatarTubeHeadlessTests.FrameAdvance_UpdatesLayerSource_FloatTransform_AndProbe" computerName="MICH_S_YOGA" duration="00:00:01.6830723" startTime="2026-08-13T06:48:17.6804173+09:00" endTime="2026-08-13T06:48:19.3634110+09:00" testType="13cdc9d9-ddb5-4fa4-a97d-d965ccfc6d4b" outcome="Passed" testListId="8c84fa94-04c1-424b-9868-57a2d4851a1d" relativeResultsDirectory="384cc5bf-7971-4a6a-86e3-20353ff236ed" />
    <UnitTestResult executionId="e8881055-d030-4d46-a7ca-52002acebb5d" testId="d1a7cf47-c060-67b2-0520-7751e2e67f2c" testName="CcpClient.HeadlessTests.QuickToggleDispatchHeadlessTests.EnterKey_WhenFocused_TogglesSameOperation_AsRightClick" computerName="MICH_S_YOGA" duration="00:00:00.1822553" startTime="2026-08-13T06:48:19.9551842+09:00" endTime="2026-08-13T06:48:20.1375411+09:00" testType="13cdc9d9-ddb5-4fa4-a97d-d965ccfc6d4b" outcome="Passed" testListId="8c84fa94-04c1-424b-9868-57a2d4851a1d" relativeResultsDirectory="e8881055-d030-4d46-a7ca-52002acebb5d" />
    <UnitTestResult executionId="b6558279-fcef-4f34-84e0-11e2804ccec7" testId="99e9d677-0d86-4b85-468c-c4b80d0a53c8" testName="CcpClient.HeadlessTests.DtrhVideoWindowHeadlessTests.PresentedFrame_LandsOnTheImage" computerName="MICH_S_YOGA" duration="00:00:00.0155474" startTime="2026-08-13T06:48:19.4059024+09:00" endTime="2026-08-13T06:48:19.4216373+09:00" testType="13cdc9d9-ddb5-4fa4-a97d-d965ccfc6d4b" outcome="Passed" testListId="8c84fa94-04c1-424b-9868-57a2d4851a1d" relativeResultsDirectory="b6558279-fcef-4f34-84e0-11e2804ccec7" />
    <UnitTestResult executionId="22a1109c-33c3-462e-a598-c7eff7e48fc3" testId="0683e385-8b9a-00bb-7bf8-8427ab596272" testName="CcpClient.HeadlessTests.FeaturePopupHeadlessTests.Popup_StaysInsideOwnerWorkingArea" computerName="MICH_S_YOGA" duration="00:00:00.2848974" startTime="2026-08-13T06:48:17.3888885+09:00" endTime="2026-08-13T06:48:17.6738895+09:00" testType="13cdc9d9-ddb5-4fa4-a97d-d965ccfc6d4b" outcome="Passed" testListId="8c84fa94-04c1-424b-9868-57a2d4851a1d" relativeResultsDirectory="22a1109c-33c3-462e-a598-c7eff7e48fc3" />
    <UnitTestResult executionId="3a877f3d-f55e-4e66-8640-fb892206bf24" testId="1214411f-fe42-50b5-c40b-103b87443a40" testName="CcpClient.HeadlessTests.DtrhSlotPickerHeadlessTests.RankName_MatchesWpfThresholds" computerName="MICH_S_YOGA" duration="00:00:00.0288874" startTime="2026-08-13T06:48:14.7593073+09:00" endTime="2026-08-13T06:48:14.8054502+09:00" testType="13cdc9d9-ddb5-4fa4-a97d-d965ccfc6d4b" outcome="Passed" testListId="8c84fa94-04c1-424b-9868-57a2d4851a1d" relativeResultsDirectory="3a877f3d-f55e-4e66-8640-fb892206bf24" />
    <UnitTestResult executionId="4eedc892-b839-4943-83e6-c5aca40f075a" testId="2c3eb85d-eda8-2be3-955e-839773a60b44" testName="CcpClient.HeadlessTests.QuickToggleDispatchHeadlessTests.RightClickPress_OnCardBody_TogglesThroughStableIdPath" computerName="MICH_S_YOGA" duration="00:00:00.1016797" startTime="2026-08-13T06:48:23.2392229+09:00" endTime="2026-08-13T06:48:23.3410155+09:00" testType="13cdc9d9-ddb5-4fa4-a97d-d965ccfc6d4b" outcome="Passed" testListId="8c84fa94-04c1-424b-9868-57a2d4851a1d" relativeResultsDirectory="4eedc892-b839-4943-83e6-c5aca40f075a" />
    <UnitTestResult executionId="625e2bb3-4117-42ef-a358-b6e8fb1ec26d" testId="2d6e7587-f44a-049d-d426-d41d493f6200" testName="CcpClient.HeadlessTests.FeaturePopupHeadlessTests.OneAtATime_CloseExistingBeforeNew" computerName="MICH_S_YOGA" duration="00:00:00.1342099" startTime="2026-08-13T06:48:30.5814485+09:00" endTime="2026-08-13T06:48:30.7157295+09:00" testType="13cdc9d9-ddb5-4fa4-a97d-d965ccfc6d4b" outcome="Passed" testListId="8c84fa94-04c1-424b-9868-57a2d4851a1d" relativeResultsDirectory="625e2bb3-4117-42ef-a358-b6e8fb1ec26d" />
    <UnitTestResult executionId="b56ae9b3-eab1-40d4-b28a-90056b520af3" testId="a69b8935-a743-56ab-4621-cccd60a203e7" testName="CcpClient.HeadlessTests.DashboardCardHeadlessTests.ElementNameMirror_FollowsLiveTickText" computerName="MICH_S_YOGA" duration="00:00:00.6086686" startTime="2026-08-13T06:48:16.6248332+09:00" endTime="2026-08-13T06:48:17.2335284+09:00" testType="13cdc9d9-ddb5-4fa4-a97d-d965ccfc6d4b" outcome="Passed" testListId="8c84fa94-04c1-424b-9868-57a2d4851a1d" relativeResultsDirectory="b56ae9b3-eab1-40d4-b28a-90056b520af3" />
    <UnitTestResult executionId="3c8e2243-9f88-4213-8ffb-29df8eef00e3" testId="f38f9e94-deb8-2bb6-3a21-8df4bca0693c" testName="CcpClient.HeadlessTests.ChaosTunnelWindowHeadlessTests.ShowAndSink_AreSafeWithoutAnAttachedSurface" computerName="MICH_S_YOGA" duration="00:00:00.0047370" startTime="2026-08-13T06:48:22.1883090+09:00" endTime="2026-08-13T06:48:22.1931759+09:00" testType="13cdc9d9-ddb5-4fa4-a97d-d965ccfc6d4b" outcome="Passed" testListId="8c84fa94-04c1-424b-9868-57a2d4851a1d" relativeResultsDirectory="3c8e2243-9f88-4213-8ffb-29df8eef00e3" />
    <UnitTestResult executionId="78c347a8-9504-42ca-b997-77308211b465" testId="2e779db8-3cdb-b849-bd10-e9de5ea76575" testName="CcpClient.HeadlessTests.DtrhSlotPickerHeadlessTests.PopulatedSlot_ShowsRankStatsLastPlayed_AndDeleteFlow" computerName="MICH_S_YOGA" duration="00:00:00.0568936" startTime="2026-08-13T06:48:23.0147487+09:00" endTime="2026-08-13T06:48:23.0717391+09:00" testType="13cdc9d9-ddb5-4fa4-a97d-d965ccfc6d4b" outcome="Passed" testListId="8c84fa94-04c1-424b-9868-57a2d4851a1d" relativeResultsDirectory="78c347a8-9504-42ca-b997-77308211b465" />
    <UnitTestResult executionId="c8beb030-e8aa-4537-8512-0a4a85c49982" testId="63c945a9-570d-23f3-3c83-12996fb1184b" testName="CcpClient.HeadlessTests.AvatarTubeHeadlessTests.PauseButton_FreezesPipeline_ResumeContinuesSuccessor" computerName="MICH_S_YOGA" duration="00:00:01.6552932" startTime="2026-08-13T06:48:20.5264458+09:00" endTime="2026-08-13T06:48:22.1816832+09:00" testType="13cdc9d9-ddb5-4fa4-a97d-d965ccfc6d4b" outcome="Passed" testListId="8c84fa94-04c1-424b-9868-57a2d4851a1d" relativeResultsDirectory="c8beb030-e8aa-4537-8512-0a4a85c49982" />
    <UnitTestResult executionId="2f84da56-9eb9-4148-8cca-26f5fd7ba821" testId="51b6198f-e3f0-881f-7d60-dfc8d0f6724c" testName="CcpClient.HeadlessTests.AvatarTubeHeadlessTests.Close_DisposesEngineAndSubscriptions" computerName="MICH_S_YOGA" duration="00:00:00.1854174" startTime="2026-08-13T06:48:23.5825811+09:00" endTime="2026-08-13T06:48:23.7680831+09:00" testType="13cdc9d9-ddb5-4fa4-a97d-d965ccfc6d4b" outcome="Passed" testListId="8c84fa94-04c1-424b-9868-57a2d4851a1d" relativeResultsDirectory="2f84da56-9eb9-4148-8cca-26f5fd7ba821" />
    <UnitTestResult executionId="f50e66ed-1ab4-4d28-bf61-f86cb3dea692" testId="b209f7cb-4560-11fa-64a1-95cb0cee5de3" testName="CcpClient.HeadlessTests.FeaturePopupHeadlessTests.Wheel_ReachesFinalControl_OffsetChangesMonotonically" computerName="MICH_S_YOGA" duration="00:00:00.3765387" startTime="2026-08-13T06:48:20.1437533+09:00" endTime="2026-08-13T06:48:20.5203998+09:00" testType="13cdc9d9-ddb5-4fa4-a97d-d965ccfc6d4b" outcome="Passed" testListId="8c84fa94-04c1-424b-9868-57a2d4851a1d" relativeResultsDirectory="f50e66ed-1ab4-4d28-bf61-f86cb3dea692" />
    <UnitTestResult executionId="3271f998-8c70-4d0d-a276-654fd832cb58" testId="6b096e8d-2d36-390c-763d-38ca75777864" testName="CcpClient.HeadlessTests.CompanionWindowHeadlessTests.ClearConfirm_ShowsOverlay_EscapeCancels_YesNeverDefaultPosition" computerName="MICH_S_YOGA" duration="00:00:00.1761488" startTime="2026-08-13T06:48:22.3027194+09:00" endTime="2026-08-13T06:48:22.4789485+09:00" testType="13cdc9d9-ddb5-4fa4-a97d-d965ccfc6d4b" outcome="Passed" testListId="8c84fa94-04c1-424b-9868-57a2d4851a1d" relativeResultsDirectory="3271f998-8c70-4d0d-a276-654fd832cb58" />
    <UnitTestResult executionId="db3531a7-a2ce-4423-918a-4eee8889cd1a" testId="b8bbae0c-1de7-87d7-a66d-9e0028ccdd4b" testName="CcpClient.HeadlessTests.CompanionWindowHeadlessTests.UnavailableReply_RendersSubduedBubble_WithoutBadge" computerName="MICH_S_YOGA" duration="00:00:01.5306641" startTime="2026-08-13T06:48:14.9697932+09:00" endTime="2026-08-13T06:48:16.5027479+09:00" testType="13cdc9d9-ddb5-4fa4-a97d-d965ccfc6d4b" outcome="Passed" testListId="8c84fa94-04c1-424b-9868-57a2d4851a1d" relativeResultsDirectory="db3531a7-a2ce-4423-918a-4eee8889cd1a" />
    <UnitTestResult executionId="b9ca506a-eff8-4102-9ee6-928bcbedd15d" testId="035e6bde-e96c-f9bc-c00a-a00fbbef97ad" testName="CcpClient.HeadlessTests.FeaturePopupHeadlessTests.Escape_And_CloseButton_BothClose_ThroughTheOnePath" computerName="MICH_S_YOGA" duration="00:00:00.2321019" startTime="2026-08-13T06:48:23.3454464+09:00" endTime="2026-08-13T06:48:23.5776162+09:00" testType="13cdc9d9-ddb5-4fa4-a97d-d965ccfc6d4b" outcome="Passed" testListId="8c84fa94-04c1-424b-9868-57a2d4851a1d" relativeResultsDirectory="b9ca506a-eff8-4102-9ee6-928bcbedd15d" />
    <UnitTestResult executionId="29c7655f-3fbc-4dae-b132-9f4ad3fa6245" testId="7136725b-d091-3452-d5bd-a5944e366e31" testName="CcpClient.HeadlessTests.FeaturePopupHeadlessTests.TallContent_CapsHeight_AndFinalControlStartsBelowFold" computerName="MICH_S_YOGA" duration="00:00:00.1701530" startTime="2026-08-13T06:48:22.6956877+09:00" endTime="2026-08-13T06:48:22.8659109+09:00" testType="13cdc9d9-ddb5-4fa4-a97d-d965ccfc6d4b" outcome="Passed" testListId="8c84fa94-04c1-424b-9868-57a2d4851a1d" relativeResultsDirectory="29c7655f-3fbc-4dae-b132-9f4ad3fa6245" />
    <UnitTestResult executionId="cfc1bbf3-d152-4861-9189-4a26b3554851" testId="3a8fe4cb-6b90-ad18-7e14-0c51c9462a40" testName="CcpClient.HeadlessTests.AvatarTubeHeadlessTests.CorruptPackSwitch_TypedDegraded_AndStaticFallbackVisible" computerName="MICH_S_YOGA" duration="00:00:00.1371968" startTime="2026-08-13T06:48:22.8729737+09:00" endTime="2026-08-13T06:48:23.0102635+09:00" testType="13cdc9d9-ddb5-4fa4-a97d-d965ccfc6d4b" outcome="Passed" testListId="8c84fa94-04c1-424b-9868-57a2d4851a1d" relativeResultsDirectory="cfc1bbf3-d152-4861-9189-4a26b3554851" />
    <UnitTestResult executionId="e0ba9e62-9c44-44b2-a85e-9885c922464e" testId="29da4c67-619d-a475-9dbf-b69128795166" testName="CcpClient.HeadlessTests.DtrhSlotPickerHeadlessTests.FreshProfile_ThreeCards_Slots23Locked_NewJourney" computerName="MICH_S_YOGA" duration="00:00:00.0204902" startTime="2026-08-13T06:48:23.7721925+09:00" endTime="2026-08-13T06:48:23.7927785+09:00" testType="13cdc9d9-ddb5-4fa4-a97d-d965ccfc6d4b" outcome="Passed" testListId="8c84fa94-04c1-424b-9868-57a2d4851a1d" relativeResultsDirectory="e0ba9e62-9c44-44b2-a85e-9885c922464e" />
    <UnitTestResult executionId="8b828038-4883-49aa-a3ac-ed2a64b3a38c" testId="299a18b5-088d-7378-2b22-4153595ae375" testName="CcpClient.HeadlessTests.DashboardCardHeadlessTests.Card_ArrangedBounds_GrowWithLoadBearingIsVisible" computerName="MICH_S_YOGA" duration="00:00:00.1450635" startTime="2026-08-13T06:48:19.8031803+09:00" endTime="2026-08-13T06:48:19.9483434+09:00" testType="13cdc9d9-ddb5-4fa4-a97d-d965ccfc6d4b" outcome="Passed" testListId="8c84fa94-04c1-424b-9868-57a2d4851a1d" relativeResultsDirectory="8b828038-4883-49aa-a3ac-ed2a64b3a38c" />
    <UnitTestResult executionId="e6b4d1ac-a71f-4e19-b186-02abe160e002" testId="dc79649f-64d6-0e09-3e17-509466a42e10" testName="CcpClient.HeadlessTests.FeaturePopupHeadlessTests.LeftClick_OpensOwnedModelessPopup_WithContractChrome" computerName="MICH_S_YOGA" duration="00:00:00.1309152" startTime="2026-08-13T06:48:25.9836462+09:00" endTime="2026-08-13T06:48:26.1146666+09:00" testType="13cdc9d9-ddb5-4fa4-a97d-d965ccfc6d4b" outcome="Passed" testListId="8c84fa94-04c1-424b-9868-57a2d4851a1d" relativeResultsDirectory="e6b4d1ac-a71f-4e19-b186-02abe160e002" />
    <UnitTestResult executionId="4f500b0d-bc3a-4c12-a283-00e5af8b1a82" testId="308a579d-9375-db6f-1404-67c3a1968e33" testName="CcpClient.HeadlessTests.ChaosTunnelWindowHeadlessTests.DeclaredPolicy_MatchesTheLayeringContract" computerName="MICH_S_YOGA" duration="00:00:00.0298217" startTime="2026-08-13T06:48:19.3694673+09:00" endTime="2026-08-13T06:48:19.3994448+09:00" testType="13cdc9d9-ddb5-4fa4-a97d-d965ccfc6d4b" outcome="Passed" testListId="8c84fa94-04c1-424b-9868-57a2d4851a1d" relativeResultsDirectory="4f500b0d-bc3a-4c12-a283-00e5af8b1a82" />
    <UnitTestResult executionId="20a14aac-ee7b-496b-8e6b-d1d5902f317a" testId="ae0a6971-742a-f04f-82b4-17c46b8c2c64" testName="CcpClient.HeadlessTests.DtrhSlotPickerHeadlessTests.CardClick_ChangesSelection" computerName="MICH_S_YOGA" duration="00:00:00.0922031" startTime="2026-08-13T06:48:22.2050517+09:00" endTime="2026-08-13T06:48:22.2973507+09:00" testType="13cdc9d9-ddb5-4fa4-a97d-d965ccfc6d4b" outcome="Passed" testListId="8c84fa94-04c1-424b-9868-57a2d4851a1d" relativeResultsDirectory="20a14aac-ee7b-496b-8e6b-d1d5902f317a" />
    <UnitTestResult executionId="8a2ea983-e1e0-4b14-a598-a3cecd49cf9e" testId="7cc2bb4f-36fa-6a6f-7e5f-39784f19e5eb" testName="CcpClient.HeadlessTests.DtrhSlotPickerHeadlessTests.Commit_AndCancel_Outcomes" computerName="MICH_S_YOGA" duration="00:00:00.1072262" startTime="2026-08-13T06:48:19.4286625+09:00" endTime="2026-08-13T06:48:19.5360307+09:00" testType="13cdc9d9-ddb5-4fa4-a97d-d965ccfc6d4b" outcome="Passed" testListId="8c84fa94-04c1-424b-9868-57a2d4851a1d" relativeResultsDirectory="8a2ea983-e1e0-4b14-a598-a3cecd49cf9e" />
    <UnitTestResult executionId="5df05d14-2386-4330-a822-262def8f700d" testId="77e1ec1a-66e2-9903-c1d2-98aaa8401696" testName="CcpClient.HeadlessTests.CompanionWindowHeadlessTests.Surface_Renders_ChatInput_Settings_ConfirmHidden_StatusHonest" computerName="MICH_S_YOGA" duration="00:00:00.2491954" startTime="2026-08-13T06:48:19.5433382+09:00" endTime="2026-08-13T06:48:19.7926406+09:00" testType="13cdc9d9-ddb5-4fa4-a97d-d965ccfc6d4b" outcome="Passed" testListId="8c84fa94-04c1-424b-9868-57a2d4851a1d" relativeResultsDirectory="5df05d14-2386-4330-a822-262def8f700d" />
    <UnitTestResult executionId="995cf627-4bc6-49df-a3bd-93a4003896d3" testId="b550f0f2-0986-f423-452b-f8ce0668ea97" testName="CcpClient.HeadlessTests.QuickToggleDispatchHeadlessTests.TitleMutation_RendersMutatedTitle_AndRightClickStillToggles" computerName="MICH_S_YOGA" duration="00:00:00.0985634" startTime="2026-08-13T06:48:22.5918959+09:00" endTime="2026-08-13T06:48:22.6905636+09:00" testType="13cdc9d9-ddb5-4fa4-a97d-d965ccfc6d4b" outcome="Passed" testListId="8c84fa94-04c1-424b-9868-57a2d4851a1d" relativeResultsDirectory="995cf627-4bc6-49df-a3bd-93a4003896d3" />
    <UnitTestResult executionId="d97dd271-bf64-46de-ad06-e220fc3112e3" testId="16be08e5-790a-3391-5c3c-4666308eca90" testName="CcpClient.HeadlessTests.FeaturePopupHeadlessTests.ShortContent_Compact_NoScrollbarMetrics" computerName="MICH_S_YOGA" duration="00:00:00.1368815" startTime="2026-08-13T06:48:24.2351905+09:00" endTime="2026-08-13T06:48:24.3721662+09:00" testType="13cdc9d9-ddb5-4fa4-a97d-d965ccfc6d4b" outcome="Passed" testListId="8c84fa94-04c1-424b-9868-57a2d4851a1d" relativeResultsDirectory="d97dd271-bf64-46de-ad06-e220fc3112e3" />
    <UnitTestResult executionId="e8e504ef-50a8-4d65-9829-0ecac6db5340" testId="56cb8fcc-3e7f-7ac2-f0d3-71fa73d020e0" testName="CcpClient.HeadlessTests.AvatarTubeHeadlessTests.AvatarClick_RoutesToClickEmote_DistinctFromSpeech" computerName="MICH_S_YOGA" duration="00:00:04.4641780" startTime="2026-08-13T06:48:26.1159860+09:00" endTime="2026-08-13T06:48:30.5796690+09:00" testType="13cdc9d9-ddb5-4fa4-a97d-d965ccfc6d4b" outcome="Passed" testListId="8c84fa94-04c1-424b-9868-57a2d4851a1d" relativeResultsDirectory="e8e504ef-50a8-4d65-9829-0ecac6db5340" />
    <UnitTestResult executionId="a51cfbb2-5d8c-4a6b-859b-1d64b796f39e" testId="ceecf6fd-1fad-a1f2-d6ac-ca285f642eb1" testName="CcpClient.HeadlessTests.QuickToggleDispatchHeadlessTests.PlainRightClick_NoContextMenu_ExistsOrOpens" computerName="MICH_S_YOGA" duration="00:00:00.1454134" startTime="2026-08-13T06:48:17.2382994+09:00" endTime="2026-08-13T06:48:17.3838134+09:00" testType="13cdc9d9-ddb5-4fa4-a97d-d965ccfc6d4b" outcome="Passed" testListId="8c84fa94-04c1-424b-9868-57a2d4851a1d" relativeResultsDirectory="a51cfbb2-5d8c-4a6b-859b-1d64b796f39e" />
  </Results>
  <TestDefinitions>
    <UnitTest name="CcpClient.HeadlessTests.DtrhSlotPickerHeadlessTests.PopulatedSlot_ShowsRankStatsLastPlayed_AndDeleteFlow" storage="c:\code\conditioning-control-panel---csharp-wpf\.worktrees\spine-20260812t203752\lane-1\client\tests\ccpclient.headlesstests\bin\debug\net10.0\ccpclient.headlesstests.dll" id="2e779db8-3cdb-b849-bd10-e9de5ea76575">
      <Execution id="78c347a8-9504-42ca-b997-77308211b465" />
      <TestMethod codeBase="C:\Code\Conditioning-Control-Panel---CSharp-WPF\.worktrees\spine-20260812T203752\lane-1\client\tests\CcpClient.HeadlessTests\bin\Debug\net10.0\CcpClient.HeadlessTests.dll" adapterTypeName="executor://xunit/VsTestRunner3/netcore/" className="CcpClient.HeadlessTests.DtrhSlotPickerHeadlessTests" name="PopulatedSlot_ShowsRankStatsLastPlayed_AndDeleteFlow" />
    </UnitTest>
    <UnitTest name="CcpClient.HeadlessTests.DtrhSlotPickerHeadlessTests.FreshProfile_ThreeCards_Slots23Locked_NewJourney" storage="c:\code\conditioning-control-panel---csharp-wpf\.worktrees\spine-20260812t203752\lane-1\client\tests\ccpclient.headlesstests\bin\debug\net10.0\ccpclient.headlesstests.dll" id="29da4c67-619d-a475-9dbf-b69128795166">
      <Execution id="e0ba9e62-9c44-44b2-a85e-9885c922464e" />
      <TestMethod codeBase="C:\Code\Conditioning-Control-Panel---CSharp-WPF\.worktrees\spine-20260812T203752\lane-1\client\tests\CcpClient.HeadlessTests\bin\Debug\net10.0\CcpClient.HeadlessTests.dll" adapterTypeName="executor://xunit/VsTestRunner3/netcore/" className="CcpClient.HeadlessTests.DtrhSlotPickerHeadlessTests" name="FreshProfile_ThreeCards_Slots23Locked_NewJourney" />
    </UnitTest>
    <UnitTest name="CcpClient.HeadlessTests.DtrhSlotPickerHeadlessTests.Commit_AndCancel_Outcomes" storage="c:\code\conditioning-control-panel---csharp-wpf\.worktrees\spine-20260812t203752\lane-1\client\tests\ccpclient.headlesstests\bin\debug\net10.0\ccpclient.headlesstests.dll" id="7cc2bb4f-36fa-6a6f-7e5f-39784f19e5eb">
      <Execution id="8a2ea983-e1e0-4b14-a598-a3cecd49cf9e" />
      <TestMethod codeBase="C:\Code\Conditioning-Control-Panel---CSharp-WPF\.worktrees\spine-20260812T203752\lane-1\client\tests\CcpClient.HeadlessTests\bin\Debug\net10.0\CcpClient.HeadlessTests.dll" adapterTypeName="executor://xunit/VsTestRunner3/netcore/" className="CcpClient.HeadlessTests.DtrhSlotPickerHeadlessTests" name="Commit_AndCancel_Outcomes" />
    </UnitTest>
    <UnitTest name="CcpClient.HeadlessTests.AvatarTubeHeadlessTests.Tube_Opens_LayersPresent_FirstFrameAndCapabilityRendered" storage="c:\code\conditioning-control-panel---csharp-wpf\.worktrees\spine-20260812t203752\lane-1\client\tests\ccpclient.headlesstests\bin\debug\net10.0\ccpclient.headlesstests.dll" id="5483dd7b-37f9-8bc7-6b4b-fbb130ff23a1">
      <Execution id="633d63e7-fcbe-4246-8314-bb14798078d3" />
      <TestMethod codeBase="C:\Code\Conditioning-Control-Panel---CSharp-WPF\.worktrees\spine-20260812T203752\lane-1\client\tests\CcpClient.HeadlessTests\bin\Debug\net10.0\CcpClient.HeadlessTests.dll" adapterTypeName="executor://xunit/VsTestRunner3/netcore/" className="CcpClient.HeadlessTests.AvatarTubeHeadlessTests" name="Tube_Opens_LayersPresent_FirstFrameAndCapabilityRendered" />
    </UnitTest>
    <UnitTest name="CcpClient.HeadlessTests.CompanionWindowHeadlessTests.ClearConfirm_ShowsOverlay_EscapeCancels_YesNeverDefaultPosition" storage="c:\code\conditioning-control-panel---csharp-wpf\.worktrees\spine-20260812t203752\lane-1\client\tests\ccpclient.headlesstests\bin\debug\net10.0\ccpclient.headlesstests.dll" id="6b096e8d-2d36-390c-763d-38ca75777864">
      <Execution id="3271f998-8c70-4d0d-a276-654fd832cb58" />
      <TestMethod codeBase="C:\Code\Conditioning-Control-Panel---CSharp-WPF\.worktrees\spine-20260812T203752\lane-1\client\tests\CcpClient.HeadlessTests\bin\Debug\net10.0\CcpClient.HeadlessTests.dll" adapterTypeName="executor://xunit/VsTestRunner3/netcore/" className="CcpClient.HeadlessTests.CompanionWindowHeadlessTests" name="ClearConfirm_ShowsOverlay_EscapeCancels_YesNeverDefaultPosition" />
    </UnitTest>
    <UnitTest name="CcpClient.HeadlessTests.DtrhVideoWindowHeadlessTests.Close_Unsubscribes_NoThrowOnLateFrame" storage="c:\code\conditioning-control-panel---csharp-wpf\.worktrees\spine-20260812t203752\lane-1\client\tests\ccpclient.headlesstests\bin\debug\net10.0\ccpclient.headlesstests.dll" id="9bf72dd2-8b33-d859-97f9-1c908a0f599f">
      <Execution id="9b05fc9b-a993-465a-a872-636bdc6a09c0" />
      <TestMethod codeBase="C:\Code\Conditioning-Control-Panel---CSharp-WPF\.worktrees\spine-20260812T203752\lane-1\client\tests\CcpClient.HeadlessTests\bin\Debug\net10.0\CcpClient.HeadlessTests.dll" adapterTypeName="executor://xunit/VsTestRunner3/netcore/" className="CcpClient.HeadlessTests.DtrhVideoWindowHeadlessTests" name="Close_Unsubscribes_NoThrowOnLateFrame" />
    </UnitTest>
    <UnitTest name="CcpClient.HeadlessTests.CompanionWindowHeadlessTests.Surface_Renders_ChatInput_Settings_ConfirmHidden_StatusHonest" storage="c:\code\conditioning-control-panel---csharp-wpf\.worktrees\spine-20260812t203752\lane-1\client\tests\ccpclient.headlesstests\bin\debug\net10.0\ccpclient.headlesstests.dll" id="77e1ec1a-66e2-9903-c1d2-98aaa8401696">
      <Execution id="5df05d14-2386-4330-a822-262def8f700d" />
      <TestMethod codeBase="C:\Code\Conditioning-Control-Panel---CSharp-WPF\.worktrees\spine-20260812T203752\lane-1\client\tests\CcpClient.HeadlessTests\bin\Debug\net10.0\CcpClient.HeadlessTests.dll" adapterTypeName="executor://xunit/VsTestRunner3/netcore/" className="CcpClient.HeadlessTests.CompanionWindowHeadlessTests" name="Surface_Renders_ChatInput_Settings_ConfirmHidden_StatusHonest" />
    </UnitTest>
    <UnitTest name="CcpClient.HeadlessTests.CompanionWindowHeadlessTests.UnavailableReply_RendersSubduedBubble_WithoutBadge" storage="c:\code\conditioning-control-panel---csharp-wpf\.worktrees\spine-20260812t203752\lane-1\client\tests\ccpclient.headlesstests\bin\debug\net10.0\ccpclient.headlesstests.dll" id="b8bbae0c-1de7-87d7-a66d-9e0028ccdd4b">
      <Execution id="db3531a7-a2ce-4423-918a-4eee8889cd1a" />
      <TestMethod codeBase="C:\Code\Conditioning-Control-Panel---CSharp-WPF\.worktrees\spine-20260812T203752\lane-1\client\tests\CcpClient.HeadlessTests\bin\Debug\net10.0\CcpClient.HeadlessTests.dll" adapterTypeName="executor://xunit/VsTestRunner3/netcore/" className="CcpClient.HeadlessTests.CompanionWindowHeadlessTests" name="UnavailableReply_RendersSubduedBubble_WithoutBadge" />
    </UnitTest>
    <UnitTest name="CcpClient.HeadlessTests.FeaturePopupHeadlessTests.Popup_StaysInsideOwnerWorkingArea" storage="c:\code\conditioning-control-panel---csharp-wpf\.worktrees\spine-20260812t203752\lane-1\client\tests\ccpclient.headlesstests\bin\debug\net10.0\ccpclient.headlesstests.dll" id="0683e385-8b9a-00bb-7bf8-8427ab596272">
      <Execution id="22a1109c-33c3-462e-a598-c7eff7e48fc3" />
      <TestMethod codeBase="C:\Code\Conditioning-Control-Panel---CSharp-WPF\.worktrees\spine-20260812T203752\lane-1\client\tests\CcpClient.HeadlessTests\bin\Debug\net10.0\CcpClient.HeadlessTests.dll" adapterTypeName="executor://xunit/VsTestRunner3/netcore/" className="CcpClient.HeadlessTests.FeaturePopupHeadlessTests" name="Popup_StaysInsideOwnerWorkingArea" />
    </UnitTest>
    <UnitTest name="CcpClient.HeadlessTests.ChaosTunnelWindowHeadlessTests.ShowAndSink_AreSafeWithoutAnAttachedSurface" storage="c:\code\conditioning-control-panel---csharp-wpf\.worktrees\spine-20260812t203752\lane-1\client\tests\ccpclient.headlesstests\bin\debug\net10.0\ccpclient.headlesstests.dll" id="f38f9e94-deb8-2bb6-3a21-8df4bca0693c">
      <Execution id="3c8e2243-9f88-4213-8ffb-29df8eef00e3" />
      <TestMethod codeBase="C:\Code\Conditioning-Control-Panel---CSharp-WPF\.worktrees\spine-20260812T203752\lane-1\client\tests\CcpClient.HeadlessTests\bin\Debug\net10.0\CcpClient.HeadlessTests.dll" adapterTypeName="executor://xunit/VsTestRunner3/netcore/" className="CcpClient.HeadlessTests.ChaosTunnelWindowHeadlessTests" name="ShowAndSink_AreSafeWithoutAnAttachedSurface" />
    </UnitTest>
    <UnitTest name="CcpClient.HeadlessTests.DashboardCardHeadlessTests.ElementNameMirror_FollowsLiveTickText" storage="c:\code\conditioning-control-panel---csharp-wpf\.worktrees\spine-20260812t203752\lane-1\client\tests\ccpclient.headlesstests\bin\debug\net10.0\ccpclient.headlesstests.dll" id="a69b8935-a743-56ab-4621-cccd60a203e7">
      <Execution id="b56ae9b3-eab1-40d4-b28a-90056b520af3" />
      <TestMethod codeBase="C:\Code\Conditioning-Control-Panel---CSharp-WPF\.worktrees\spine-20260812T203752\lane-1\client\tests\CcpClient.HeadlessTests\bin\Debug\net10.0\CcpClient.HeadlessTests.dll" adapterTypeName="executor://xunit/VsTestRunner3/netcore/" className="CcpClient.HeadlessTests.DashboardCardHeadlessTests" name="ElementNameMirror_FollowsLiveTickText" />
    </UnitTest>
    <UnitTest name="CcpClient.HeadlessTests.AvatarTubeHeadlessTests.AvatarClick_RoutesToClickEmote_DistinctFromSpeech" storage="c:\code\conditioning-control-panel---csharp-wpf\.worktrees\spine-20260812t203752\lane-1\client\tests\ccpclient.headlesstests\bin\debug\net10.0\ccpclient.headlesstests.dll" id="56cb8fcc-3e7f-7ac2-f0d3-71fa73d020e0">
      <Execution id="e8e504ef-50a8-4d65-9829-0ecac6db5340" />
      <TestMethod codeBase="C:\Code\Conditioning-Control-Panel---CSharp-WPF\.worktrees\spine-20260812T203752\lane-1\client\tests\CcpClient.HeadlessTests\bin\Debug\net10.0\CcpClient.HeadlessTests.dll" adapterTypeName="executor://xunit/VsTestRunner3/netcore/" className="CcpClient.HeadlessTests.AvatarTubeHeadlessTests" name="AvatarClick_RoutesToClickEmote_DistinctFromSpeech" />
    </UnitTest>
    <UnitTest name="CcpClient.HeadlessTests.AvatarTubeHeadlessTests.AttachDetach_ViewOnlySwitch_PreservesPipeline" storage="c:\code\conditioning-control-panel---csharp-wpf\.worktrees\spine-20260812t203752\lane-1\client\tests\ccpclient.headlesstests\bin\debug\net10.0\ccpclient.headlesstests.dll" id="98e2b4ff-7470-80d5-0843-f0427ba25a33">
      <Execution id="dafb29a1-eeaf-42ab-bd80-079ad6d1fd45" />
      <TestMethod codeBase="C:\Code\Conditioning-Control-Panel---CSharp-WPF\.worktrees\spine-20260812T203752\lane-1\client\tests\CcpClient.HeadlessTests\bin\Debug\net10.0\CcpClient.HeadlessTests.dll" adapterTypeName="executor://xunit/VsTestRunner3/netcore/" className="CcpClient.HeadlessTests.AvatarTubeHeadlessTests" name="AttachDetach_ViewOnlySwitch_PreservesPipeline" />
    </UnitTest>
    <UnitTest name="CcpClient.HeadlessTests.DtrhVideoWindowHeadlessTests.PresentedFrame_LandsOnTheImage" storage="c:\code\conditioning-control-panel---csharp-wpf\.worktrees\spine-20260812t203752\lane-1\client\tests\ccpclient.headlesstests\bin\debug\net10.0\ccpclient.headlesstests.dll" id="99e9d677-0d86-4b85-468c-c4b80d0a53c8">
      <Execution id="b6558279-fcef-4f34-84e0-11e2804ccec7" />
      <TestMethod codeBase="C:\Code\Conditioning-Control-Panel---CSharp-WPF\.worktrees\spine-20260812T203752\lane-1\client\tests\CcpClient.HeadlessTests\bin\Debug\net10.0\CcpClient.HeadlessTests.dll" adapterTypeName="executor://xunit/VsTestRunner3/netcore/" className="CcpClient.HeadlessTests.DtrhVideoWindowHeadlessTests" name="PresentedFrame_LandsOnTheImage" />
    </UnitTest>
    <UnitTest name="CcpClient.HeadlessTests.FeaturePopupHeadlessTests.TallContent_CapsHeight_AndFinalControlStartsBelowFold" storage="c:\code\conditioning-control-panel---csharp-wpf\.worktrees\spine-20260812t203752\lane-1\client\tests\ccpclient.headlesstests\bin\debug\net10.0\ccpclient.headlesstests.dll" id="7136725b-d091-3452-d5bd-a5944e366e31">
      <Execution id="29c7655f-3fbc-4dae-b132-9f4ad3fa6245" />
      <TestMethod codeBase="C:\Code\Conditioning-Control-Panel---CSharp-WPF\.worktrees\spine-20260812T203752\lane-1\client\tests\CcpClient.HeadlessTests\bin\Debug\net10.0\CcpClient.HeadlessTests.dll" adapterTypeName="executor://xunit/VsTestRunner3/netcore/" className="CcpClient.HeadlessTests.FeaturePopupHeadlessTests" name="TallContent_CapsHeight_AndFinalControlStartsBelowFold" />
    </UnitTest>
    <UnitTest name="CcpClient.HeadlessTests.FeaturePopupHeadlessTests.Wheel_ReachesFinalControl_OffsetChangesMonotonically" storage="c:\code\conditioning-control-panel---csharp-wpf\.worktrees\spine-20260812t203752\lane-1\client\tests\ccpclient.headlesstests\bin\debug\net10.0\ccpclient.headlesstests.dll" id="b209f7cb-4560-11fa-64a1-95cb0cee5de3">
      <Execution id="f50e66ed-1ab4-4d28-bf61-f86cb3dea692" />
      <TestMethod codeBase="C:\Code\Conditioning-Control-Panel---CSharp-WPF\.worktrees\spine-20260812T203752\lane-1\client\tests\CcpClient.HeadlessTests\bin\Debug\net10.0\CcpClient.HeadlessTests.dll" adapterTypeName="executor://xunit/VsTestRunner3/netcore/" className="CcpClient.HeadlessTests.FeaturePopupHeadlessTests" name="Wheel_ReachesFinalControl_OffsetChangesMonotonically" />
    </UnitTest>
    <UnitTest name="CcpClient.HeadlessTests.AvatarTubeHeadlessTests.CorruptPackSwitch_TypedDegraded_AndStaticFallbackVisible" storage="c:\code\conditioning-control-panel---csharp-wpf\.worktrees\spine-20260812t203752\lane-1\client\tests\ccpclient.headlesstests\bin\debug\net10.0\ccpclient.headlesstests.dll" id="3a8fe4cb-6b90-ad18-7e14-0c51c9462a40">
      <Execution id="cfc1bbf3-d152-4861-9189-4a26b3554851" />
      <TestMethod codeBase="C:\Code\Conditioning-Control-Panel---CSharp-WPF\.worktrees\spine-20260812T203752\lane-1\client\tests\CcpClient.HeadlessTests\bin\Debug\net10.0\CcpClient.HeadlessTests.dll" adapterTypeName="executor://xunit/VsTestRunner3/netcore/" className="CcpClient.HeadlessTests.AvatarTubeHeadlessTests" name="CorruptPackSwitch_TypedDegraded_AndStaticFallbackVisible" />
    </UnitTest>
    <UnitTest name="CcpClient.HeadlessTests.DashboardCardHeadlessTests.Card_Toggle_AppliesLitClass_AndStyleResolvesBorderBrush" storage="c:\code\conditioning-control-panel---csharp-wpf\.worktrees\spine-20260812t203752\lane-1\client\tests\ccpclient.headlesstests\bin\debug\net10.0\ccpclient.headlesstests.dll" id="c761175a-69e3-2b53-e8e1-38363a5d7eb7">
      <Execution id="94da862d-ab11-4ca5-a2c9-bd4a159647b6" />
      <TestMethod codeBase="C:\Code\Conditioning-Control-Panel---CSharp-WPF\.worktrees\spine-20260812T203752\lane-1\client\tests\CcpClient.HeadlessTests\bin\Debug\net10.0\CcpClient.HeadlessTests.dll" adapterTypeName="executor://xunit/VsTestRunner3/netcore/" className="CcpClient.HeadlessTests.DashboardCardHeadlessTests" name="Card_Toggle_AppliesLitClass_AndStyleResolvesBorderBrush" />
    </UnitTest>
    <UnitTest name="CcpClient.HeadlessTests.FeaturePopupHeadlessTests.Escape_And_CloseButton_BothClose_ThroughTheOnePath" storage="c:\code\conditioning-control-panel---csharp-wpf\.worktrees\spine-20260812t203752\lane-1\client\tests\ccpclient.headlesstests\bin\debug\net10.0\ccpclient.headlesstests.dll" id="035e6bde-e96c-f9bc-c00a-a00fbbef97ad">
      <Execution id="b9ca506a-eff8-4102-9ee6-928bcbedd15d" />
      <TestMethod codeBase="C:\Code\Conditioning-Control-Panel---CSharp-WPF\.worktrees\spine-20260812T203752\lane-1\client\tests\CcpClient.HeadlessTests\bin\Debug\net10.0\CcpClient.HeadlessTests.dll" adapterTypeName="executor://xunit/VsTestRunner3/netcore/" className="CcpClient.HeadlessTests.FeaturePopupHeadlessTests" name="Escape_And_CloseButton_BothClose_ThroughTheOnePath" />
    </UnitTest>
    <UnitTest name="CcpClient.HeadlessTests.DashboardCardHeadlessTests.Card_ArrangedBounds_GrowWithLoadBearingIsVisible" storage="c:\code\conditioning-control-panel---csharp-wpf\.worktrees\spine-20260812t203752\lane-1\client\tests\ccpclient.headlesstests\bin\debug\net10.0\ccpclient.headlesstests.dll" id="299a18b5-088d-7378-2b22-4153595ae375">
      <Execution id="8b828038-4883-49aa-a3ac-ed2a64b3a38c" />
      <TestMethod codeBase="C:\Code\Conditioning-Control-Panel---CSharp-WPF\.worktrees\spine-20260812T203752\lane-1\client\tests\CcpClient.HeadlessTests\bin\Debug\net10.0\CcpClient.HeadlessTests.dll" adapterTypeName="executor://xunit/VsTestRunner3/netcore/" className="CcpClient.HeadlessTests.DashboardCardHeadlessTests" name="Card_ArrangedBounds_GrowWithLoadBearingIsVisible" />
    </UnitTest>
    <UnitTest name="CcpClient.HeadlessTests.AvatarTubeHeadlessTests.FrameAdvance_UpdatesLayerSource_FloatTransform_AndProbe" storage="c:\code\conditioning-control-panel---csharp-wpf\.worktrees\spine-20260812t203752\lane-1\client\tests\ccpclient.headlesstests\bin\debug\net10.0\ccpclient.headlesstests.dll" id="b5385d02-785b-1c22-efc3-1489d2386240">
      <Execution id="384cc5bf-7971-4a6a-86e3-20353ff236ed" />
      <TestMethod codeBase="C:\Code\Conditioning-Control-Panel---CSharp-WPF\.worktrees\spine-20260812T203752\lane-1\client\tests\CcpClient.HeadlessTests\bin\Debug\net10.0\CcpClient.HeadlessTests.dll" adapterTypeName="executor://xunit/VsTestRunner3/netcore/" className="CcpClient.HeadlessTests.AvatarTubeHeadlessTests" name="FrameAdvance_UpdatesLayerSource_FloatTransform_AndProbe" />
    </UnitTest>
    <UnitTest name="CcpClient.HeadlessTests.DtrhSlotPickerHeadlessTests.RankName_MatchesWpfThresholds" storage="c:\code\conditioning-control-panel---csharp-wpf\.worktrees\spine-20260812t203752\lane-1\client\tests\ccpclient.headlesstests\bin\debug\net10.0\ccpclient.headlesstests.dll" id="1214411f-fe42-50b5-c40b-103b87443a40">
      <Execution id="3a877f3d-f55e-4e66-8640-fb892206bf24" />
      <TestMethod codeBase="C:\Code\Conditioning-Control-Panel---CSharp-WPF\.worktrees\spine-20260812T203752\lane-1\client\tests\CcpClient.HeadlessTests\bin\Debug\net10.0\CcpClient.HeadlessTests.dll" adapterTypeName="executor://xunit/VsTestRunner3/netcore/" className="CcpClient.HeadlessTests.DtrhSlotPickerHeadlessTests" name="RankName_MatchesWpfThresholds" />
    </UnitTest>
    <UnitTest name="CcpClient.HeadlessTests.QuickToggleDispatchHeadlessTests.PlainRightClick_NoContextMenu_ExistsOrOpens" storage="c:\code\conditioning-control-panel---csharp-wpf\.worktrees\spine-20260812t203752\lane-1\client\tests\ccpclient.headlesstests\bin\debug\net10.0\ccpclient.headlesstests.dll" id="ceecf6fd-1fad-a1f2-d6ac-ca285f642eb1">
      <Execution id="a51cfbb2-5d8c-4a6b-859b-1d64b796f39e" />
      <TestMethod codeBase="C:\Code\Conditioning-Control-Panel---CSharp-WPF\.worktrees\spine-20260812T203752\lane-1\client\tests\CcpClient.HeadlessTests\bin\Debug\net10.0\CcpClient.HeadlessTests.dll" adapterTypeName="executor://xunit/VsTestRunner3/netcore/" className="CcpClient.HeadlessTests.QuickToggleDispatchHeadlessTests" name="PlainRightClick_NoContextMenu_ExistsOrOpens" />
    </UnitTest>
    <UnitTest name="CcpClient.HeadlessTests.CompanionWindowHeadlessTests.OpenFromDashboard_OwnedModeless_DashboardStays" storage="c:\code\conditioning-control-panel---csharp-wpf\.worktrees\spine-20260812t203752\lane-1\client\tests\ccpclient.headlesstests\bin\debug\net10.0\ccpclient.headlesstests.dll" id="c32dd0ae-490e-4c67-10b0-2c768c8c0d88">
      <Execution id="3655b584-1f09-48ea-832f-5a0f0d7adecd" />
      <TestMethod codeBase="C:\Code\Conditioning-Control-Panel---CSharp-WPF\.worktrees\spine-20260812T203752\lane-1\client\tests\CcpClient.HeadlessTests\bin\Debug\net10.0\CcpClient.HeadlessTests.dll" adapterTypeName="executor://xunit/VsTestRunner3/netcore/" className="CcpClient.HeadlessTests.CompanionWindowHeadlessTests" name="OpenFromDashboard_OwnedModeless_DashboardStays" />
    </UnitTest>
    <UnitTest name="CcpClient.HeadlessTests.ChaosTunnelWindowHeadlessTests.DeclaredPolicy_MatchesTheLayeringContract" storage="c:\code\conditioning-control-panel---csharp-wpf\.worktrees\spine-20260812t203752\lane-1\client\tests\ccpclient.headlesstests\bin\debug\net10.0\ccpclient.headlesstests.dll" id="308a579d-9375-db6f-1404-67c3a1968e33">
      <Execution id="4f500b0d-bc3a-4c12-a283-00e5af8b1a82" />
      <TestMethod codeBase="C:\Code\Conditioning-Control-Panel---CSharp-WPF\.worktrees\spine-20260812T203752\lane-1\client\tests\CcpClient.HeadlessTests\bin\Debug\net10.0\CcpClient.HeadlessTests.dll" adapterTypeName="executor://xunit/VsTestRunner3/netcore/" className="CcpClient.HeadlessTests.ChaosTunnelWindowHeadlessTests" name="DeclaredPolicy_MatchesTheLayeringContract" />
    </UnitTest>
    <UnitTest name="CcpClient.HeadlessTests.AvatarTubeHeadlessTests.Close_DisposesEngineAndSubscriptions" storage="c:\code\conditioning-control-panel---csharp-wpf\.worktrees\spine-20260812t203752\lane-1\client\tests\ccpclient.headlesstests\bin\debug\net10.0\ccpclient.headlesstests.dll" id="51b6198f-e3f0-881f-7d60-dfc8d0f6724c">
      <Execution id="2f84da56-9eb9-4148-8cca-26f5fd7ba821" />
      <TestMethod codeBase="C:\Code\Conditioning-Control-Panel---CSharp-WPF\.worktrees\spine-20260812T203752\lane-1\client\tests\CcpClient.HeadlessTests\bin\Debug\net10.0\CcpClient.HeadlessTests.dll" adapterTypeName="executor://xunit/VsTestRunner3/netcore/" className="CcpClient.HeadlessTests.AvatarTubeHeadlessTests" name="Close_DisposesEngineAndSubscriptions" />
    </UnitTest>
    <UnitTest name="CcpClient.HeadlessTests.FeaturePopupHeadlessTests.NestedList_ScrollsItself_ThenChainsToPopup" storage="c:\code\conditioning-control-panel---csharp-wpf\.worktrees\spine-20260812t203752\lane-1\client\tests\ccpclient.headlesstests\bin\debug\net10.0\ccpclient.headlesstests.dll" id="cd9fe552-49ba-1d17-ec86-6f7b8c828d72">
      <Execution id="12418725-8cf7-4c59-b5b6-6d06af366b4f" />
      <TestMethod codeBase="C:\Code\Conditioning-Control-Panel---CSharp-WPF\.worktrees\spine-20260812T203752\lane-1\client\tests\CcpClient.HeadlessTests\bin\Debug\net10.0\CcpClient.HeadlessTests.dll" adapterTypeName="executor://xunit/VsTestRunner3/netcore/" className="CcpClient.HeadlessTests.FeaturePopupHeadlessTests" name="NestedList_ScrollsItself_ThenChainsToPopup" />
    </UnitTest>
    <UnitTest name="CcpClient.HeadlessTests.FeaturePopupHeadlessTests.ShortContent_Compact_NoScrollbarMetrics" storage="c:\code\conditioning-control-panel---csharp-wpf\.worktrees\spine-20260812t203752\lane-1\client\tests\ccpclient.headlesstests\bin\debug\net10.0\ccpclient.headlesstests.dll" id="16be08e5-790a-3391-5c3c-4666308eca90">
      <Execution id="d97dd271-bf64-46de-ad06-e220fc3112e3" />
      <TestMethod codeBase="C:\Code\Conditioning-Control-Panel---CSharp-WPF\.worktrees\spine-20260812T203752\lane-1\client\tests\CcpClient.HeadlessTests\bin\Debug\net10.0\CcpClient.HeadlessTests.dll" adapterTypeName="executor://xunit/VsTestRunner3/netcore/" className="CcpClient.HeadlessTests.FeaturePopupHeadlessTests" name="ShortContent_Compact_NoScrollbarMetrics" />
    </UnitTest>
    <UnitTest name="CcpClient.HeadlessTests.QuickToggleDispatchHeadlessTests.TitleMutation_RendersMutatedTitle_AndRightClickStillToggles" storage="c:\code\conditioning-control-panel---csharp-wpf\.worktrees\spine-20260812t203752\lane-1\client\tests\ccpclient.headlesstests\bin\debug\net10.0\ccpclient.headlesstests.dll" id="b550f0f2-0986-f423-452b-f8ce0668ea97">
      <Execution id="995cf627-4bc6-49df-a3bd-93a4003896d3" />
      <TestMethod codeBase="C:\Code\Conditioning-Control-Panel---CSharp-WPF\.worktrees\spine-20260812T203752\lane-1\client\tests\CcpClient.HeadlessTests\bin\Debug\net10.0\CcpClient.HeadlessTests.dll" adapterTypeName="executor://xunit/VsTestRunner3/netcore/" className="CcpClient.HeadlessTests.QuickToggleDispatchHeadlessTests" name="TitleMutation_RendersMutatedTitle_AndRightClickStillToggles" />
    </UnitTest>
    <UnitTest name="CcpClient.HeadlessTests.DtrhSlotPickerHeadlessTests.CardClick_ChangesSelection" storage="c:\code\conditioning-control-panel---csharp-wpf\.worktrees\spine-20260812t203752\lane-1\client\tests\ccpclient.headlesstests\bin\debug\net10.0\ccpclient.headlesstests.dll" id="ae0a6971-742a-f04f-82b4-17c46b8c2c64">
      <Execution id="20a14aac-ee7b-496b-8e6b-d1d5902f317a" />
      <TestMethod codeBase="C:\Code\Conditioning-Control-Panel---CSharp-WPF\.worktrees\spine-20260812T203752\lane-1\client\tests\CcpClient.HeadlessTests\bin\Debug\net10.0\CcpClient.HeadlessTests.dll" adapterTypeName="executor://xunit/VsTestRunner3/netcore/" className="CcpClient.HeadlessTests.DtrhSlotPickerHeadlessTests" name="CardClick_ChangesSelection" />
    </UnitTest>
    <UnitTest name="CcpClient.HeadlessTests.QuickToggleDispatchHeadlessTests.EnterKey_WhenFocused_TogglesSameOperation_AsRightClick" storage="c:\code\conditioning-control-panel---csharp-wpf\.worktrees\spine-20260812t203752\lane-1\client\tests\ccpclient.headlesstests\bin\debug\net10.0\ccpclient.headlesstests.dll" id="d1a7cf47-c060-67b2-0520-7751e2e67f2c">
      <Execution id="e8881055-d030-4d46-a7ca-52002acebb5d" />
      <TestMethod codeBase="C:\Code\Conditioning-Control-Panel---CSharp-WPF\.worktrees\spine-20260812T203752\lane-1\client\tests\CcpClient.HeadlessTests\bin\Debug\net10.0\CcpClient.HeadlessTests.dll" adapterTypeName="executor://xunit/VsTestRunner3/netcore/" className="CcpClient.HeadlessTests.QuickToggleDispatchHeadlessTests" name="EnterKey_WhenFocused_TogglesSameOperation_AsRightClick" />
    </UnitTest>
    <UnitTest name="CcpClient.HeadlessTests.AvatarTubeHeadlessTests.PauseButton_FreezesPipeline_ResumeContinuesSuccessor" storage="c:\code\conditioning-control-panel---csharp-wpf\.worktrees\spine-20260812t203752\lane-1\client\tests\ccpclient.headlesstests\bin\debug\net10.0\ccpclient.headlesstests.dll" id="63c945a9-570d-23f3-3c83-12996fb1184b">
      <Execution id="c8beb030-e8aa-4537-8512-0a4a85c49982" />
      <TestMethod codeBase="C:\Code\Conditioning-Control-Panel---CSharp-WPF\.worktrees\spine-20260812T203752\lane-1\client\tests\CcpClient.HeadlessTests\bin\Debug\net10.0\CcpClient.HeadlessTests.dll" adapterTypeName="executor://xunit/VsTestRunner3/netcore/" className="CcpClient.HeadlessTests.AvatarTubeHeadlessTests" name="PauseButton_FreezesPipeline_ResumeContinuesSuccessor" />
    </UnitTest>
    <UnitTest name="CcpClient.HeadlessTests.QuickToggleDispatchHeadlessTests.RightClickPress_OnCardBody_TogglesThroughStableIdPath" storage="c:\code\conditioning-control-panel---csharp-wpf\.worktrees\spine-20260812t203752\lane-1\client\tests\ccpclient.headlesstests\bin\debug\net10.0\ccpclient.headlesstests.dll" id="2c3eb85d-eda8-2be3-955e-839773a60b44">
      <Execution id="4eedc892-b839-4943-83e6-c5aca40f075a" />
      <TestMethod codeBase="C:\Code\Conditioning-Control-Panel---CSharp-WPF\.worktrees\spine-20260812T203752\lane-1\client\tests\CcpClient.HeadlessTests\bin\Debug\net10.0\CcpClient.HeadlessTests.dll" adapterTypeName="executor://xunit/VsTestRunner3/netcore/" className="CcpClient.HeadlessTests.QuickToggleDispatchHeadlessTests" name="RightClickPress_OnCardBody_TogglesThroughStableIdPath" />
    </UnitTest>
    <UnitTest name="CcpClient.HeadlessTests.FeaturePopupHeadlessTests.OneAtATime_CloseExistingBeforeNew" storage="c:\code\conditioning-control-panel---csharp-wpf\.worktrees\spine-20260812t203752\lane-1\client\tests\ccpclient.headlesstests\bin\debug\net10.0\ccpclient.headlesstests.dll" id="2d6e7587-f44a-049d-d426-d41d493f6200">
      <Execution id="625e2bb3-4117-42ef-a358-b6e8fb1ec26d" />
      <TestMethod codeBase="C:\Code\Conditioning-Control-Panel---CSharp-WPF\.worktrees\spine-20260812T203752\lane-1\client\tests\CcpClient.HeadlessTests\bin\Debug\net10.0\CcpClient.HeadlessTests.dll" adapterTypeName="executor://xunit/VsTestRunner3/netcore/" className="CcpClient.HeadlessTests.FeaturePopupHeadlessTests" name="OneAtATime_CloseExistingBeforeNew" />
    </UnitTest>
    <UnitTest name="CcpClient.HeadlessTests.FeaturePopupHeadlessTests.LeftClick_OpensOwnedModelessPopup_WithContractChrome" storage="c:\code\conditioning-control-panel---csharp-wpf\.worktrees\spine-20260812t203752\lane-1\client\tests\ccpclient.headlesstests\bin\debug\net10.0\ccpclient.headlesstests.dll" id="dc79649f-64d6-0e09-3e17-509466a42e10">
      <Execution id="e6b4d1ac-a71f-4e19-b186-02abe160e002" />
      <TestMethod codeBase="C:\Code\Conditioning-Control-Panel---CSharp-WPF\.worktrees\spine-20260812T203752\lane-1\client\tests\CcpClient.HeadlessTests\bin\Debug\net10.0\CcpClient.HeadlessTests.dll" adapterTypeName="executor://xunit/VsTestRunner3/netcore/" className="CcpClient.HeadlessTests.FeaturePopupHeadlessTests" name="LeftClick_OpensOwnedModelessPopup_WithContractChrome" />
    </UnitTest>
  </TestDefinitions>
  <TestEntries>
    <TestEntry testId="5483dd7b-37f9-8bc7-6b4b-fbb130ff23a1" executionId="633d63e7-fcbe-4246-8314-bb14798078d3" testListId="8c84fa94-04c1-424b-9868-57a2d4851a1d" />
    <TestEntry testId="cd9fe552-49ba-1d17-ec86-6f7b8c828d72" executionId="12418725-8cf7-4c59-b5b6-6d06af366b4f" testListId="8c84fa94-04c1-424b-9868-57a2d4851a1d" />
    <TestEntry testId="9bf72dd2-8b33-d859-97f9-1c908a0f599f" executionId="9b05fc9b-a993-465a-a872-636bdc6a09c0" testListId="8c84fa94-04c1-424b-9868-57a2d4851a1d" />
    <TestEntry testId="c32dd0ae-490e-4c67-10b0-2c768c8c0d88" executionId="3655b584-1f09-48ea-832f-5a0f0d7adecd" testListId="8c84fa94-04c1-424b-9868-57a2d4851a1d" />
    <TestEntry testId="c761175a-69e3-2b53-e8e1-38363a5d7eb7" executionId="94da862d-ab11-4ca5-a2c9-bd4a159647b6" testListId="8c84fa94-04c1-424b-9868-57a2d4851a1d" />
    <TestEntry testId="98e2b4ff-7470-80d5-0843-f0427ba25a33" executionId="dafb29a1-eeaf-42ab-bd80-079ad6d1fd45" testListId="8c84fa94-04c1-424b-9868-57a2d4851a1d" />
    <TestEntry testId="b5385d02-785b-1c22-efc3-1489d2386240" executionId="384cc5bf-7971-4a6a-86e3-20353ff236ed" testListId="8c84fa94-04c1-424b-9868-57a2d4851a1d" />
    <TestEntry testId="d1a7cf47-c060-67b2-0520-7751e2e67f2c" executionId="e8881055-d030-4d46-a7ca-52002acebb5d" testListId="8c84fa94-04c1-424b-9868-57a2d4851a1d" />
    <TestEntry testId="99e9d677-0d86-4b85-468c-c4b80d0a53c8" executionId="b6558279-fcef-4f34-84e0-11e2804ccec7" testListId="8c84fa94-04c1-424b-9868-57a2d4851a1d" />
    <TestEntry testId="0683e385-8b9a-00bb-7bf8-8427ab596272" executionId="22a1109c-33c3-462e-a598-c7eff7e48fc3" testListId="8c84fa94-04c1-424b-9868-57a2d4851a1d" />
    <TestEntry testId="1214411f-fe42-50b5-c40b-103b87443a40" executionId="3a877f3d-f55e-4e66-8640-fb892206bf24" testListId="8c84fa94-04c1-424b-9868-57a2d4851a1d" />
    <TestEntry testId="2c3eb85d-eda8-2be3-955e-839773a60b44" executionId="4eedc892-b839-4943-83e6-c5aca40f075a" testListId="8c84fa94-04c1-424b-9868-57a2d4851a1d" />
    <TestEntry testId="2d6e7587-f44a-049d-d426-d41d493f6200" executionId="625e2bb3-4117-42ef-a358-b6e8fb1ec26d" testListId="8c84fa94-04c1-424b-9868-57a2d4851a1d" />
    <TestEntry testId="a69b8935-a743-56ab-4621-cccd60a203e7" executionId="b56ae9b3-eab1-40d4-b28a-90056b520af3" testListId="8c84fa94-04c1-424b-9868-57a2d4851a1d" />
    <TestEntry testId="f38f9e94-deb8-2bb6-3a21-8df4bca0693c" executionId="3c8e2243-9f88-4213-8ffb-29df8eef00e3" testListId="8c84fa94-04c1-424b-9868-57a2d4851a1d" />
    <TestEntry testId="2e779db8-3cdb-b849-bd10-e9de5ea76575" executionId="78c347a8-9504-42ca-b997-77308211b465" testListId="8c84fa94-04c1-424b-9868-57a2d4851a1d" />
    <TestEntry testId="63c945a9-570d-23f3-3c83-12996fb1184b" executionId="c8beb030-e8aa-4537-8512-0a4a85c49982" testListId="8c84fa94-04c1-424b-9868-57a2d4851a1d" />
    <TestEntry testId="51b6198f-e3f0-881f-7d60-dfc8d0f6724c" executionId="2f84da56-9eb9-4148-8cca-26f5fd7ba821" testListId="8c84fa94-04c1-424b-9868-57a2d4851a1d" />
    <TestEntry testId="b209f7cb-4560-11fa-64a1-95cb0cee5de3" executionId="f50e66ed-1ab4-4d28-bf61-f86cb3dea692" testListId="8c84fa94-04c1-424b-9868-57a2d4851a1d" />
    <TestEntry testId="6b096e8d-2d36-390c-763d-38ca75777864" executionId="3271f998-8c70-4d0d-a276-654fd832cb58" testListId="8c84fa94-04c1-424b-9868-57a2d4851a1d" />
    <TestEntry testId="b8bbae0c-1de7-87d7-a66d-9e0028ccdd4b" executionId="db3531a7-a2ce-4423-918a-4eee8889cd1a" testListId="8c84fa94-04c1-424b-9868-57a2d4851a1d" />
    <TestEntry testId="035e6bde-e96c-f9bc-c00a-a00fbbef97ad" executionId="b9ca506a-eff8-4102-9ee6-928bcbedd15d" testListId="8c84fa94-04c1-424b-9868-57a2d4851a1d" />
    <TestEntry testId="7136725b-d091-3452-d5bd-a5944e366e31" executionId="29c7655f-3fbc-4dae-b132-9f4ad3fa6245" testListId="8c84fa94-04c1-424b-9868-57a2d4851a1d" />
    <TestEntry testId="3a8fe4cb-6b90-ad18-7e14-0c51c9462a40" executionId="cfc1bbf3-d152-4861-9189-4a26b3554851" testListId="8c84fa94-04c1-424b-9868-57a2d4851a1d" />
    <TestEntry testId="29da4c67-619d-a475-9dbf-b69128795166" executionId="e0ba9e62-9c44-44b2-a85e-9885c922464e" testListId="8c84fa94-04c1-424b-9868-57a2d4851a1d" />
    <TestEntry testId="299a18b5-088d-7378-2b22-4153595ae375" executionId="8b828038-4883-49aa-a3ac-ed2a64b3a38c" testListId="8c84fa94-04c1-424b-9868-57a2d4851a1d" />
    <TestEntry testId="dc79649f-64d6-0e09-3e17-509466a42e10" executionId="e6b4d1ac-a71f-4e19-b186-02abe160e002" testListId="8c84fa94-04c1-424b-9868-57a2d4851a1d" />
    <TestEntry testId="308a579d-9375-db6f-1404-67c3a1968e33" executionId="4f500b0d-bc3a-4c12-a283-00e5af8b1a82" testListId="8c84fa94-04c1-424b-9868-57a2d4851a1d" />
    <TestEntry testId="ae0a6971-742a-f04f-82b4-17c46b8c2c64" executionId="20a14aac-ee7b-496b-8e6b-d1d5902f317a" testListId="8c84fa94-04c1-424b-9868-57a2d4851a1d" />
    <TestEntry testId="7cc2bb4f-36fa-6a6f-7e5f-39784f19e5eb" executionId="8a2ea983-e1e0-4b14-a598-a3cecd49cf9e" testListId="8c84fa94-04c1-424b-9868-57a2d4851a1d" />
    <TestEntry testId="77e1ec1a-66e2-9903-c1d2-98aaa8401696" executionId="5df05d14-2386-4330-a822-262def8f700d" testListId="8c84fa94-04c1-424b-9868-57a2d4851a1d" />
    <TestEntry testId="b550f0f2-0986-f423-452b-f8ce0668ea97" executionId="995cf627-4bc6-49df-a3bd-93a4003896d3" testListId="8c84fa94-04c1-424b-9868-57a2d4851a1d" />
    <TestEntry testId="16be08e5-790a-3391-5c3c-4666308eca90" executionId="d97dd271-bf64-46de-ad06-e220fc3112e3" testListId="8c84fa94-04c1-424b-9868-57a2d4851a1d" />
    <TestEntry testId="56cb8fcc-3e7f-7ac2-f0d3-71fa73d020e0" executionId="e8e504ef-50a8-4d65-9829-0ecac6db5340" testListId="8c84fa94-04c1-424b-9868-57a2d4851a1d" />
    <TestEntry testId="ceecf6fd-1fad-a1f2-d6ac-ca285f642eb1" executionId="a51cfbb2-5d8c-4a6b-859b-1d64b796f39e" testListId="8c84fa94-04c1-424b-9868-57a2d4851a1d" />
  </TestEntries>
  <TestLists>
    <TestList name="Results Not in a List" id="8c84fa94-04c1-424b-9868-57a2d4851a1d" />
    <TestList name="All Loaded Results" id="19431567-8539-422a-85d7-44ee4e166bda" />
  </TestLists>
  <ResultSummary outcome="Completed">
    <Counters total="35" executed="35" passed="35" failed="0" error="0" timeout="0" aborted="0" inconclusive="0" passedButRunAborted="0" notRunnable="0" notExecuted="0" disconnected="0" warning="0" completed="0" inProgress="0" pending="0" />
    <Output>
      <StdOut>[xUnit.net 00:00:00.00] xUnit.net VSTest Adapter v3.1.5+1b188a7b0a (64-bit .NET 10.0.11)&#xD;
[xUnit.net 00:00:00.36]   Discovering: CcpClient.HeadlessTests&#xD;
[xUnit.net 00:00:00.81]   Discovered:  CcpClient.HeadlessTests&#xD;
[xUnit.net 00:00:01.19]   Starting:    CcpClient.HeadlessTests&#xD;
dtrh: payload root 'C:\Code\Conditioning-Control-Panel---CSharp-WPF\.worktrees\spine-20260812T203752\lane-1\client\tests\CcpClient.HeadlessTests\bin\Debug\net10.0\payload\dtrh' -&gt; Present (1542 files)&#xD;
dtrh-loopback: page+media origins bound on 127.0.0.1 (ephemeral)&#xD;
layout-probe: card 488.0x92.0 DIP @ scale 1 @ screen 16,44&#xD;
dtrh: participant stop begin&#xD;
dtrh: participant stop end&#xD;
dtrh: payload root 'C:\Code\Conditioning-Control-Panel---CSharp-WPF\.worktrees\spine-20260812T203752\lane-1\client\tests\CcpClient.HeadlessTests\bin\Debug\net10.0\payload\dtrh' -&gt; Present (1542 files)&#xD;
dtrh-loopback: page+media origins bound on 127.0.0.1 (ephemeral)&#xD;
layout-probe: card 488.0x92.0 DIP @ scale 1 @ screen 16,44&#xD;
dtrh: participant stop begin&#xD;
dtrh: participant stop end&#xD;
dtrh: payload root 'C:\Code\Conditioning-Control-Panel---CSharp-WPF\.worktrees\spine-20260812T203752\lane-1\client\tests\CcpClient.HeadlessTests\bin\Debug\net10.0\payload\dtrh' -&gt; Present (1542 files)&#xD;
dtrh-loopback: page+media origins bound on 127.0.0.1 (ephemeral)&#xD;
layout-probe: card 488.0x92.0 DIP @ scale 1 @ screen 16,44&#xD;
dtrh: participant stop begin&#xD;
dtrh: participant stop end&#xD;
dtrh: payload root 'C:\Code\Conditioning-Control-Panel---CSharp-WPF\.worktrees\spine-20260812T203752\lane-1\client\tests\CcpClient.HeadlessTests\bin\Debug\net10.0\payload\dtrh' -&gt; Present (1542 files)&#xD;
dtrh-loopback: page+media origins bound on 127.0.0.1 (ephemeral)&#xD;
layout-probe: card 488.0x92.0 DIP @ scale 1 @ screen 16,44&#xD;
dtrh: participant stop begin&#xD;
dtrh: participant stop end&#xD;
dtrh: payload root 'C:\Code\Conditioning-Control-Panel---CSharp-WPF\.worktrees\spine-20260812T203752\lane-1\client\tests\CcpClient.HeadlessTests\bin\Debug\net10.0\payload\dtrh' -&gt; Present (1542 files)&#xD;
dtrh-loopback: page+media origins bound on 127.0.0.1 (ephemeral)&#xD;
layout-probe: card 488.0x92.0 DIP @ scale 1 @ screen 16,44&#xD;
avatar-capability: Available — pack 'circuit' decoded&#xD;
dtrh: participant stop begin&#xD;
dtrh: participant stop end&#xD;
dtrh: payload root 'C:\Code\Conditioning-Control-Panel---CSharp-WPF\.worktrees\spine-20260812T203752\lane-1\client\tests\CcpClient.HeadlessTests\bin\Debug\net10.0\payload\dtrh' -&gt; Present (1542 files)&#xD;
dtrh-loopback: page+media origins bound on 127.0.0.1 (ephemeral)&#xD;
layout-probe: card 488.0x92.0 DIP @ scale 1 @ screen 16,44&#xD;
dtrh: participant stop begin&#xD;
dtrh: participant stop end&#xD;
dtrh: payload root 'C:\Code\Conditioning-Control-Panel---CSharp-WPF\.worktrees\spine-20260812T203752\lane-1\client\tests\CcpClient.HeadlessTests\bin\Debug\net10.0\payload\dtrh' -&gt; Present (1542 files)&#xD;
dtrh-loopback: page+media origins bound on 127.0.0.1 (ephemeral)&#xD;
layout-probe: card 488.0x92.0 DIP @ scale 1 @ screen 16,44&#xD;
dtrh: participant stop begin&#xD;
dtrh: participant stop end&#xD;
dtrh: payload root 'C:\Code\Conditioning-Control-Panel---CSharp-WPF\.worktrees\spine-20260812T203752\lane-1\client\tests\CcpClient.HeadlessTests\bin\Debug\net10.0\payload\dtrh' -&gt; Present (1542 files)&#xD;
dtrh-loopback: page+media origins bound on 127.0.0.1 (ephemeral)&#xD;
layout-probe: card 488.0x92.0 DIP @ scale 1 @ screen 16,44&#xD;
dtrh: participant stop begin&#xD;
dtrh: participant stop end&#xD;
dtrh: payload root 'C:\Code\Conditioning-Control-Panel---CSharp-WPF\.worktrees\spine-20260812T203752\lane-1\client\tests\CcpClient.HeadlessTests\bin\Debug\net10.0\payload\dtrh' -&gt; Present (1542 files)&#xD;
dtrh-loopback: page+media origins bound on 127.0.0.1 (ephemeral)&#xD;
layout-probe: card 488.0x92.0 DIP @ scale 1 @ screen 16,44&#xD;
dtrh: participant stop begin&#xD;
dtrh: participant stop end&#xD;
dtrh: payload root 'C:\Code\Conditioning-Control-Panel---CSharp-WPF\.worktrees\spine-20260812T203752\lane-1\client\tests\CcpClient.HeadlessTests\bin\Debug\net10.0\payload\dtrh' -&gt; Present (1542 files)&#xD;
dtrh-loopback: page+media origins bound on 127.0.0.1 (ephemeral)&#xD;
layout-probe: card 488.0x92.0 DIP @ scale 1 @ screen 16,44&#xD;
avatar-capability: Available — pack 'circuit' decoded&#xD;
dtrh: participant stop begin&#xD;
dtrh: participant stop end&#xD;
dtrh: payload root 'C:\Code\Conditioning-Control-Panel---CSharp-WPF\.worktrees\spine-20260812T203752\lane-1\client\tests\CcpClient.HeadlessTests\bin\Debug\net10.0\payload\dtrh' -&gt; Present (1542 files)&#xD;
dtrh-loopback: page+media origins bound on 127.0.0.1 (ephemeral)&#xD;
layout-probe: card 488.0x92.0 DIP @ scale 1 @ screen 16,44&#xD;
dtrh: participant stop begin&#xD;
dtrh: participant stop end&#xD;
dtrh: payload root 'C:\Code\Conditioning-Control-Panel---CSharp-WPF\.worktrees\spine-20260812T203752\lane-1\client\tests\CcpClient.HeadlessTests\bin\Debug\net10.0\payload\dtrh' -&gt; Present (1542 files)&#xD;
dtrh-loopback: page+media origins bound on 127.0.0.1 (ephemeral)&#xD;
layout-probe: card 488.0x92.0 DIP @ scale 1 @ screen 16,44&#xD;
dtrh: participant stop begin&#xD;
dtrh: participant stop end&#xD;
dtrh: payload root 'C:\Code\Conditioning-Control-Panel---CSharp-WPF\.worktrees\spine-20260812T203752\lane-1\client\tests\CcpClient.HeadlessTests\bin\Debug\net10.0\payload\dtrh' -&gt; Present (1542 files)&#xD;
dtrh-loopback: page+media origins bound on 127.0.0.1 (ephemeral)&#xD;
layout-probe: card 488.0x92.0 DIP @ scale 1 @ screen 16,44&#xD;
dtrh: participant stop begin&#xD;
dtrh: participant stop end&#xD;
dtrh: payload root 'C:\Code\Conditioning-Control-Panel---CSharp-WPF\.worktrees\spine-20260812T203752\lane-1\client\tests\CcpClient.HeadlessTests\bin\Debug\net10.0\payload\dtrh' -&gt; Present (1542 files)&#xD;
dtrh-loopback: page+media origins bound on 127.0.0.1 (ephemeral)&#xD;
layout-probe: card 488.0x92.0 DIP @ scale 1 @ screen 16,44&#xD;
dtrh: participant stop begin&#xD;
dtrh: participant stop end&#xD;
dtrh: payload root 'C:\Code\Conditioning-Control-Panel---CSharp-WPF\.worktrees\spine-20260812T203752\lane-1\client\tests\CcpClient.HeadlessTests\bin\Debug\net10.0\payload\dtrh' -&gt; Present (1542 files)&#xD;
dtrh-loopback: page+media origins bound on 127.0.0.1 (ephemeral)&#xD;
layout-probe: card 488.0x92.0 DIP @ scale 1 @ screen 16,44&#xD;
avatar-capability: Available — pack 'circuit' decoded&#xD;
avatar-capability: Degraded (asset-undecodable) — pack 'pulse' sheet 'Assets/avatar/pack-pulse.bmp' is undecodable: bmp: missing BM signature&#xD;
dtrh: participant stop begin&#xD;
dtrh: participant stop end&#xD;
dtrh: payload root 'C:\Code\Conditioning-Control-Panel---CSharp-WPF\.worktrees\spine-20260812T203752\lane-1\client\tests\CcpClient.HeadlessTests\bin\Debug\net10.0\payload\dtrh' -&gt; Present (1542 files)&#xD;
dtrh-loopback: page+media origins bound on 127.0.0.1 (ephemeral)&#xD;
layout-probe: card 488.0x92.0 DIP @ scale 1 @ screen 16,44&#xD;
dtrh: participant stop begin&#xD;
dtrh: participant stop end&#xD;
dtrh: payload root 'C:\Code\Conditioning-Control-Panel---CSharp-WPF\.worktrees\spine-20260812T203752\lane-1\client\tests\CcpClient.HeadlessTests\bin\Debug\net10.0\payload\dtrh' -&gt; Present (1542 files)&#xD;
dtrh-loopback: page+media origins bound on 127.0.0.1 (ephemeral)&#xD;
layout-probe: card 488.0x92.0 DIP @ scale 1 @ screen 16,44&#xD;
dtrh: participant stop begin&#xD;
dtrh: participant stop end&#xD;
dtrh: payload root 'C:\Code\Conditioning-Control-Panel---CSharp-WPF\.worktrees\spine-20260812T203752\lane-1\client\tests\CcpClient.HeadlessTests\bin\Debug\net10.0\payload\dtrh' -&gt; Present (1542 files)&#xD;
dtrh-loopback: page+media origins bound on 127.0.0.1 (ephemeral)&#xD;
layout-probe: card 488.0x92.0 DIP @ scale 1 @ screen 16,44&#xD;
dtrh: participant stop begin&#xD;
dtrh: participant stop end&#xD;
dtrh: payload root 'C:\Code\Conditioning-Control-Panel---CSharp-WPF\.worktrees\spine-20260812T203752\lane-1\client\tests\CcpClient.HeadlessTests\bin\Debug\net10.0\payload\dtrh' -&gt; Present (1542 files)&#xD;
dtrh-loopback: page+media origins bound on 127.0.0.1 (ephemeral)&#xD;
layout-probe: card 488.0x92.0 DIP @ scale 1 @ screen 16,44&#xD;
avatar-capability: Available — pack 'circuit' decoded&#xD;
dtrh: participant stop begin&#xD;
dtrh: participant stop end&#xD;
dtrh: payload root 'C:\Code\Conditioning-Control-Panel---CSharp-WPF\.worktrees\spine-20260812T203752\lane-1\client\tests\CcpClient.HeadlessTests\bin\Debug\net10.0\payload\dtrh' -&gt; Present (1542 files)&#xD;
dtrh-loopback: page+media origins bound on 127.0.0.1 (ephemeral)&#xD;
layout-probe: card 488.0x92.0 DIP @ scale 1 @ screen 16,44&#xD;
dtrh: participant stop begin&#xD;
dtrh: participant stop end&#xD;
dtrh: payload root 'C:\Code\Conditioning-Control-Panel---CSharp-WPF\.worktrees\spine-20260812T203752\lane-1\client\tests\CcpClient.HeadlessTests\bin\Debug\net10.0\payload\dtrh' -&gt; Present (1542 files)&#xD;
dtrh-loopback: page+media origins bound on 127.0.0.1 (ephemeral)&#xD;
layout-probe: card 488.0x92.0 DIP @ scale 1 @ screen 16,44&#xD;
avatar-capability: Available — pack 'circuit' decoded&#xD;
dtrh: participant stop begin&#xD;
dtrh: participant stop end&#xD;
dtrh: payload root 'C:\Code\Conditioning-Control-Panel---CSharp-WPF\.worktrees\spine-20260812T203752\lane-1\client\tests\CcpClient.HeadlessTests\bin\Debug\net10.0\payload\dtrh' -&gt; Present (1542 files)&#xD;
dtrh-loopback: page+media origins bound on 127.0.0.1 (ephemeral)&#xD;
layout-probe: card 488.0x92.0 DIP @ scale 1 @ screen 16,44&#xD;
dtrh: participant stop begin&#xD;
dtrh: participant stop end&#xD;
dtrh: payload root 'C:\Code\Conditioning-Control-Panel---CSharp-WPF\.worktrees\spine-20260812T203752\lane-1\client\tests\CcpClient.HeadlessTests\bin\Debug\net10.0\payload\dtrh' -&gt; Present (1542 files)&#xD;
dtrh-loopback: page+media origins bound on 127.0.0.1 (ephemeral)&#xD;
layout-probe: card 488.0x92.0 DIP @ scale 1 @ screen 16,44&#xD;
avatar-capability: Available — pack 'circuit' decoded&#xD;
dtrh: participant stop begin&#xD;
dtrh: participant stop end&#xD;
dtrh: payload root 'C:\Code\Conditioning-Control-Panel---CSharp-WPF\.worktrees\spine-20260812T203752\lane-1\client\tests\CcpClient.HeadlessTests\bin\Debug\net10.0\payload\dtrh' -&gt; Present (1542 files)&#xD;
dtrh-loopback: page+media origins bound on 127.0.0.1 (ephemeral)&#xD;
layout-probe: card 488.0x92.0 DIP @ scale 1 @ screen 16,44&#xD;
dtrh: participant stop begin&#xD;
dtrh: participant stop end&#xD;
dtrh: payload root 'C:\Code\Conditioning-Control-Panel---CSharp-WPF\.worktrees\spine-20260812T203752\lane-1\client\tests\CcpClient.HeadlessTests\bin\Debug\net10.0\payload\dtrh' -&gt; Present (1542 files)&#xD;
dtrh-loopback: page+media origins bound on 127.0.0.1 (ephemeral)&#xD;
layout-probe: card 488.0x92.0 DIP @ scale 1 @ screen 16,44&#xD;
avatar-capability: Available — pack 'circuit' decoded&#xD;
dtrh: participant stop begin&#xD;
dtrh: participant stop end&#xD;
dtrh: payload root 'C:\Code\Conditioning-Control-Panel---CSharp-WPF\.worktrees\spine-20260812T203752\lane-1\client\tests\CcpClient.HeadlessTests\bin\Debug\net10.0\payload\dtrh' -&gt; Present (1542 files)&#xD;
dtrh-loopback: page+media origins bound on 127.0.0.1 (ephemeral)&#xD;
layout-probe: card 488.0x92.0 DIP @ scale 1 @ screen 16,44&#xD;
dtrh: participant stop begin&#xD;
dtrh: participant stop end&#xD;
[xUnit.net 00:00:17.30]   Finished:    CcpClient.HeadlessTests (ID = 'ebf54b590c778d235d99f9e7ac1925e34ebd3d59aedb0bf7b720c3a8c5ce48d1')&#xD;
</StdOut>
    </Output>
  </ResultSummary>
</TestRun>