<?xml version="1.0" encoding="utf-8"?>
<TestRun id="370bc67a-a9b8-4b0e-ab1e-369ec203ca20" name="Micha@MICH_S_YOGA 2026-08-13 06:33:39" runUser="MICH_S_YOGA\Micha" xmlns="http://microsoft.com/schemas/VisualStudio/TeamTest/2010">
  <Times creation="2026-08-13T06:33:39.0873164+09:00" queuing="2026-08-13T06:33:39.0873171+09:00" start="2026-08-13T06:33:35.3017282+09:00" finish="2026-08-13T06:33:53.8709062+09:00" />
  <TestSettings name="default" id="e50b6d15-ea08-44b2-a396-8ef993199366">
    <Deployment runDeploymentRoot="Micha_MICH_S_YOGA_2026-08-13_06_33_39" />
  </TestSettings>
  <Results>
    <UnitTestResult executionId="86fd9302-1f14-4faa-811c-c5e6371904a5" testId="035e6bde-e96c-f9bc-c00a-a00fbbef97ad" testName="CcpClient.HeadlessTests.FeaturePopupHeadlessTests.Escape_And_CloseButton_BothClose_ThroughTheOnePath" computerName="MICH_S_YOGA" duration="00:00:00.2709489" startTime="2026-08-13T06:33:46.1775429+09:00" endTime="2026-08-13T06:33:46.4485408+09:00" testType="13cdc9d9-ddb5-4fa4-a97d-d965ccfc6d4b" outcome="Passed" testListId="8c84fa94-04c1-424b-9868-57a2d4851a1d" relativeResultsDirectory="86fd9302-1f14-4faa-811c-c5e6371904a5" />
    <UnitTestResult executionId="c684349d-392b-4276-9db1-913240c6ae00" testId="ae0a6971-742a-f04f-82b4-17c46b8c2c64" testName="CcpClient.HeadlessTests.DtrhSlotPickerHeadlessTests.CardClick_ChangesSelection" computerName="MICH_S_YOGA" duration="00:00:00.1142306" startTime="2026-08-13T06:33:44.8482458+09:00" endTime="2026-08-13T06:33:44.9625961+09:00" testType="13cdc9d9-ddb5-4fa4-a97d-d965ccfc6d4b" outcome="Passed" testListId="8c84fa94-04c1-424b-9868-57a2d4851a1d" relativeResultsDirectory="c684349d-392b-4276-9db1-913240c6ae00" />
    <UnitTestResult executionId="f82f8bf7-efb2-4639-8033-4e4e38b884cb" testId="1214411f-fe42-50b5-c40b-103b87443a40" testName="CcpClient.HeadlessTests.DtrhSlotPickerHeadlessTests.RankName_MatchesWpfThresholds" computerName="MICH_S_YOGA" duration="00:00:00.0298119" startTime="2026-08-13T06:33:37.5114515+09:00" endTime="2026-08-13T06:33:37.5571586+09:00" testType="13cdc9d9-ddb5-4fa4-a97d-d965ccfc6d4b" outcome="Passed" testListId="8c84fa94-04c1-424b-9868-57a2d4851a1d" relativeResultsDirectory="f82f8bf7-efb2-4639-8033-4e4e38b884cb" />
    <UnitTestResult executionId="0461794a-008d-4f95-a48c-6a45284cf212" testId="c761175a-69e3-2b53-e8e1-38363a5d7eb7" testName="CcpClient.HeadlessTests.DashboardCardHeadlessTests.Card_Toggle_AppliesLitClass_AndStyleResolvesBorderBrush" computerName="MICH_S_YOGA" duration="00:00:00.1532785" startTime="2026-08-13T06:33:44.9683364+09:00" endTime="2026-08-13T06:33:45.1217040+09:00" testType="13cdc9d9-ddb5-4fa4-a97d-d965ccfc6d4b" outcome="Passed" testListId="8c84fa94-04c1-424b-9868-57a2d4851a1d" relativeResultsDirectory="0461794a-008d-4f95-a48c-6a45284cf212" />
    <UnitTestResult executionId="4754f2bb-88a0-4a83-9b23-344bf93d17a0" testId="b5385d02-785b-1c22-efc3-1489d2386240" testName="CcpClient.HeadlessTests.AvatarTubeHeadlessTests.FrameAdvance_UpdatesLayerSource_FloatTransform_AndProbe" computerName="MICH_S_YOGA" duration="00:00:01.7128514" startTime="2026-08-13T06:33:40.4377529+09:00" endTime="2026-08-13T06:33:42.1504254+09:00" testType="13cdc9d9-ddb5-4fa4-a97d-d965ccfc6d4b" outcome="Passed" testListId="8c84fa94-04c1-424b-9868-57a2d4851a1d" relativeResultsDirectory="4754f2bb-88a0-4a83-9b23-344bf93d17a0" />
    <UnitTestResult executionId="f3701906-1471-44d1-a064-05c0faec9017" testId="cd9fe552-49ba-1d17-ec86-6f7b8c828d72" testName="CcpClient.HeadlessTests.FeaturePopupHeadlessTests.NestedList_ScrollsItself_ThenChainsToPopup" computerName="MICH_S_YOGA" duration="00:00:00.3278394" startTime="2026-08-13T06:33:46.7091988+09:00" endTime="2026-08-13T06:33:47.0370967+09:00" testType="13cdc9d9-ddb5-4fa4-a97d-d965ccfc6d4b" outcome="Passed" testListId="8c84fa94-04c1-424b-9868-57a2d4851a1d" relativeResultsDirectory="f3701906-1471-44d1-a064-05c0faec9017" />
    <UnitTestResult executionId="661522b2-c62a-4b15-94bd-39c0c5015cdb" testId="6b096e8d-2d36-390c-763d-38ca75777864" testName="CcpClient.HeadlessTests.CompanionWindowHeadlessTests.ClearConfirm_ShowsOverlay_EscapeCancels_YesNeverDefaultPosition" computerName="MICH_S_YOGA" duration="00:00:00.2087744" startTime="2026-08-13T06:33:45.2667479+09:00" endTime="2026-08-13T06:33:45.4755957+09:00" testType="13cdc9d9-ddb5-4fa4-a97d-d965ccfc6d4b" outcome="Passed" testListId="8c84fa94-04c1-424b-9868-57a2d4851a1d" relativeResultsDirectory="661522b2-c62a-4b15-94bd-39c0c5015cdb" />
    <UnitTestResult executionId="dd98917b-a89a-410a-9e4a-ee2b5a43bd53" testId="ceecf6fd-1fad-a1f2-d6ac-ca285f642eb1" testName="CcpClient.HeadlessTests.QuickToggleDispatchHeadlessTests.PlainRightClick_NoContextMenu_ExistsOrOpens" computerName="MICH_S_YOGA" duration="00:00:00.1904810" startTime="2026-08-13T06:33:39.2589527+09:00" endTime="2026-08-13T06:33:39.4495370+09:00" testType="13cdc9d9-ddb5-4fa4-a97d-d965ccfc6d4b" outcome="Passed" testListId="8c84fa94-04c1-424b-9868-57a2d4851a1d" relativeResultsDirectory="dd98917b-a89a-410a-9e4a-ee2b5a43bd53" />
    <UnitTestResult executionId="a66bc247-d60f-4663-8b02-772d103789ae" testId="2e779db8-3cdb-b849-bd10-e9de5ea76575" testName="CcpClient.HeadlessTests.DtrhSlotPickerHeadlessTests.PopulatedSlot_ShowsRankStatsLastPlayed_AndDeleteFlow" computerName="MICH_S_YOGA" duration="00:00:00.0724598" startTime="2026-08-13T06:33:45.8321390+09:00" endTime="2026-08-13T06:33:45.9046783+09:00" testType="13cdc9d9-ddb5-4fa4-a97d-d965ccfc6d4b" outcome="Passed" testListId="8c84fa94-04c1-424b-9868-57a2d4851a1d" relativeResultsDirectory="a66bc247-d60f-4663-8b02-772d103789ae" />
    <UnitTestResult executionId="834f9d22-8192-46f1-badd-f8579fd1522b" testId="98e2b4ff-7470-80d5-0843-f0427ba25a33" testName="CcpClient.HeadlessTests.AvatarTubeHeadlessTests.AttachDetach_ViewOnlySwitch_PreservesPipeline" computerName="MICH_S_YOGA" duration="00:00:01.6125443" startTime="2026-08-13T06:33:47.3753039+09:00" endTime="2026-08-13T06:33:48.9877025+09:00" testType="13cdc9d9-ddb5-4fa4-a97d-d965ccfc6d4b" outcome="Passed" testListId="8c84fa94-04c1-424b-9868-57a2d4851a1d" relativeResultsDirectory="834f9d22-8192-46f1-badd-f8579fd1522b" />
    <UnitTestResult executionId="39a46e0a-6d27-4ee4-bff8-6463bb69facb" testId="308a579d-9375-db6f-1404-67c3a1968e33" testName="CcpClient.HeadlessTests.ChaosTunnelWindowHeadlessTests.DeclaredPolicy_MatchesTheLayeringContract" computerName="MICH_S_YOGA" duration="00:00:00.0247631" startTime="2026-08-13T06:33:40.1156657+09:00" endTime="2026-08-13T06:33:40.1405800+09:00" testType="13cdc9d9-ddb5-4fa4-a97d-d965ccfc6d4b" outcome="Passed" testListId="8c84fa94-04c1-424b-9868-57a2d4851a1d" relativeResultsDirectory="39a46e0a-6d27-4ee4-bff8-6463bb69facb" />
    <UnitTestResult executionId="177c249f-859d-4eb7-9a2b-7c7c724513eb" testId="b8bbae0c-1de7-87d7-a66d-9e0028ccdd4b" testName="CcpClient.HeadlessTests.CompanionWindowHeadlessTests.UnavailableReply_RendersSubduedBubble_WithoutBadge" computerName="MICH_S_YOGA" duration="00:00:00.5908509" startTime="2026-08-13T06:33:39.5002337+09:00" endTime="2026-08-13T06:33:40.0911099+09:00" testType="13cdc9d9-ddb5-4fa4-a97d-d965ccfc6d4b" outcome="Passed" testListId="8c84fa94-04c1-424b-9868-57a2d4851a1d" relativeResultsDirectory="177c249f-859d-4eb7-9a2b-7c7c724513eb" />
    <UnitTestResult executionId="7b8b25da-84a6-4318-a827-95715938eec8" testId="51b6198f-e3f0-881f-7d60-dfc8d0f6724c" testName="CcpClient.HeadlessTests.AvatarTubeHeadlessTests.Close_DisposesEngineAndSubscriptions" computerName="MICH_S_YOGA" duration="00:00:00.2181829" startTime="2026-08-13T06:33:46.4534751+09:00" endTime="2026-08-13T06:33:46.6717235+09:00" testType="13cdc9d9-ddb5-4fa4-a97d-d965ccfc6d4b" outcome="Passed" testListId="8c84fa94-04c1-424b-9868-57a2d4851a1d" relativeResultsDirectory="7b8b25da-84a6-4318-a827-95715938eec8" />
    <UnitTestResult executionId="c4a1a920-9f43-4995-bb3e-4ce4313a5027" testId="29da4c67-619d-a475-9dbf-b69128795166" testName="CcpClient.HeadlessTests.DtrhSlotPickerHeadlessTests.FreshProfile_ThreeCards_Slots23Locked_NewJourney" computerName="MICH_S_YOGA" duration="00:00:00.0261960" startTime="2026-08-13T06:33:46.6772720+09:00" endTime="2026-08-13T06:33:46.7035874+09:00" testType="13cdc9d9-ddb5-4fa4-a97d-d965ccfc6d4b" outcome="Passed" testListId="8c84fa94-04c1-424b-9868-57a2d4851a1d" relativeResultsDirectory="c4a1a920-9f43-4995-bb3e-4ce4313a5027" />
    <UnitTestResult executionId="da371567-4881-44cb-8f94-c1c67a434f43" testId="dc79649f-64d6-0e09-3e17-509466a42e10" testName="CcpClient.HeadlessTests.FeaturePopupHeadlessTests.LeftClick_OpensOwnedModelessPopup_WithContractChrome" computerName="MICH_S_YOGA" duration="00:00:00.1184146" startTime="2026-08-13T06:33:48.9895872+09:00" endTime="2026-08-13T06:33:49.1080736+09:00" testType="13cdc9d9-ddb5-4fa4-a97d-d965ccfc6d4b" outcome="Passed" testListId="8c84fa94-04c1-424b-9868-57a2d4851a1d" relativeResultsDirectory="da371567-4881-44cb-8f94-c1c67a434f43" />
    <UnitTestResult executionId="d47b7264-96d4-4342-8e85-50b2e77eff8b" testId="63c945a9-570d-23f3-3c83-12996fb1184b" testName="CcpClient.HeadlessTests.AvatarTubeHeadlessTests.PauseButton_FreezesPipeline_ResumeContinuesSuccessor" computerName="MICH_S_YOGA" duration="00:00:01.6530743" startTime="2026-08-13T06:33:43.1888541+09:00" endTime="2026-08-13T06:33:44.8417788+09:00" testType="13cdc9d9-ddb5-4fa4-a97d-d965ccfc6d4b" outcome="Passed" testListId="8c84fa94-04c1-424b-9868-57a2d4851a1d" relativeResultsDirectory="d47b7264-96d4-4342-8e85-50b2e77eff8b" />
    <UnitTestResult executionId="45161035-57ff-4eb8-bf7d-99707fbae7ab" testId="d1a7cf47-c060-67b2-0520-7751e2e67f2c" testName="CcpClient.HeadlessTests.QuickToggleDispatchHeadlessTests.EnterKey_WhenFocused_TogglesSameOperation_AsRightClick" computerName="MICH_S_YOGA" duration="00:00:00.1421850" startTime="2026-08-13T06:33:42.4086458+09:00" endTime="2026-08-13T06:33:42.5509359+09:00" testType="13cdc9d9-ddb5-4fa4-a97d-d965ccfc6d4b" outcome="Passed" testListId="8c84fa94-04c1-424b-9868-57a2d4851a1d" relativeResultsDirectory="45161035-57ff-4eb8-bf7d-99707fbae7ab" />
    <UnitTestResult executionId="6b65bc11-f0f1-4a5b-8e3f-9467090f7026" testId="5483dd7b-37f9-8bc7-6b4b-fbb130ff23a1" testName="CcpClient.HeadlessTests.AvatarTubeHeadlessTests.Tube_Opens_LayersPresent_FirstFrameAndCapabilityRendered" computerName="MICH_S_YOGA" duration="00:00:00.1346316" startTime="2026-08-13T06:33:47.0425448+09:00" endTime="2026-08-13T06:33:47.1772669+09:00" testType="13cdc9d9-ddb5-4fa4-a97d-d965ccfc6d4b" outcome="Passed" testListId="8c84fa94-04c1-424b-9868-57a2d4851a1d" relativeResultsDirectory="6b65bc11-f0f1-4a5b-8e3f-9467090f7026" />
    <UnitTestResult executionId="ee4627cb-d148-493e-aa75-e9435374b7e5" testId="f38f9e94-deb8-2bb6-3a21-8df4bca0693c" testName="CcpClient.HeadlessTests.ChaosTunnelWindowHeadlessTests.ShowAndSink_AreSafeWithoutAnAttachedSurface" computerName="MICH_S_YOGA" duration="00:00:00.0043509" startTime="2026-08-13T06:33:42.7783598+09:00" endTime="2026-08-13T06:33:42.7828375+09:00" testType="13cdc9d9-ddb5-4fa4-a97d-d965ccfc6d4b" outcome="Passed" testListId="8c84fa94-04c1-424b-9868-57a2d4851a1d" relativeResultsDirectory="ee4627cb-d148-493e-aa75-e9435374b7e5" />
    <UnitTestResult executionId="28563fda-f395-41d8-a725-87e0d1439903" testId="7cc2bb4f-36fa-6a6f-7e5f-39784f19e5eb" testName="CcpClient.HeadlessTests.DtrhSlotPickerHeadlessTests.Commit_AndCancel_Outcomes" computerName="MICH_S_YOGA" duration="00:00:00.0950027" startTime="2026-08-13T06:33:42.1565785+09:00" endTime="2026-08-13T06:33:42.2517030+09:00" testType="13cdc9d9-ddb5-4fa4-a97d-d965ccfc6d4b" outcome="Passed" testListId="8c84fa94-04c1-424b-9868-57a2d4851a1d" relativeResultsDirectory="28563fda-f395-41d8-a725-87e0d1439903" />
    <UnitTestResult executionId="9ce8c30a-7e57-4053-a518-617e7f4d4b08" testId="56cb8fcc-3e7f-7ac2-f0d3-71fa73d020e0" testName="CcpClient.HeadlessTests.AvatarTubeHeadlessTests.AvatarClick_RoutesToClickEmote_DistinctFromSpeech" computerName="MICH_S_YOGA" duration="00:00:04.4808301" startTime="2026-08-13T06:33:49.1097197+09:00" endTime="2026-08-13T06:33:53.5898367+09:00" testType="13cdc9d9-ddb5-4fa4-a97d-d965ccfc6d4b" outcome="Passed" testListId="8c84fa94-04c1-424b-9868-57a2d4851a1d" relativeResultsDirectory="9ce8c30a-7e57-4053-a518-617e7f4d4b08" />
    <UnitTestResult executionId="0fc7ff81-6394-4e8f-a2d8-9a37dbcfd036" testId="9bf72dd2-8b33-d859-97f9-1c908a0f599f" testName="CcpClient.HeadlessTests.DtrhVideoWindowHeadlessTests.Close_Unsubscribes_NoThrowOnLateFrame" computerName="MICH_S_YOGA" duration="00:00:00.0026839" startTime="2026-08-13T06:33:42.5567176+09:00" endTime="2026-08-13T06:33:42.5595355+09:00" testType="13cdc9d9-ddb5-4fa4-a97d-d965ccfc6d4b" outcome="Passed" testListId="8c84fa94-04c1-424b-9868-57a2d4851a1d" relativeResultsDirectory="0fc7ff81-6394-4e8f-a2d8-9a37dbcfd036" />
    <UnitTestResult executionId="9946f033-cb24-447f-8669-57f0f7cb7ac9" testId="7136725b-d091-3452-d5bd-a5944e366e31" testName="CcpClient.HeadlessTests.FeaturePopupHeadlessTests.TallContent_CapsHeight_AndFinalControlStartsBelowFold" computerName="MICH_S_YOGA" duration="00:00:00.1739997" startTime="2026-08-13T06:33:45.4871614+09:00" endTime="2026-08-13T06:33:45.6612427+09:00" testType="13cdc9d9-ddb5-4fa4-a97d-d965ccfc6d4b" outcome="Passed" testListId="8c84fa94-04c1-424b-9868-57a2d4851a1d" relativeResultsDirectory="9946f033-cb24-447f-8669-57f0f7cb7ac9" />
    <UnitTestResult executionId="64fbd9a1-8f69-4396-a5e9-35bd032444ff" testId="b550f0f2-0986-f423-452b-f8ce0668ea97" testName="CcpClient.HeadlessTests.QuickToggleDispatchHeadlessTests.TitleMutation_RendersMutatedTitle_AndRightClickStillToggles" computerName="MICH_S_YOGA" duration="00:00:00.1334200" startTime="2026-08-13T06:33:45.1274362+09:00" endTime="2026-08-13T06:33:45.2609609+09:00" testType="13cdc9d9-ddb5-4fa4-a97d-d965ccfc6d4b" outcome="Passed" testListId="8c84fa94-04c1-424b-9868-57a2d4851a1d" relativeResultsDirectory="64fbd9a1-8f69-4396-a5e9-35bd032444ff" />
    <UnitTestResult executionId="7d3ecaad-7538-47e3-955b-e15777c56eb3" testId="299a18b5-088d-7378-2b22-4153595ae375" testName="CcpClient.HeadlessTests.DashboardCardHeadlessTests.Card_ArrangedBounds_GrowWithLoadBearingIsVisible" computerName="MICH_S_YOGA" duration="00:00:00.1431374" startTime="2026-08-13T06:33:42.2583506+09:00" endTime="2026-08-13T06:33:42.4016023+09:00" testType="13cdc9d9-ddb5-4fa4-a97d-d965ccfc6d4b" outcome="Passed" testListId="8c84fa94-04c1-424b-9868-57a2d4851a1d" relativeResultsDirectory="7d3ecaad-7538-47e3-955b-e15777c56eb3" />
    <UnitTestResult executionId="7daf1ca1-ab2a-4935-8829-f48c3a5d74ab" testId="99e9d677-0d86-4b85-468c-c4b80d0a53c8" testName="CcpClient.HeadlessTests.DtrhVideoWindowHeadlessTests.PresentedFrame_LandsOnTheImage" computerName="MICH_S_YOGA" duration="00:00:00.0406395" startTime="2026-08-13T06:33:39.4541720+09:00" endTime="2026-08-13T06:33:39.4949629+09:00" testType="13cdc9d9-ddb5-4fa4-a97d-d965ccfc6d4b" outcome="Passed" testListId="8c84fa94-04c1-424b-9868-57a2d4851a1d" relativeResultsDirectory="7daf1ca1-ab2a-4935-8829-f48c3a5d74ab" />
    <UnitTestResult executionId="be35cf61-cc23-4e41-8551-ba6547964e40" testId="b209f7cb-4560-11fa-64a1-95cb0cee5de3" testName="CcpClient.HeadlessTests.FeaturePopupHeadlessTests.Wheel_ReachesFinalControl_OffsetChangesMonotonically" computerName="MICH_S_YOGA" duration="00:00:00.3949852" startTime="2026-08-13T06:33:42.7878711+09:00" endTime="2026-08-13T06:33:43.1828914+09:00" testType="13cdc9d9-ddb5-4fa4-a97d-d965ccfc6d4b" outcome="Passed" testListId="8c84fa94-04c1-424b-9868-57a2d4851a1d" relativeResultsDirectory="be35cf61-cc23-4e41-8551-ba6547964e40" />
    <UnitTestResult executionId="f3ca4741-d13c-4a91-a640-4b18bf87cc32" testId="2d6e7587-f44a-049d-d426-d41d493f6200" testName="CcpClient.HeadlessTests.FeaturePopupHeadlessTests.OneAtATime_CloseExistingBeforeNew" computerName="MICH_S_YOGA" duration="00:00:00.1084823" startTime="2026-08-13T06:33:53.5912025+09:00" endTime="2026-08-13T06:33:53.6997618+09:00" testType="13cdc9d9-ddb5-4fa4-a97d-d965ccfc6d4b" outcome="Passed" testListId="8c84fa94-04c1-424b-9868-57a2d4851a1d" relativeResultsDirectory="f3ca4741-d13c-4a91-a640-4b18bf87cc32" />
    <UnitTestResult executionId="ed3ea4e8-b599-426d-98a2-7c427d7cdfa0" testId="c32dd0ae-490e-4c67-10b0-2c768c8c0d88" testName="CcpClient.HeadlessTests.CompanionWindowHeadlessTests.OpenFromDashboard_OwnedModeless_DashboardStays" computerName="MICH_S_YOGA" duration="00:00:00.1772971" startTime="2026-08-13T06:33:45.9948498+09:00" endTime="2026-08-13T06:33:46.1722115+09:00" testType="13cdc9d9-ddb5-4fa4-a97d-d965ccfc6d4b" outcome="Passed" testListId="8c84fa94-04c1-424b-9868-57a2d4851a1d" relativeResultsDirectory="ed3ea4e8-b599-426d-98a2-7c427d7cdfa0" />
    <UnitTestResult executionId="dc3ac5e5-8092-47ca-9188-ed34594348d0" testId="3a8fe4cb-6b90-ad18-7e14-0c51c9462a40" testName="CcpClient.HeadlessTests.AvatarTubeHeadlessTests.CorruptPackSwitch_TypedDegraded_AndStaticFallbackVisible" computerName="MICH_S_YOGA" duration="00:00:00.1573904" startTime="2026-08-13T06:33:45.6690729+09:00" endTime="2026-08-13T06:33:45.8265472+09:00" testType="13cdc9d9-ddb5-4fa4-a97d-d965ccfc6d4b" outcome="Passed" testListId="8c84fa94-04c1-424b-9868-57a2d4851a1d" relativeResultsDirectory="dc3ac5e5-8092-47ca-9188-ed34594348d0" />
    <UnitTestResult executionId="474303f1-72a9-4ea2-b8e8-1de6be444cc6" testId="a69b8935-a743-56ab-4621-cccd60a203e7" testName="CcpClient.HeadlessTests.DashboardCardHeadlessTests.ElementNameMirror_FollowsLiveTickText" computerName="MICH_S_YOGA" duration="00:00:01.5568247" startTime="2026-08-13T06:33:37.6818437+09:00" endTime="2026-08-13T06:33:39.2418217+09:00" testType="13cdc9d9-ddb5-4fa4-a97d-d965ccfc6d4b" outcome="Passed" testListId="8c84fa94-04c1-424b-9868-57a2d4851a1d" relativeResultsDirectory="474303f1-72a9-4ea2-b8e8-1de6be444cc6" />
    <UnitTestResult executionId="bc419d2c-48d7-4d9b-9544-68a4d6239a18" testId="16be08e5-790a-3391-5c3c-4666308eca90" testName="CcpClient.HeadlessTests.FeaturePopupHeadlessTests.ShortContent_Compact_NoScrollbarMetrics" computerName="MICH_S_YOGA" duration="00:00:00.1788690" startTime="2026-08-13T06:33:47.1831048+09:00" endTime="2026-08-13T06:33:47.3621035+09:00" testType="13cdc9d9-ddb5-4fa4-a97d-d965ccfc6d4b" outcome="Passed" testListId="8c84fa94-04c1-424b-9868-57a2d4851a1d" relativeResultsDirectory="bc419d2c-48d7-4d9b-9544-68a4d6239a18" />
    <UnitTestResult executionId="7eccb048-c9da-4b71-85a8-9bf965366d7b" testId="0683e385-8b9a-00bb-7bf8-8427ab596272" testName="CcpClient.HeadlessTests.FeaturePopupHeadlessTests.Popup_StaysInsideOwnerWorkingArea" computerName="MICH_S_YOGA" duration="00:00:00.2855048" startTime="2026-08-13T06:33:40.1455207+09:00" endTime="2026-08-13T06:33:40.4311533+09:00" testType="13cdc9d9-ddb5-4fa4-a97d-d965ccfc6d4b" outcome="Passed" testListId="8c84fa94-04c1-424b-9868-57a2d4851a1d" relativeResultsDirectory="7eccb048-c9da-4b71-85a8-9bf965366d7b" />
    <UnitTestResult executionId="4c8591fb-6d90-4fb3-a2bf-4a1b3ef5c384" testId="77e1ec1a-66e2-9903-c1d2-98aaa8401696" testName="CcpClient.HeadlessTests.CompanionWindowHeadlessTests.Surface_Renders_ChatInput_Settings_ConfirmHidden_StatusHonest" computerName="MICH_S_YOGA" duration="00:00:00.2027455" startTime="2026-08-13T06:33:42.5657037+09:00" endTime="2026-08-13T06:33:42.7685305+09:00" testType="13cdc9d9-ddb5-4fa4-a97d-d965ccfc6d4b" outcome="Passed" testListId="8c84fa94-04c1-424b-9868-57a2d4851a1d" relativeResultsDirectory="4c8591fb-6d90-4fb3-a2bf-4a1b3ef5c384" />
    <UnitTestResult executionId="d5387ecc-5957-49bb-940b-2717b649ad14" testId="2c3eb85d-eda8-2be3-955e-839773a60b44" testName="CcpClient.HeadlessTests.QuickToggleDispatchHeadlessTests.RightClickPress_OnCardBody_TogglesThroughStableIdPath" computerName="MICH_S_YOGA" duration="00:00:00.0808611" startTime="2026-08-13T06:33:45.9095805+09:00" endTime="2026-08-13T06:33:45.9906031+09:00" testType="13cdc9d9-ddb5-4fa4-a97d-d965ccfc6d4b" outcome="Passed" testListId="8c84fa94-04c1-424b-9868-57a2d4851a1d" relativeResultsDirectory="d5387ecc-5957-49bb-940b-2717b649ad14" />
  </Results>
  <TestDefinitions>
    <UnitTest name="CcpClient.HeadlessTests.DtrhSlotPickerHeadlessTests.PopulatedSlot_ShowsRankStatsLastPlayed_AndDeleteFlow" storage="c:\code\conditioning-control-panel---csharp-wpf\.worktrees\spine-20260812t203752\lane-1\client\tests\ccpclient.headlesstests\bin\debug\net10.0\ccpclient.headlesstests.dll" id="2e779db8-3cdb-b849-bd10-e9de5ea76575">
      <Execution id="a66bc247-d60f-4663-8b02-772d103789ae" />
      <TestMethod codeBase="C:\Code\Conditioning-Control-Panel---CSharp-WPF\.worktrees\spine-20260812T203752\lane-1\client\tests\CcpClient.HeadlessTests\bin\Debug\net10.0\CcpClient.HeadlessTests.dll" adapterTypeName="executor://xunit/VsTestRunner3/netcore/" className="CcpClient.HeadlessTests.DtrhSlotPickerHeadlessTests" name="PopulatedSlot_ShowsRankStatsLastPlayed_AndDeleteFlow" />
    </UnitTest>
    <UnitTest name="CcpClient.HeadlessTests.DtrhSlotPickerHeadlessTests.FreshProfile_ThreeCards_Slots23Locked_NewJourney" storage="c:\code\conditioning-control-panel---csharp-wpf\.worktrees\spine-20260812t203752\lane-1\client\tests\ccpclient.headlesstests\bin\debug\net10.0\ccpclient.headlesstests.dll" id="29da4c67-619d-a475-9dbf-b69128795166">
      <Execution id="c4a1a920-9f43-4995-bb3e-4ce4313a5027" />
      <TestMethod codeBase="C:\Code\Conditioning-Control-Panel---CSharp-WPF\.worktrees\spine-20260812T203752\lane-1\client\tests\CcpClient.HeadlessTests\bin\Debug\net10.0\CcpClient.HeadlessTests.dll" adapterTypeName="executor://xunit/VsTestRunner3/netcore/" className="CcpClient.HeadlessTests.DtrhSlotPickerHeadlessTests" name="FreshProfile_ThreeCards_Slots23Locked_NewJourney" />
    </UnitTest>
    <UnitTest name="CcpClient.HeadlessTests.DtrhSlotPickerHeadlessTests.Commit_AndCancel_Outcomes" storage="c:\code\conditioning-control-panel---csharp-wpf\.worktrees\spine-20260812t203752\lane-1\client\tests\ccpclient.headlesstests\bin\debug\net10.0\ccpclient.headlesstests.dll" id="7cc2bb4f-36fa-6a6f-7e5f-39784f19e5eb">
      <Execution id="28563fda-f395-41d8-a725-87e0d1439903" />
      <TestMethod codeBase="C:\Code\Conditioning-Control-Panel---CSharp-WPF\.worktrees\spine-20260812T203752\lane-1\client\tests\CcpClient.HeadlessTests\bin\Debug\net10.0\CcpClient.HeadlessTests.dll" adapterTypeName="executor://xunit/VsTestRunner3/netcore/" className="CcpClient.HeadlessTests.DtrhSlotPickerHeadlessTests" name="Commit_AndCancel_Outcomes" />
    </UnitTest>
    <UnitTest name="CcpClient.HeadlessTests.AvatarTubeHeadlessTests.Tube_Opens_LayersPresent_FirstFrameAndCapabilityRendered" storage="c:\code\conditioning-control-panel---csharp-wpf\.worktrees\spine-20260812t203752\lane-1\client\tests\ccpclient.headlesstests\bin\debug\net10.0\ccpclient.headlesstests.dll" id="5483dd7b-37f9-8bc7-6b4b-fbb130ff23a1">
      <Execution id="6b65bc11-f0f1-4a5b-8e3f-9467090f7026" />
      <TestMethod codeBase="C:\Code\Conditioning-Control-Panel---CSharp-WPF\.worktrees\spine-20260812T203752\lane-1\client\tests\CcpClient.HeadlessTests\bin\Debug\net10.0\CcpClient.HeadlessTests.dll" adapterTypeName="executor://xunit/VsTestRunner3/netcore/" className="CcpClient.HeadlessTests.AvatarTubeHeadlessTests" name="Tube_Opens_LayersPresent_FirstFrameAndCapabilityRendered" />
    </UnitTest>
    <UnitTest name="CcpClient.HeadlessTests.CompanionWindowHeadlessTests.ClearConfirm_ShowsOverlay_EscapeCancels_YesNeverDefaultPosition" storage="c:\code\conditioning-control-panel---csharp-wpf\.worktrees\spine-20260812t203752\lane-1\client\tests\ccpclient.headlesstests\bin\debug\net10.0\ccpclient.headlesstests.dll" id="6b096e8d-2d36-390c-763d-38ca75777864">
      <Execution id="661522b2-c62a-4b15-94bd-39c0c5015cdb" />
      <TestMethod codeBase="C:\Code\Conditioning-Control-Panel---CSharp-WPF\.worktrees\spine-20260812T203752\lane-1\client\tests\CcpClient.HeadlessTests\bin\Debug\net10.0\CcpClient.HeadlessTests.dll" adapterTypeName="executor://xunit/VsTestRunner3/netcore/" className="CcpClient.HeadlessTests.CompanionWindowHeadlessTests" name="ClearConfirm_ShowsOverlay_EscapeCancels_YesNeverDefaultPosition" />
    </UnitTest>
    <UnitTest name="CcpClient.HeadlessTests.DtrhVideoWindowHeadlessTests.Close_Unsubscribes_NoThrowOnLateFrame" storage="c:\code\conditioning-control-panel---csharp-wpf\.worktrees\spine-20260812t203752\lane-1\client\tests\ccpclient.headlesstests\bin\debug\net10.0\ccpclient.headlesstests.dll" id="9bf72dd2-8b33-d859-97f9-1c908a0f599f">
      <Execution id="0fc7ff81-6394-4e8f-a2d8-9a37dbcfd036" />
      <TestMethod codeBase="C:\Code\Conditioning-Control-Panel---CSharp-WPF\.worktrees\spine-20260812T203752\lane-1\client\tests\CcpClient.HeadlessTests\bin\Debug\net10.0\CcpClient.HeadlessTests.dll" adapterTypeName="executor://xunit/VsTestRunner3/netcore/" className="CcpClient.HeadlessTests.DtrhVideoWindowHeadlessTests" name="Close_Unsubscribes_NoThrowOnLateFrame" />
    </UnitTest>
    <UnitTest name="CcpClient.HeadlessTests.CompanionWindowHeadlessTests.Surface_Renders_ChatInput_Settings_ConfirmHidden_StatusHonest" storage="c:\code\conditioning-control-panel---csharp-wpf\.worktrees\spine-20260812t203752\lane-1\client\tests\ccpclient.headlesstests\bin\debug\net10.0\ccpclient.headlesstests.dll" id="77e1ec1a-66e2-9903-c1d2-98aaa8401696">
      <Execution id="4c8591fb-6d90-4fb3-a2bf-4a1b3ef5c384" />
      <TestMethod codeBase="C:\Code\Conditioning-Control-Panel---CSharp-WPF\.worktrees\spine-20260812T203752\lane-1\client\tests\CcpClient.HeadlessTests\bin\Debug\net10.0\CcpClient.HeadlessTests.dll" adapterTypeName="executor://xunit/VsTestRunner3/netcore/" className="CcpClient.HeadlessTests.CompanionWindowHeadlessTests" name="Surface_Renders_ChatInput_Settings_ConfirmHidden_StatusHonest" />
    </UnitTest>
    <UnitTest name="CcpClient.HeadlessTests.CompanionWindowHeadlessTests.UnavailableReply_RendersSubduedBubble_WithoutBadge" storage="c:\code\conditioning-control-panel---csharp-wpf\.worktrees\spine-20260812t203752\lane-1\client\tests\ccpclient.headlesstests\bin\debug\net10.0\ccpclient.headlesstests.dll" id="b8bbae0c-1de7-87d7-a66d-9e0028ccdd4b">
      <Execution id="177c249f-859d-4eb7-9a2b-7c7c724513eb" />
      <TestMethod codeBase="C:\Code\Conditioning-Control-Panel---CSharp-WPF\.worktrees\spine-20260812T203752\lane-1\client\tests\CcpClient.HeadlessTests\bin\Debug\net10.0\CcpClient.HeadlessTests.dll" adapterTypeName="executor://xunit/VsTestRunner3/netcore/" className="CcpClient.HeadlessTests.CompanionWindowHeadlessTests" name="UnavailableReply_RendersSubduedBubble_WithoutBadge" />
    </UnitTest>
    <UnitTest name="CcpClient.HeadlessTests.FeaturePopupHeadlessTests.Popup_StaysInsideOwnerWorkingArea" storage="c:\code\conditioning-control-panel---csharp-wpf\.worktrees\spine-20260812t203752\lane-1\client\tests\ccpclient.headlesstests\bin\debug\net10.0\ccpclient.headlesstests.dll" id="0683e385-8b9a-00bb-7bf8-8427ab596272">
      <Execution id="7eccb048-c9da-4b71-85a8-9bf965366d7b" />
      <TestMethod codeBase="C:\Code\Conditioning-Control-Panel---CSharp-WPF\.worktrees\spine-20260812T203752\lane-1\client\tests\CcpClient.HeadlessTests\bin\Debug\net10.0\CcpClient.HeadlessTests.dll" adapterTypeName="executor://xunit/VsTestRunner3/netcore/" className="CcpClient.HeadlessTests.FeaturePopupHeadlessTests" name="Popup_StaysInsideOwnerWorkingArea" />
    </UnitTest>
    <UnitTest name="CcpClient.HeadlessTests.ChaosTunnelWindowHeadlessTests.ShowAndSink_AreSafeWithoutAnAttachedSurface" storage="c:\code\conditioning-control-panel---csharp-wpf\.worktrees\spine-20260812t203752\lane-1\client\tests\ccpclient.headlesstests\bin\debug\net10.0\ccpclient.headlesstests.dll" id="f38f9e94-deb8-2bb6-3a21-8df4bca0693c">
      <Execution id="ee4627cb-d148-493e-aa75-e9435374b7e5" />
      <TestMethod codeBase="C:\Code\Conditioning-Control-Panel---CSharp-WPF\.worktrees\spine-20260812T203752\lane-1\client\tests\CcpClient.HeadlessTests\bin\Debug\net10.0\CcpClient.HeadlessTests.dll" adapterTypeName="executor://xunit/VsTestRunner3/netcore/" className="CcpClient.HeadlessTests.ChaosTunnelWindowHeadlessTests" name="ShowAndSink_AreSafeWithoutAnAttachedSurface" />
    </UnitTest>
    <UnitTest name="CcpClient.HeadlessTests.DashboardCardHeadlessTests.ElementNameMirror_FollowsLiveTickText" storage="c:\code\conditioning-control-panel---csharp-wpf\.worktrees\spine-20260812t203752\lane-1\client\tests\ccpclient.headlesstests\bin\debug\net10.0\ccpclient.headlesstests.dll" id="a69b8935-a743-56ab-4621-cccd60a203e7">
      <Execution id="474303f1-72a9-4ea2-b8e8-1de6be444cc6" />
      <TestMethod codeBase="C:\Code\Conditioning-Control-Panel---CSharp-WPF\.worktrees\spine-20260812T203752\lane-1\client\tests\CcpClient.HeadlessTests\bin\Debug\net10.0\CcpClient.HeadlessTests.dll" adapterTypeName="executor://xunit/VsTestRunner3/netcore/" className="CcpClient.HeadlessTests.DashboardCardHeadlessTests" name="ElementNameMirror_FollowsLiveTickText" />
    </UnitTest>
    <UnitTest name="CcpClient.HeadlessTests.AvatarTubeHeadlessTests.AvatarClick_RoutesToClickEmote_DistinctFromSpeech" storage="c:\code\conditioning-control-panel---csharp-wpf\.worktrees\spine-20260812t203752\lane-1\client\tests\ccpclient.headlesstests\bin\debug\net10.0\ccpclient.headlesstests.dll" id="56cb8fcc-3e7f-7ac2-f0d3-71fa73d020e0">
      <Execution id="9ce8c30a-7e57-4053-a518-617e7f4d4b08" />
      <TestMethod codeBase="C:\Code\Conditioning-Control-Panel---CSharp-WPF\.worktrees\spine-20260812T203752\lane-1\client\tests\CcpClient.HeadlessTests\bin\Debug\net10.0\CcpClient.HeadlessTests.dll" adapterTypeName="executor://xunit/VsTestRunner3/netcore/" className="CcpClient.HeadlessTests.AvatarTubeHeadlessTests" name="AvatarClick_RoutesToClickEmote_DistinctFromSpeech" />
    </UnitTest>
    <UnitTest name="CcpClient.HeadlessTests.AvatarTubeHeadlessTests.AttachDetach_ViewOnlySwitch_PreservesPipeline" storage="c:\code\conditioning-control-panel---csharp-wpf\.worktrees\spine-20260812t203752\lane-1\client\tests\ccpclient.headlesstests\bin\debug\net10.0\ccpclient.headlesstests.dll" id="98e2b4ff-7470-80d5-0843-f0427ba25a33">
      <Execution id="834f9d22-8192-46f1-badd-f8579fd1522b" />
      <TestMethod codeBase="C:\Code\Conditioning-Control-Panel---CSharp-WPF\.worktrees\spine-20260812T203752\lane-1\client\tests\CcpClient.HeadlessTests\bin\Debug\net10.0\CcpClient.HeadlessTests.dll" adapterTypeName="executor://xunit/VsTestRunner3/netcore/" className="CcpClient.HeadlessTests.AvatarTubeHeadlessTests" name="AttachDetach_ViewOnlySwitch_PreservesPipeline" />
    </UnitTest>
    <UnitTest name="CcpClient.HeadlessTests.DtrhVideoWindowHeadlessTests.PresentedFrame_LandsOnTheImage" storage="c:\code\conditioning-control-panel---csharp-wpf\.worktrees\spine-20260812t203752\lane-1\client\tests\ccpclient.headlesstests\bin\debug\net10.0\ccpclient.headlesstests.dll" id="99e9d677-0d86-4b85-468c-c4b80d0a53c8">
      <Execution id="7daf1ca1-ab2a-4935-8829-f48c3a5d74ab" />
      <TestMethod codeBase="C:\Code\Conditioning-Control-Panel---CSharp-WPF\.worktrees\spine-20260812T203752\lane-1\client\tests\CcpClient.HeadlessTests\bin\Debug\net10.0\CcpClient.HeadlessTests.dll" adapterTypeName="executor://xunit/VsTestRunner3/netcore/" className="CcpClient.HeadlessTests.DtrhVideoWindowHeadlessTests" name="PresentedFrame_LandsOnTheImage" />
    </UnitTest>
    <UnitTest name="CcpClient.HeadlessTests.FeaturePopupHeadlessTests.TallContent_CapsHeight_AndFinalControlStartsBelowFold" storage="c:\code\conditioning-control-panel---csharp-wpf\.worktrees\spine-20260812t203752\lane-1\client\tests\ccpclient.headlesstests\bin\debug\net10.0\ccpclient.headlesstests.dll" id="7136725b-d091-3452-d5bd-a5944e366e31">
      <Execution id="9946f033-cb24-447f-8669-57f0f7cb7ac9" />
      <TestMethod codeBase="C:\Code\Conditioning-Control-Panel---CSharp-WPF\.worktrees\spine-20260812T203752\lane-1\client\tests\CcpClient.HeadlessTests\bin\Debug\net10.0\CcpClient.HeadlessTests.dll" adapterTypeName="executor://xunit/VsTestRunner3/netcore/" className="CcpClient.HeadlessTests.FeaturePopupHeadlessTests" name="TallContent_CapsHeight_AndFinalControlStartsBelowFold" />
    </UnitTest>
    <UnitTest name="CcpClient.HeadlessTests.FeaturePopupHeadlessTests.Wheel_ReachesFinalControl_OffsetChangesMonotonically" storage="c:\code\conditioning-control-panel---csharp-wpf\.worktrees\spine-20260812t203752\lane-1\client\tests\ccpclient.headlesstests\bin\debug\net10.0\ccpclient.headlesstests.dll" id="b209f7cb-4560-11fa-64a1-95cb0cee5de3">
      <Execution id="be35cf61-cc23-4e41-8551-ba6547964e40" />
      <TestMethod codeBase="C:\Code\Conditioning-Control-Panel---CSharp-WPF\.worktrees\spine-20260812T203752\lane-1\client\tests\CcpClient.HeadlessTests\bin\Debug\net10.0\CcpClient.HeadlessTests.dll" adapterTypeName="executor://xunit/VsTestRunner3/netcore/" className="CcpClient.HeadlessTests.FeaturePopupHeadlessTests" name="Wheel_ReachesFinalControl_OffsetChangesMonotonically" />
    </UnitTest>
    <UnitTest name="CcpClient.HeadlessTests.AvatarTubeHeadlessTests.CorruptPackSwitch_TypedDegraded_AndStaticFallbackVisible" storage="c:\code\conditioning-control-panel---csharp-wpf\.worktrees\spine-20260812t203752\lane-1\client\tests\ccpclient.headlesstests\bin\debug\net10.0\ccpclient.headlesstests.dll" id="3a8fe4cb-6b90-ad18-7e14-0c51c9462a40">
      <Execution id="dc3ac5e5-8092-47ca-9188-ed34594348d0" />
      <TestMethod codeBase="C:\Code\Conditioning-Control-Panel---CSharp-WPF\.worktrees\spine-20260812T203752\lane-1\client\tests\CcpClient.HeadlessTests\bin\Debug\net10.0\CcpClient.HeadlessTests.dll" adapterTypeName="executor://xunit/VsTestRunner3/netcore/" className="CcpClient.HeadlessTests.AvatarTubeHeadlessTests" name="CorruptPackSwitch_TypedDegraded_AndStaticFallbackVisible" />
    </UnitTest>
    <UnitTest name="CcpClient.HeadlessTests.DashboardCardHeadlessTests.Card_Toggle_AppliesLitClass_AndStyleResolvesBorderBrush" storage="c:\code\conditioning-control-panel---csharp-wpf\.worktrees\spine-20260812t203752\lane-1\client\tests\ccpclient.headlesstests\bin\debug\net10.0\ccpclient.headlesstests.dll" id="c761175a-69e3-2b53-e8e1-38363a5d7eb7">
      <Execution id="0461794a-008d-4f95-a48c-6a45284cf212" />
      <TestMethod codeBase="C:\Code\Conditioning-Control-Panel---CSharp-WPF\.worktrees\spine-20260812T203752\lane-1\client\tests\CcpClient.HeadlessTests\bin\Debug\net10.0\CcpClient.HeadlessTests.dll" adapterTypeName="executor://xunit/VsTestRunner3/netcore/" className="CcpClient.HeadlessTests.DashboardCardHeadlessTests" name="Card_Toggle_AppliesLitClass_AndStyleResolvesBorderBrush" />
    </UnitTest>
    <UnitTest name="CcpClient.HeadlessTests.FeaturePopupHeadlessTests.Escape_And_CloseButton_BothClose_ThroughTheOnePath" storage="c:\code\conditioning-control-panel---csharp-wpf\.worktrees\spine-20260812t203752\lane-1\client\tests\ccpclient.headlesstests\bin\debug\net10.0\ccpclient.headlesstests.dll" id="035e6bde-e96c-f9bc-c00a-a00fbbef97ad">
      <Execution id="86fd9302-1f14-4faa-811c-c5e6371904a5" />
      <TestMethod codeBase="C:\Code\Conditioning-Control-Panel---CSharp-WPF\.worktrees\spine-20260812T203752\lane-1\client\tests\CcpClient.HeadlessTests\bin\Debug\net10.0\CcpClient.HeadlessTests.dll" adapterTypeName="executor://xunit/VsTestRunner3/netcore/" className="CcpClient.HeadlessTests.FeaturePopupHeadlessTests" name="Escape_And_CloseButton_BothClose_ThroughTheOnePath" />
    </UnitTest>
    <UnitTest name="CcpClient.HeadlessTests.DashboardCardHeadlessTests.Card_ArrangedBounds_GrowWithLoadBearingIsVisible" storage="c:\code\conditioning-control-panel---csharp-wpf\.worktrees\spine-20260812t203752\lane-1\client\tests\ccpclient.headlesstests\bin\debug\net10.0\ccpclient.headlesstests.dll" id="299a18b5-088d-7378-2b22-4153595ae375">
      <Execution id="7d3ecaad-7538-47e3-955b-e15777c56eb3" />
      <TestMethod codeBase="C:\Code\Conditioning-Control-Panel---CSharp-WPF\.worktrees\spine-20260812T203752\lane-1\client\tests\CcpClient.HeadlessTests\bin\Debug\net10.0\CcpClient.HeadlessTests.dll" adapterTypeName="executor://xunit/VsTestRunner3/netcore/" className="CcpClient.HeadlessTests.DashboardCardHeadlessTests" name="Card_ArrangedBounds_GrowWithLoadBearingIsVisible" />
    </UnitTest>
    <UnitTest name="CcpClient.HeadlessTests.AvatarTubeHeadlessTests.FrameAdvance_UpdatesLayerSource_FloatTransform_AndProbe" storage="c:\code\conditioning-control-panel---csharp-wpf\.worktrees\spine-20260812t203752\lane-1\client\tests\ccpclient.headlesstests\bin\debug\net10.0\ccpclient.headlesstests.dll" id="b5385d02-785b-1c22-efc3-1489d2386240">
      <Execution id="4754f2bb-88a0-4a83-9b23-344bf93d17a0" />
      <TestMethod codeBase="C:\Code\Conditioning-Control-Panel---CSharp-WPF\.worktrees\spine-20260812T203752\lane-1\client\tests\CcpClient.HeadlessTests\bin\Debug\net10.0\CcpClient.HeadlessTests.dll" adapterTypeName="executor://xunit/VsTestRunner3/netcore/" className="CcpClient.HeadlessTests.AvatarTubeHeadlessTests" name="FrameAdvance_UpdatesLayerSource_FloatTransform_AndProbe" />
    </UnitTest>
    <UnitTest name="CcpClient.HeadlessTests.DtrhSlotPickerHeadlessTests.RankName_MatchesWpfThresholds" storage="c:\code\conditioning-control-panel---csharp-wpf\.worktrees\spine-20260812t203752\lane-1\client\tests\ccpclient.headlesstests\bin\debug\net10.0\ccpclient.headlesstests.dll" id="1214411f-fe42-50b5-c40b-103b87443a40">
      <Execution id="f82f8bf7-efb2-4639-8033-4e4e38b884cb" />
      <TestMethod codeBase="C:\Code\Conditioning-Control-Panel---CSharp-WPF\.worktrees\spine-20260812T203752\lane-1\client\tests\CcpClient.HeadlessTests\bin\Debug\net10.0\CcpClient.HeadlessTests.dll" adapterTypeName="executor://xunit/VsTestRunner3/netcore/" className="CcpClient.HeadlessTests.DtrhSlotPickerHeadlessTests" name="RankName_MatchesWpfThresholds" />
    </UnitTest>
    <UnitTest name="CcpClient.HeadlessTests.QuickToggleDispatchHeadlessTests.PlainRightClick_NoContextMenu_ExistsOrOpens" storage="c:\code\conditioning-control-panel---csharp-wpf\.worktrees\spine-20260812t203752\lane-1\client\tests\ccpclient.headlesstests\bin\debug\net10.0\ccpclient.headlesstests.dll" id="ceecf6fd-1fad-a1f2-d6ac-ca285f642eb1">
      <Execution id="dd98917b-a89a-410a-9e4a-ee2b5a43bd53" />
      <TestMethod codeBase="C:\Code\Conditioning-Control-Panel---CSharp-WPF\.worktrees\spine-20260812T203752\lane-1\client\tests\CcpClient.HeadlessTests\bin\Debug\net10.0\CcpClient.HeadlessTests.dll" adapterTypeName="executor://xunit/VsTestRunner3/netcore/" className="CcpClient.HeadlessTests.QuickToggleDispatchHeadlessTests" name="PlainRightClick_NoContextMenu_ExistsOrOpens" />
    </UnitTest>
    <UnitTest name="CcpClient.HeadlessTests.CompanionWindowHeadlessTests.OpenFromDashboard_OwnedModeless_DashboardStays" storage="c:\code\conditioning-control-panel---csharp-wpf\.worktrees\spine-20260812t203752\lane-1\client\tests\ccpclient.headlesstests\bin\debug\net10.0\ccpclient.headlesstests.dll" id="c32dd0ae-490e-4c67-10b0-2c768c8c0d88">
      <Execution id="ed3ea4e8-b599-426d-98a2-7c427d7cdfa0" />
      <TestMethod codeBase="C:\Code\Conditioning-Control-Panel---CSharp-WPF\.worktrees\spine-20260812T203752\lane-1\client\tests\CcpClient.HeadlessTests\bin\Debug\net10.0\CcpClient.HeadlessTests.dll" adapterTypeName="executor://xunit/VsTestRunner3/netcore/" className="CcpClient.HeadlessTests.CompanionWindowHeadlessTests" name="OpenFromDashboard_OwnedModeless_DashboardStays" />
    </UnitTest>
    <UnitTest name="CcpClient.HeadlessTests.ChaosTunnelWindowHeadlessTests.DeclaredPolicy_MatchesTheLayeringContract" storage="c:\code\conditioning-control-panel---csharp-wpf\.worktrees\spine-20260812t203752\lane-1\client\tests\ccpclient.headlesstests\bin\debug\net10.0\ccpclient.headlesstests.dll" id="308a579d-9375-db6f-1404-67c3a1968e33">
      <Execution id="39a46e0a-6d27-4ee4-bff8-6463bb69facb" />
      <TestMethod codeBase="C:\Code\Conditioning-Control-Panel---CSharp-WPF\.worktrees\spine-20260812T203752\lane-1\client\tests\CcpClient.HeadlessTests\bin\Debug\net10.0\CcpClient.HeadlessTests.dll" adapterTypeName="executor://xunit/VsTestRunner3/netcore/" className="CcpClient.HeadlessTests.ChaosTunnelWindowHeadlessTests" name="DeclaredPolicy_MatchesTheLayeringContract" />
    </UnitTest>
    <UnitTest name="CcpClient.HeadlessTests.AvatarTubeHeadlessTests.Close_DisposesEngineAndSubscriptions" storage="c:\code\conditioning-control-panel---csharp-wpf\.worktrees\spine-20260812t203752\lane-1\client\tests\ccpclient.headlesstests\bin\debug\net10.0\ccpclient.headlesstests.dll" id="51b6198f-e3f0-881f-7d60-dfc8d0f6724c">
      <Execution id="7b8b25da-84a6-4318-a827-95715938eec8" />
      <TestMethod codeBase="C:\Code\Conditioning-Control-Panel---CSharp-WPF\.worktrees\spine-20260812T203752\lane-1\client\tests\CcpClient.HeadlessTests\bin\Debug\net10.0\CcpClient.HeadlessTests.dll" adapterTypeName="executor://xunit/VsTestRunner3/netcore/" className="CcpClient.HeadlessTests.AvatarTubeHeadlessTests" name="Close_DisposesEngineAndSubscriptions" />
    </UnitTest>
    <UnitTest name="CcpClient.HeadlessTests.FeaturePopupHeadlessTests.NestedList_ScrollsItself_ThenChainsToPopup" storage="c:\code\conditioning-control-panel---csharp-wpf\.worktrees\spine-20260812t203752\lane-1\client\tests\ccpclient.headlesstests\bin\debug\net10.0\ccpclient.headlesstests.dll" id="cd9fe552-49ba-1d17-ec86-6f7b8c828d72">
      <Execution id="f3701906-1471-44d1-a064-05c0faec9017" />
      <TestMethod codeBase="C:\Code\Conditioning-Control-Panel---CSharp-WPF\.worktrees\spine-20260812T203752\lane-1\client\tests\CcpClient.HeadlessTests\bin\Debug\net10.0\CcpClient.HeadlessTests.dll" adapterTypeName="executor://xunit/VsTestRunner3/netcore/" className="CcpClient.HeadlessTests.FeaturePopupHeadlessTests" name="NestedList_ScrollsItself_ThenChainsToPopup" />
    </UnitTest>
    <UnitTest name="CcpClient.HeadlessTests.FeaturePopupHeadlessTests.ShortContent_Compact_NoScrollbarMetrics" storage="c:\code\conditioning-control-panel---csharp-wpf\.worktrees\spine-20260812t203752\lane-1\client\tests\ccpclient.headlesstests\bin\debug\net10.0\ccpclient.headlesstests.dll" id="16be08e5-790a-3391-5c3c-4666308eca90">
      <Execution id="bc419d2c-48d7-4d9b-9544-68a4d6239a18" />
      <TestMethod codeBase="C:\Code\Conditioning-Control-Panel---CSharp-WPF\.worktrees\spine-20260812T203752\lane-1\client\tests\CcpClient.HeadlessTests\bin\Debug\net10.0\CcpClient.HeadlessTests.dll" adapterTypeName="executor://xunit/VsTestRunner3/netcore/" className="CcpClient.HeadlessTests.FeaturePopupHeadlessTests" name="ShortContent_Compact_NoScrollbarMetrics" />
    </UnitTest>
    <UnitTest name="CcpClient.HeadlessTests.QuickToggleDispatchHeadlessTests.TitleMutation_RendersMutatedTitle_AndRightClickStillToggles" storage="c:\code\conditioning-control-panel---csharp-wpf\.worktrees\spine-20260812t203752\lane-1\client\tests\ccpclient.headlesstests\bin\debug\net10.0\ccpclient.headlesstests.dll" id="b550f0f2-0986-f423-452b-f8ce0668ea97">
      <Execution id="64fbd9a1-8f69-4396-a5e9-35bd032444ff" />
      <TestMethod codeBase="C:\Code\Conditioning-Control-Panel---CSharp-WPF\.worktrees\spine-20260812T203752\lane-1\client\tests\CcpClient.HeadlessTests\bin\Debug\net10.0\CcpClient.HeadlessTests.dll" adapterTypeName="executor://xunit/VsTestRunner3/netcore/" className="CcpClient.HeadlessTests.QuickToggleDispatchHeadlessTests" name="TitleMutation_RendersMutatedTitle_AndRightClickStillToggles" />
    </UnitTest>
    <UnitTest name="CcpClient.HeadlessTests.DtrhSlotPickerHeadlessTests.CardClick_ChangesSelection" storage="c:\code\conditioning-control-panel---csharp-wpf\.worktrees\spine-20260812t203752\lane-1\client\tests\ccpclient.headlesstests\bin\debug\net10.0\ccpclient.headlesstests.dll" id="ae0a6971-742a-f04f-82b4-17c46b8c2c64">
      <Execution id="c684349d-392b-4276-9db1-913240c6ae00" />
      <TestMethod codeBase="C:\Code\Conditioning-Control-Panel---CSharp-WPF\.worktrees\spine-20260812T203752\lane-1\client\tests\CcpClient.HeadlessTests\bin\Debug\net10.0\CcpClient.HeadlessTests.dll" adapterTypeName="executor://xunit/VsTestRunner3/netcore/" className="CcpClient.HeadlessTests.DtrhSlotPickerHeadlessTests" name="CardClick_ChangesSelection" />
    </UnitTest>
    <UnitTest name="CcpClient.HeadlessTests.QuickToggleDispatchHeadlessTests.EnterKey_WhenFocused_TogglesSameOperation_AsRightClick" storage="c:\code\conditioning-control-panel---csharp-wpf\.worktrees\spine-20260812t203752\lane-1\client\tests\ccpclient.headlesstests\bin\debug\net10.0\ccpclient.headlesstests.dll" id="d1a7cf47-c060-67b2-0520-7751e2e67f2c">
      <Execution id="45161035-57ff-4eb8-bf7d-99707fbae7ab" />
      <TestMethod codeBase="C:\Code\Conditioning-Control-Panel---CSharp-WPF\.worktrees\spine-20260812T203752\lane-1\client\tests\CcpClient.HeadlessTests\bin\Debug\net10.0\CcpClient.HeadlessTests.dll" adapterTypeName="executor://xunit/VsTestRunner3/netcore/" className="CcpClient.HeadlessTests.QuickToggleDispatchHeadlessTests" name="EnterKey_WhenFocused_TogglesSameOperation_AsRightClick" />
    </UnitTest>
    <UnitTest name="CcpClient.HeadlessTests.AvatarTubeHeadlessTests.PauseButton_FreezesPipeline_ResumeContinuesSuccessor" storage="c:\code\conditioning-control-panel---csharp-wpf\.worktrees\spine-20260812t203752\lane-1\client\tests\ccpclient.headlesstests\bin\debug\net10.0\ccpclient.headlesstests.dll" id="63c945a9-570d-23f3-3c83-12996fb1184b">
      <Execution id="d47b7264-96d4-4342-8e85-50b2e77eff8b" />
      <TestMethod codeBase="C:\Code\Conditioning-Control-Panel---CSharp-WPF\.worktrees\spine-20260812T203752\lane-1\client\tests\CcpClient.HeadlessTests\bin\Debug\net10.0\CcpClient.HeadlessTests.dll" adapterTypeName="executor://xunit/VsTestRunner3/netcore/" className="CcpClient.HeadlessTests.AvatarTubeHeadlessTests" name="PauseButton_FreezesPipeline_ResumeContinuesSuccessor" />
    </UnitTest>
    <UnitTest name="CcpClient.HeadlessTests.QuickToggleDispatchHeadlessTests.RightClickPress_OnCardBody_TogglesThroughStableIdPath" storage="c:\code\conditioning-control-panel---csharp-wpf\.worktrees\spine-20260812t203752\lane-1\client\tests\ccpclient.headlesstests\bin\debug\net10.0\ccpclient.headlesstests.dll" id="2c3eb85d-eda8-2be3-955e-839773a60b44">
      <Execution id="d5387ecc-5957-49bb-940b-2717b649ad14" />
      <TestMethod codeBase="C:\Code\Conditioning-Control-Panel---CSharp-WPF\.worktrees\spine-20260812T203752\lane-1\client\tests\CcpClient.HeadlessTests\bin\Debug\net10.0\CcpClient.HeadlessTests.dll" adapterTypeName="executor://xunit/VsTestRunner3/netcore/" className="CcpClient.HeadlessTests.QuickToggleDispatchHeadlessTests" name="RightClickPress_OnCardBody_TogglesThroughStableIdPath" />
    </UnitTest>
    <UnitTest name="CcpClient.HeadlessTests.FeaturePopupHeadlessTests.OneAtATime_CloseExistingBeforeNew" storage="c:\code\conditioning-control-panel---csharp-wpf\.worktrees\spine-20260812t203752\lane-1\client\tests\ccpclient.headlesstests\bin\debug\net10.0\ccpclient.headlesstests.dll" id="2d6e7587-f44a-049d-d426-d41d493f6200">
      <Execution id="f3ca4741-d13c-4a91-a640-4b18bf87cc32" />
      <TestMethod codeBase="C:\Code\Conditioning-Control-Panel---CSharp-WPF\.worktrees\spine-20260812T203752\lane-1\client\tests\CcpClient.HeadlessTests\bin\Debug\net10.0\CcpClient.HeadlessTests.dll" adapterTypeName="executor://xunit/VsTestRunner3/netcore/" className="CcpClient.HeadlessTests.FeaturePopupHeadlessTests" name="OneAtATime_CloseExistingBeforeNew" />
    </UnitTest>
    <UnitTest name="CcpClient.HeadlessTests.FeaturePopupHeadlessTests.LeftClick_OpensOwnedModelessPopup_WithContractChrome" storage="c:\code\conditioning-control-panel---csharp-wpf\.worktrees\spine-20260812t203752\lane-1\client\tests\ccpclient.headlesstests\bin\debug\net10.0\ccpclient.headlesstests.dll" id="dc79649f-64d6-0e09-3e17-509466a42e10">
      <Execution id="da371567-4881-44cb-8f94-c1c67a434f43" />
      <TestMethod codeBase="C:\Code\Conditioning-Control-Panel---CSharp-WPF\.worktrees\spine-20260812T203752\lane-1\client\tests\CcpClient.HeadlessTests\bin\Debug\net10.0\CcpClient.HeadlessTests.dll" adapterTypeName="executor://xunit/VsTestRunner3/netcore/" className="CcpClient.HeadlessTests.FeaturePopupHeadlessTests" name="LeftClick_OpensOwnedModelessPopup_WithContractChrome" />
    </UnitTest>
  </TestDefinitions>
  <TestEntries>
    <TestEntry testId="035e6bde-e96c-f9bc-c00a-a00fbbef97ad" executionId="86fd9302-1f14-4faa-811c-c5e6371904a5" testListId="8c84fa94-04c1-424b-9868-57a2d4851a1d" />
    <TestEntry testId="ae0a6971-742a-f04f-82b4-17c46b8c2c64" executionId="c684349d-392b-4276-9db1-913240c6ae00" testListId="8c84fa94-04c1-424b-9868-57a2d4851a1d" />
    <TestEntry testId="1214411f-fe42-50b5-c40b-103b87443a40" executionId="f82f8bf7-efb2-4639-8033-4e4e38b884cb" testListId="8c84fa94-04c1-424b-9868-57a2d4851a1d" />
    <TestEntry testId="c761175a-69e3-2b53-e8e1-38363a5d7eb7" executionId="0461794a-008d-4f95-a48c-6a45284cf212" testListId="8c84fa94-04c1-424b-9868-57a2d4851a1d" />
    <TestEntry testId="b5385d02-785b-1c22-efc3-1489d2386240" executionId="4754f2bb-88a0-4a83-9b23-344bf93d17a0" testListId="8c84fa94-04c1-424b-9868-57a2d4851a1d" />
    <TestEntry testId="cd9fe552-49ba-1d17-ec86-6f7b8c828d72" executionId="f3701906-1471-44d1-a064-05c0faec9017" testListId="8c84fa94-04c1-424b-9868-57a2d4851a1d" />
    <TestEntry testId="6b096e8d-2d36-390c-763d-38ca75777864" executionId="661522b2-c62a-4b15-94bd-39c0c5015cdb" testListId="8c84fa94-04c1-424b-9868-57a2d4851a1d" />
    <TestEntry testId="ceecf6fd-1fad-a1f2-d6ac-ca285f642eb1" executionId="dd98917b-a89a-410a-9e4a-ee2b5a43bd53" testListId="8c84fa94-04c1-424b-9868-57a2d4851a1d" />
    <TestEntry testId="2e779db8-3cdb-b849-bd10-e9de5ea76575" executionId="a66bc247-d60f-4663-8b02-772d103789ae" testListId="8c84fa94-04c1-424b-9868-57a2d4851a1d" />
    <TestEntry testId="98e2b4ff-7470-80d5-0843-f0427ba25a33" executionId="834f9d22-8192-46f1-badd-f8579fd1522b" testListId="8c84fa94-04c1-424b-9868-57a2d4851a1d" />
    <TestEntry testId="308a579d-9375-db6f-1404-67c3a1968e33" executionId="39a46e0a-6d27-4ee4-bff8-6463bb69facb" testListId="8c84fa94-04c1-424b-9868-57a2d4851a1d" />
    <TestEntry testId="b8bbae0c-1de7-87d7-a66d-9e0028ccdd4b" executionId="177c249f-859d-4eb7-9a2b-7c7c724513eb" testListId="8c84fa94-04c1-424b-9868-57a2d4851a1d" />
    <TestEntry testId="51b6198f-e3f0-881f-7d60-dfc8d0f6724c" executionId="7b8b25da-84a6-4318-a827-95715938eec8" testListId="8c84fa94-04c1-424b-9868-57a2d4851a1d" />
    <TestEntry testId="29da4c67-619d-a475-9dbf-b69128795166" executionId="c4a1a920-9f43-4995-bb3e-4ce4313a5027" testListId="8c84fa94-04c1-424b-9868-57a2d4851a1d" />
    <TestEntry testId="dc79649f-64d6-0e09-3e17-509466a42e10" executionId="da371567-4881-44cb-8f94-c1c67a434f43" testListId="8c84fa94-04c1-424b-9868-57a2d4851a1d" />
    <TestEntry testId="63c945a9-570d-23f3-3c83-12996fb1184b" executionId="d47b7264-96d4-4342-8e85-50b2e77eff8b" testListId="8c84fa94-04c1-424b-9868-57a2d4851a1d" />
    <TestEntry testId="d1a7cf47-c060-67b2-0520-7751e2e67f2c" executionId="45161035-57ff-4eb8-bf7d-99707fbae7ab" testListId="8c84fa94-04c1-424b-9868-57a2d4851a1d" />
    <TestEntry testId="5483dd7b-37f9-8bc7-6b4b-fbb130ff23a1" executionId="6b65bc11-f0f1-4a5b-8e3f-9467090f7026" testListId="8c84fa94-04c1-424b-9868-57a2d4851a1d" />
    <TestEntry testId="f38f9e94-deb8-2bb6-3a21-8df4bca0693c" executionId="ee4627cb-d148-493e-aa75-e9435374b7e5" testListId="8c84fa94-04c1-424b-9868-57a2d4851a1d" />
    <TestEntry testId="7cc2bb4f-36fa-6a6f-7e5f-39784f19e5eb" executionId="28563fda-f395-41d8-a725-87e0d1439903" testListId="8c84fa94-04c1-424b-9868-57a2d4851a1d" />
    <TestEntry testId="56cb8fcc-3e7f-7ac2-f0d3-71fa73d020e0" executionId="9ce8c30a-7e57-4053-a518-617e7f4d4b08" testListId="8c84fa94-04c1-424b-9868-57a2d4851a1d" />
    <TestEntry testId="9bf72dd2-8b33-d859-97f9-1c908a0f599f" executionId="0fc7ff81-6394-4e8f-a2d8-9a37dbcfd036" testListId="8c84fa94-04c1-424b-9868-57a2d4851a1d" />
    <TestEntry testId="7136725b-d091-3452-d5bd-a5944e366e31" executionId="9946f033-cb24-447f-8669-57f0f7cb7ac9" testListId="8c84fa94-04c1-424b-9868-57a2d4851a1d" />
    <TestEntry testId="b550f0f2-0986-f423-452b-f8ce0668ea97" executionId="64fbd9a1-8f69-4396-a5e9-35bd032444ff" testListId="8c84fa94-04c1-424b-9868-57a2d4851a1d" />
    <TestEntry testId="299a18b5-088d-7378-2b22-4153595ae375" executionId="7d3ecaad-7538-47e3-955b-e15777c56eb3" testListId="8c84fa94-04c1-424b-9868-57a2d4851a1d" />
    <TestEntry testId="99e9d677-0d86-4b85-468c-c4b80d0a53c8" executionId="7daf1ca1-ab2a-4935-8829-f48c3a5d74ab" testListId="8c84fa94-04c1-424b-9868-57a2d4851a1d" />
    <TestEntry testId="b209f7cb-4560-11fa-64a1-95cb0cee5de3" executionId="be35cf61-cc23-4e41-8551-ba6547964e40" testListId="8c84fa94-04c1-424b-9868-57a2d4851a1d" />
    <TestEntry testId="2d6e7587-f44a-049d-d426-d41d493f6200" executionId="f3ca4741-d13c-4a91-a640-4b18bf87cc32" testListId="8c84fa94-04c1-424b-9868-57a2d4851a1d" />
    <TestEntry testId="c32dd0ae-490e-4c67-10b0-2c768c8c0d88" executionId="ed3ea4e8-b599-426d-98a2-7c427d7cdfa0" testListId="8c84fa94-04c1-424b-9868-57a2d4851a1d" />
    <TestEntry testId="3a8fe4cb-6b90-ad18-7e14-0c51c9462a40" executionId="dc3ac5e5-8092-47ca-9188-ed34594348d0" testListId="8c84fa94-04c1-424b-9868-57a2d4851a1d" />
    <TestEntry testId="a69b8935-a743-56ab-4621-cccd60a203e7" executionId="474303f1-72a9-4ea2-b8e8-1de6be444cc6" testListId="8c84fa94-04c1-424b-9868-57a2d4851a1d" />
    <TestEntry testId="16be08e5-790a-3391-5c3c-4666308eca90" executionId="bc419d2c-48d7-4d9b-9544-68a4d6239a18" testListId="8c84fa94-04c1-424b-9868-57a2d4851a1d" />
    <TestEntry testId="0683e385-8b9a-00bb-7bf8-8427ab596272" executionId="7eccb048-c9da-4b71-85a8-9bf965366d7b" testListId="8c84fa94-04c1-424b-9868-57a2d4851a1d" />
    <TestEntry testId="77e1ec1a-66e2-9903-c1d2-98aaa8401696" executionId="4c8591fb-6d90-4fb3-a2bf-4a1b3ef5c384" testListId="8c84fa94-04c1-424b-9868-57a2d4851a1d" />
    <TestEntry testId="2c3eb85d-eda8-2be3-955e-839773a60b44" executionId="d5387ecc-5957-49bb-940b-2717b649ad14" testListId="8c84fa94-04c1-424b-9868-57a2d4851a1d" />
  </TestEntries>
  <TestLists>
    <TestList name="Results Not in a List" id="8c84fa94-04c1-424b-9868-57a2d4851a1d" />
    <TestList name="All Loaded Results" id="19431567-8539-422a-85d7-44ee4e166bda" />
  </TestLists>
  <ResultSummary outcome="Completed">
    <Counters total="35" executed="35" passed="35" failed="0" error="0" timeout="0" aborted="0" inconclusive="0" passedButRunAborted="0" notRunnable="0" notExecuted="0" disconnected="0" warning="0" completed="0" inProgress="0" pending="0" />
    <Output>
      <StdOut>[xUnit.net 00:00:00.00] xUnit.net VSTest Adapter v3.1.5+1b188a7b0a (64-bit .NET 10.0.11)&#xD;
[xUnit.net 00:00:00.55]   Discovering: CcpClient.HeadlessTests&#xD;
[xUnit.net 00:00:00.97]   Discovered:  CcpClient.HeadlessTests&#xD;
[xUnit.net 00:00:01.33]   Starting:    CcpClient.HeadlessTests&#xD;
dtrh: payload root 'C:\Code\Conditioning-Control-Panel---CSharp-WPF\.worktrees\spine-20260812T203752\lane-1\client\tests\CcpClient.HeadlessTests\bin\Debug\net10.0\payload\dtrh' -&gt; Present (1542 files)&#xD;
dtrh-loopback: page+media origins bound on 127.0.0.1 (ephemeral)&#xD;
layout-probe: card 488.0x92.0 DIP @ scale 1 @ screen 16,44&#xD;
dtrh: participant stop begin&#xD;
dtrh: participant stop end&#xD;
dtrh: payload root 'C:\Code\Conditioning-Control-Panel---CSharp-WPF\.worktrees\spine-20260812T203752\lane-1\client\tests\CcpClient.HeadlessTests\bin\Debug\net10.0\payload\dtrh' -&gt; Present (1542 files)&#xD;
dtrh-loopback: page+media origins bound on 127.0.0.1 (ephemeral)&#xD;
layout-probe: card 488.0x92.0 DIP @ scale 1 @ screen 16,44&#xD;
dtrh: participant stop begin&#xD;
dtrh: participant stop end&#xD;
dtrh: payload root 'C:\Code\Conditioning-Control-Panel---CSharp-WPF\.worktrees\spine-20260812T203752\lane-1\client\tests\CcpClient.HeadlessTests\bin\Debug\net10.0\payload\dtrh' -&gt; Present (1542 files)&#xD;
dtrh-loopback: page+media origins bound on 127.0.0.1 (ephemeral)&#xD;
layout-probe: card 488.0x92.0 DIP @ scale 1 @ screen 16,44&#xD;
dtrh: participant stop begin&#xD;
dtrh: participant stop end&#xD;
dtrh: payload root 'C:\Code\Conditioning-Control-Panel---CSharp-WPF\.worktrees\spine-20260812T203752\lane-1\client\tests\CcpClient.HeadlessTests\bin\Debug\net10.0\payload\dtrh' -&gt; Present (1542 files)&#xD;
dtrh-loopback: page+media origins bound on 127.0.0.1 (ephemeral)&#xD;
layout-probe: card 488.0x92.0 DIP @ scale 1 @ screen 16,44&#xD;
dtrh: participant stop begin&#xD;
dtrh: participant stop end&#xD;
dtrh: payload root 'C:\Code\Conditioning-Control-Panel---CSharp-WPF\.worktrees\spine-20260812T203752\lane-1\client\tests\CcpClient.HeadlessTests\bin\Debug\net10.0\payload\dtrh' -&gt; Present (1542 files)&#xD;
dtrh-loopback: page+media origins bound on 127.0.0.1 (ephemeral)&#xD;
layout-probe: card 488.0x92.0 DIP @ scale 1 @ screen 16,44&#xD;
avatar-capability: Available — pack 'circuit' decoded&#xD;
dtrh: participant stop begin&#xD;
dtrh: participant stop end&#xD;
dtrh: payload root 'C:\Code\Conditioning-Control-Panel---CSharp-WPF\.worktrees\spine-20260812T203752\lane-1\client\tests\CcpClient.HeadlessTests\bin\Debug\net10.0\payload\dtrh' -&gt; Present (1542 files)&#xD;
dtrh-loopback: page+media origins bound on 127.0.0.1 (ephemeral)&#xD;
layout-probe: card 488.0x92.0 DIP @ scale 1 @ screen 16,44&#xD;
dtrh: participant stop begin&#xD;
dtrh: participant stop end&#xD;
dtrh: payload root 'C:\Code\Conditioning-Control-Panel---CSharp-WPF\.worktrees\spine-20260812T203752\lane-1\client\tests\CcpClient.HeadlessTests\bin\Debug\net10.0\payload\dtrh' -&gt; Present (1542 files)&#xD;
dtrh-loopback: page+media origins bound on 127.0.0.1 (ephemeral)&#xD;
layout-probe: card 488.0x92.0 DIP @ scale 1 @ screen 16,44&#xD;
dtrh: participant stop begin&#xD;
dtrh: participant stop end&#xD;
dtrh: payload root 'C:\Code\Conditioning-Control-Panel---CSharp-WPF\.worktrees\spine-20260812T203752\lane-1\client\tests\CcpClient.HeadlessTests\bin\Debug\net10.0\payload\dtrh' -&gt; Present (1542 files)&#xD;
dtrh-loopback: page+media origins bound on 127.0.0.1 (ephemeral)&#xD;
layout-probe: card 488.0x92.0 DIP @ scale 1 @ screen 16,44&#xD;
dtrh: participant stop begin&#xD;
dtrh: participant stop end&#xD;
dtrh: payload root 'C:\Code\Conditioning-Control-Panel---CSharp-WPF\.worktrees\spine-20260812T203752\lane-1\client\tests\CcpClient.HeadlessTests\bin\Debug\net10.0\payload\dtrh' -&gt; Present (1542 files)&#xD;
dtrh-loopback: page+media origins bound on 127.0.0.1 (ephemeral)&#xD;
layout-probe: card 488.0x92.0 DIP @ scale 1 @ screen 16,44&#xD;
dtrh: participant stop begin&#xD;
dtrh: participant stop end&#xD;
dtrh: payload root 'C:\Code\Conditioning-Control-Panel---CSharp-WPF\.worktrees\spine-20260812T203752\lane-1\client\tests\CcpClient.HeadlessTests\bin\Debug\net10.0\payload\dtrh' -&gt; Present (1542 files)&#xD;
dtrh-loopback: page+media origins bound on 127.0.0.1 (ephemeral)&#xD;
layout-probe: card 488.0x92.0 DIP @ scale 1 @ screen 16,44&#xD;
avatar-capability: Available — pack 'circuit' decoded&#xD;
dtrh: participant stop begin&#xD;
dtrh: participant stop end&#xD;
dtrh: payload root 'C:\Code\Conditioning-Control-Panel---CSharp-WPF\.worktrees\spine-20260812T203752\lane-1\client\tests\CcpClient.HeadlessTests\bin\Debug\net10.0\payload\dtrh' -&gt; Present (1542 files)&#xD;
dtrh-loopback: page+media origins bound on 127.0.0.1 (ephemeral)&#xD;
layout-probe: card 488.0x92.0 DIP @ scale 1 @ screen 16,44&#xD;
dtrh: participant stop begin&#xD;
dtrh: participant stop end&#xD;
dtrh: payload root 'C:\Code\Conditioning-Control-Panel---CSharp-WPF\.worktrees\spine-20260812T203752\lane-1\client\tests\CcpClient.HeadlessTests\bin\Debug\net10.0\payload\dtrh' -&gt; Present (1542 files)&#xD;
dtrh-loopback: page+media origins bound on 127.0.0.1 (ephemeral)&#xD;
layout-probe: card 488.0x92.0 DIP @ scale 1 @ screen 16,44&#xD;
dtrh: participant stop begin&#xD;
dtrh: participant stop end&#xD;
dtrh: payload root 'C:\Code\Conditioning-Control-Panel---CSharp-WPF\.worktrees\spine-20260812T203752\lane-1\client\tests\CcpClient.HeadlessTests\bin\Debug\net10.0\payload\dtrh' -&gt; Present (1542 files)&#xD;
dtrh-loopback: page+media origins bound on 127.0.0.1 (ephemeral)&#xD;
layout-probe: card 488.0x92.0 DIP @ scale 1 @ screen 16,44&#xD;
dtrh: participant stop begin&#xD;
dtrh: participant stop end&#xD;
dtrh: payload root 'C:\Code\Conditioning-Control-Panel---CSharp-WPF\.worktrees\spine-20260812T203752\lane-1\client\tests\CcpClient.HeadlessTests\bin\Debug\net10.0\payload\dtrh' -&gt; Present (1542 files)&#xD;
dtrh-loopback: page+media origins bound on 127.0.0.1 (ephemeral)&#xD;
layout-probe: card 488.0x92.0 DIP @ scale 1 @ screen 16,44&#xD;
dtrh: participant stop begin&#xD;
dtrh: participant stop end&#xD;
dtrh: payload root 'C:\Code\Conditioning-Control-Panel---CSharp-WPF\.worktrees\spine-20260812T203752\lane-1\client\tests\CcpClient.HeadlessTests\bin\Debug\net10.0\payload\dtrh' -&gt; Present (1542 files)&#xD;
dtrh-loopback: page+media origins bound on 127.0.0.1 (ephemeral)&#xD;
layout-probe: card 488.0x92.0 DIP @ scale 1 @ screen 16,44&#xD;
avatar-capability: Available — pack 'circuit' decoded&#xD;
avatar-capability: Degraded (asset-undecodable) — pack 'pulse' sheet 'Assets/avatar/pack-pulse.bmp' is undecodable: bmp: missing BM signature&#xD;
dtrh: participant stop begin&#xD;
dtrh: participant stop end&#xD;
dtrh: payload root 'C:\Code\Conditioning-Control-Panel---CSharp-WPF\.worktrees\spine-20260812T203752\lane-1\client\tests\CcpClient.HeadlessTests\bin\Debug\net10.0\payload\dtrh' -&gt; Present (1542 files)&#xD;
dtrh-loopback: page+media origins bound on 127.0.0.1 (ephemeral)&#xD;
layout-probe: card 488.0x92.0 DIP @ scale 1 @ screen 16,44&#xD;
dtrh: participant stop begin&#xD;
dtrh: participant stop end&#xD;
dtrh: payload root 'C:\Code\Conditioning-Control-Panel---CSharp-WPF\.worktrees\spine-20260812T203752\lane-1\client\tests\CcpClient.HeadlessTests\bin\Debug\net10.0\payload\dtrh' -&gt; Present (1542 files)&#xD;
dtrh-loopback: page+media origins bound on 127.0.0.1 (ephemeral)&#xD;
layout-probe: card 488.0x92.0 DIP @ scale 1 @ screen 16,44&#xD;
dtrh: participant stop begin&#xD;
dtrh: participant stop end&#xD;
dtrh: payload root 'C:\Code\Conditioning-Control-Panel---CSharp-WPF\.worktrees\spine-20260812T203752\lane-1\client\tests\CcpClient.HeadlessTests\bin\Debug\net10.0\payload\dtrh' -&gt; Present (1542 files)&#xD;
dtrh-loopback: page+media origins bound on 127.0.0.1 (ephemeral)&#xD;
layout-probe: card 488.0x92.0 DIP @ scale 1 @ screen 16,44&#xD;
dtrh: participant stop begin&#xD;
dtrh: participant stop end&#xD;
dtrh: payload root 'C:\Code\Conditioning-Control-Panel---CSharp-WPF\.worktrees\spine-20260812T203752\lane-1\client\tests\CcpClient.HeadlessTests\bin\Debug\net10.0\payload\dtrh' -&gt; Present (1542 files)&#xD;
dtrh-loopback: page+media origins bound on 127.0.0.1 (ephemeral)&#xD;
layout-probe: card 488.0x92.0 DIP @ scale 1 @ screen 16,44&#xD;
avatar-capability: Available — pack 'circuit' decoded&#xD;
dtrh: participant stop begin&#xD;
dtrh: participant stop end&#xD;
dtrh: payload root 'C:\Code\Conditioning-Control-Panel---CSharp-WPF\.worktrees\spine-20260812T203752\lane-1\client\tests\CcpClient.HeadlessTests\bin\Debug\net10.0\payload\dtrh' -&gt; Present (1542 files)&#xD;
dtrh-loopback: page+media origins bound on 127.0.0.1 (ephemeral)&#xD;
layout-probe: card 488.0x92.0 DIP @ scale 1 @ screen 16,44&#xD;
dtrh: participant stop begin&#xD;
dtrh: participant stop end&#xD;
dtrh: payload root 'C:\Code\Conditioning-Control-Panel---CSharp-WPF\.worktrees\spine-20260812T203752\lane-1\client\tests\CcpClient.HeadlessTests\bin\Debug\net10.0\payload\dtrh' -&gt; Present (1542 files)&#xD;
dtrh-loopback: page+media origins bound on 127.0.0.1 (ephemeral)&#xD;
layout-probe: card 488.0x92.0 DIP @ scale 1 @ screen 16,44&#xD;
avatar-capability: Available — pack 'circuit' decoded&#xD;
dtrh: participant stop begin&#xD;
dtrh: participant stop end&#xD;
dtrh: payload root 'C:\Code\Conditioning-Control-Panel---CSharp-WPF\.worktrees\spine-20260812T203752\lane-1\client\tests\CcpClient.HeadlessTests\bin\Debug\net10.0\payload\dtrh' -&gt; Present (1542 files)&#xD;
dtrh-loopback: page+media origins bound on 127.0.0.1 (ephemeral)&#xD;
layout-probe: card 488.0x92.0 DIP @ scale 1 @ screen 16,44&#xD;
dtrh: participant stop begin&#xD;
dtrh: participant stop end&#xD;
dtrh: payload root 'C:\Code\Conditioning-Control-Panel---CSharp-WPF\.worktrees\spine-20260812T203752\lane-1\client\tests\CcpClient.HeadlessTests\bin\Debug\net10.0\payload\dtrh' -&gt; Present (1542 files)&#xD;
dtrh-loopback: page+media origins bound on 127.0.0.1 (ephemeral)&#xD;
layout-probe: card 488.0x92.0 DIP @ scale 1 @ screen 16,44&#xD;
avatar-capability: Available — pack 'circuit' decoded&#xD;
dtrh: participant stop begin&#xD;
dtrh: participant stop end&#xD;
dtrh: payload root 'C:\Code\Conditioning-Control-Panel---CSharp-WPF\.worktrees\spine-20260812T203752\lane-1\client\tests\CcpClient.HeadlessTests\bin\Debug\net10.0\payload\dtrh' -&gt; Present (1542 files)&#xD;
dtrh-loopback: page+media origins bound on 127.0.0.1 (ephemeral)&#xD;
layout-probe: card 488.0x92.0 DIP @ scale 1 @ screen 16,44&#xD;
dtrh: participant stop begin&#xD;
dtrh: participant stop end&#xD;
dtrh: payload root 'C:\Code\Conditioning-Control-Panel---CSharp-WPF\.worktrees\spine-20260812T203752\lane-1\client\tests\CcpClient.HeadlessTests\bin\Debug\net10.0\payload\dtrh' -&gt; Present (1542 files)&#xD;
dtrh-loopback: page+media origins bound on 127.0.0.1 (ephemeral)&#xD;
layout-probe: card 488.0x92.0 DIP @ scale 1 @ screen 16,44&#xD;
avatar-capability: Available — pack 'circuit' decoded&#xD;
dtrh: participant stop begin&#xD;
dtrh: participant stop end&#xD;
dtrh: payload root 'C:\Code\Conditioning-Control-Panel---CSharp-WPF\.worktrees\spine-20260812T203752\lane-1\client\tests\CcpClient.HeadlessTests\bin\Debug\net10.0\payload\dtrh' -&gt; Present (1542 files)&#xD;
dtrh-loopback: page+media origins bound on 127.0.0.1 (ephemeral)&#xD;
layout-probe: card 488.0x92.0 DIP @ scale 1 @ screen 16,44&#xD;
dtrh: participant stop begin&#xD;
dtrh: participant stop end&#xD;
[xUnit.net 00:00:17.67]   Finished:    CcpClient.HeadlessTests (ID = 'ebf54b590c778d235d99f9e7ac1925e34ebd3d59aedb0bf7b720c3a8c5ce48d1')&#xD;
</StdOut>
    </Output>
  </ResultSummary>
</TestRun>